2025-11-09 18:22:34,148 - INFO - ================================================================================
2025-11-09 18:22:34,148 - INFO - Alberta Scraper - TEST RUN
2025-11-09 18:22:34,148 - INFO - ================================================================================
2025-11-09 18:22:34,148 - INFO - Test keywords: ['data analyst', 'business analyst', 'policy analyst']
2025-11-09 18:22:34,148 - INFO - Running with VISIBLE browser (headless=False)
2025-11-09 18:22:34,148 - INFO - 
2025-11-09 18:22:35,781 - INFO - Starting job search...
2025-11-09 18:22:35,781 - INFO - Searching for keyword: 'data analyst'
2025-11-09 18:22:43,472 - INFO - Processing page 1 for keyword: 'data analyst'
2025-11-09 18:22:43,505 - INFO - Found 25 jobs on page 1
2025-11-09 18:22:43,507 - INFO - Navigating to next page: https://jobpostings.alberta.ca?q=data+analyst&startrow=25
2025-11-09 18:22:47,074 - INFO - Processing page 2 for keyword: 'data analyst'
2025-11-09 18:22:47,106 - INFO - No results table found on page 2
2025-11-09 18:22:47,106 - INFO - Found 25 total jobs for keyword: 'data analyst'
2025-11-09 18:22:47,106 - INFO - Searching for keyword: 'business analyst'
2025-11-09 18:22:52,937 - INFO - Processing page 1 for keyword: 'business analyst'
2025-11-09 18:22:52,972 - INFO - Found 25 jobs on page 1
2025-11-09 18:22:52,974 - INFO - Navigating to next page: https://jobpostings.alberta.ca?q=business+analyst&startrow=25
2025-11-09 18:22:56,541 - INFO - Processing page 2 for keyword: 'business analyst'
2025-11-09 18:22:56,563 - INFO - No results table found on page 2
2025-11-09 18:22:56,563 - INFO - Found 25 total jobs for keyword: 'business analyst'
2025-11-09 18:22:56,563 - INFO - Searching for keyword: 'policy analyst'
2025-11-09 18:23:02,203 - INFO - Processing page 1 for keyword: 'policy analyst'
2025-11-09 18:23:02,239 - INFO - Found 25 jobs on page 1
2025-11-09 18:23:02,240 - INFO - Navigating to next page: https://jobpostings.alberta.ca?q=policy+analyst&startrow=25
2025-11-09 18:23:05,762 - INFO - Processing page 2 for keyword: 'policy analyst'
2025-11-09 18:23:05,789 - INFO - No results table found on page 2
2025-11-09 18:23:05,789 - INFO - Found 25 total jobs for keyword: 'policy analyst'
2025-11-09 18:23:05,789 - INFO - Total unique jobs found: 36
2025-11-09 18:23:05,789 - INFO - 
2025-11-09 18:23:05,789 - INFO - ================================================================================
2025-11-09 18:23:05,789 - INFO - Search Results Summary
2025-11-09 18:23:05,789 - INFO - ================================================================================
2025-11-09 18:23:05,789 - INFO - Keywords searched: 3
2025-11-09 18:23:05,789 - INFO - Unique jobs found: 36
2025-11-09 18:23:05,789 - INFO - 
2025-11-09 18:23:05,789 - INFO - Starting detailed job scraping...
2025-11-09 18:23:05,789 - INFO - 
2025-11-09 18:23:05,789 - INFO - [1/36] Scraping job 597090317: Project Data Analyst
2025-11-09 18:23:07,951 - INFO - Saved HTML to /Users/agirgis/Downloads/public_jobs_scraper/data/AB/job_html/ab_job_597090317.html
2025-11-09 18:23:07,975 - INFO - Saved JSON to /Users/agirgis/Downloads/public_jobs_scraper/data/AB/jobs_json/ab_job_597090317.json
2025-11-09 18:23:08,979 - INFO - [2/36] Scraping job 597006917: Land Analyst
2025-11-09 18:23:11,149 - INFO - Saved HTML to /Users/agirgis/Downloads/public_jobs_scraper/data/AB/job_html/ab_job_597006917.html
2025-11-09 18:23:11,169 - INFO - Saved JSON to /Users/agirgis/Downloads/public_jobs_scraper/data/AB/jobs_json/ab_job_597006917.json
2025-11-09 18:23:12,174 - INFO - [3/36] Scraping job 597203917: Senior Data Analyst
2025-11-09 18:23:14,373 - INFO - Saved HTML to /Users/agirgis/Downloads/public_jobs_scraper/data/AB/job_html/ab_job_597203917.html
2025-11-09 18:23:14,394 - INFO - Saved JSON to /Users/agirgis/Downloads/public_jobs_scraper/data/AB/jobs_json/ab_job_597203917.json
2025-11-09 18:23:15,399 - INFO - [4/36] Scraping job 597197417: Data Analyst
2025-11-09 18:23:18,696 - INFO - Saved HTML to /Users/agirgis/Downloads/public_jobs_scraper/data/AB/job_html/ab_job_597197417.html
2025-11-09 18:23:18,716 - INFO - Saved JSON to /Users/agirgis/Downloads/public_jobs_scraper/data/AB/jobs_json/ab_job_597197417.json
2025-11-09 18:23:19,717 - INFO - [5/36] Scraping job 596917117: Senior Budget Analyst
2025-11-09 18:23:21,969 - INFO - Saved HTML to /Users/agirgis/Downloads/public_jobs_scraper/data/AB/job_html/ab_job_596917117.html
2025-11-09 18:23:21,993 - INFO - Saved JSON to /Users/agirgis/Downloads/public_jobs_scraper/data/AB/jobs_json/ab_job_596917117.json
2025-11-09 18:23:22,998 - INFO - [6/36] Scraping job 597190817: Program Reporting Analyst
2025-11-09 18:23:25,216 - INFO - Saved HTML to /Users/agirgis/Downloads/public_jobs_scraper/data/AB/job_html/ab_job_597190817.html
2025-11-09 18:23:25,235 - INFO - Saved JSON to /Users/agirgis/Downloads/public_jobs_scraper/data/AB/jobs_json/ab_job_597190817.json
2025-11-09 18:23:26,240 - INFO - [7/36] Scraping job 597082817: Environmental GIS Analyst
2025-11-09 18:23:28,473 - INFO - Saved HTML to /Users/agirgis/Downloads/public_jobs_scraper/data/AB/job_html/ab_job_597082817.html
2025-11-09 18:23:28,494 - INFO - Saved JSON to /Users/agirgis/Downloads/public_jobs_scraper/data/AB/jobs_json/ab_job_597082817.json
2025-11-09 18:23:29,499 - INFO - [8/36] Scraping job 596888517: Financial Reporting Analyst
2025-11-09 18:23:31,715 - INFO - Saved HTML to /Users/agirgis/Downloads/public_jobs_scraper/data/AB/job_html/ab_job_596888517.html
2025-11-09 18:23:31,736 - INFO - Saved JSON to /Users/agirgis/Downloads/public_jobs_scraper/data/AB/jobs_json/ab_job_596888517.json
2025-11-09 18:23:32,737 - INFO - [9/36] Scraping job 597084417: Intelligence Collator & Analyst
2025-11-09 18:23:34,954 - INFO - Saved HTML to /Users/agirgis/Downloads/public_jobs_scraper/data/AB/job_html/ab_job_597084417.html
2025-11-09 18:23:34,976 - INFO - Saved JSON to /Users/agirgis/Downloads/public_jobs_scraper/data/AB/jobs_json/ab_job_597084417.json
2025-11-09 18:23:35,981 - INFO - [10/36] Scraping job 596918117: Senior Business Analyst
2025-11-09 18:23:38,191 - INFO - Saved HTML to /Users/agirgis/Downloads/public_jobs_scraper/data/AB/job_html/ab_job_596918117.html
2025-11-09 18:23:38,211 - INFO - Saved JSON to /Users/agirgis/Downloads/public_jobs_scraper/data/AB/jobs_json/ab_job_596918117.json
2025-11-09 18:23:39,214 - INFO - [11/36] Scraping job 597117117: Manager, Legislative Planner & Senior Legislative Analyst
2025-11-09 18:23:41,429 - INFO - Saved HTML to /Users/agirgis/Downloads/public_jobs_scraper/data/AB/job_html/ab_job_597117117.html
2025-11-09 18:23:41,450 - INFO - Saved JSON to /Users/agirgis/Downloads/public_jobs_scraper/data/AB/jobs_json/ab_job_597117117.json
2025-11-09 18:23:42,456 - INFO - [12/36] Scraping job 595743417: Senior Analyst Rate Review
2025-11-09 18:23:44,645 - INFO - Saved HTML to /Users/agirgis/Downloads/public_jobs_scraper/data/AB/job_html/ab_job_595743417.html
2025-11-09 18:23:44,666 - INFO - Saved JSON to /Users/agirgis/Downloads/public_jobs_scraper/data/AB/jobs_json/ab_job_595743417.json
2025-11-09 18:23:45,672 - INFO - [13/36] Scraping job 597230417: Election Policy Analyst
2025-11-09 18:23:47,890 - INFO - Saved HTML to /Users/agirgis/Downloads/public_jobs_scraper/data/AB/job_html/ab_job_597230417.html
2025-11-09 18:23:47,909 - INFO - Saved JSON to /Users/agirgis/Downloads/public_jobs_scraper/data/AB/jobs_json/ab_job_597230417.json
2025-11-09 18:23:48,915 - INFO - [14/36] Scraping job 596875517: Knowledge, Information & Technology Officer
2025-11-09 18:23:51,128 - INFO - Saved HTML to /Users/agirgis/Downloads/public_jobs_scraper/data/AB/job_html/ab_job_596875517.html
2025-11-09 18:23:51,149 - INFO - Saved JSON to /Users/agirgis/Downloads/public_jobs_scraper/data/AB/jobs_json/ab_job_596875517.json
2025-11-09 18:23:52,155 - INFO - [15/36] Scraping job 594287217: Wildfire Dispatch Supervisor
2025-11-09 18:23:54,351 - INFO - Saved HTML to /Users/agirgis/Downloads/public_jobs_scraper/data/AB/job_html/ab_job_594287217.html
2025-11-09 18:23:54,386 - INFO - Saved JSON to /Users/agirgis/Downloads/public_jobs_scraper/data/AB/jobs_json/ab_job_594287217.json
2025-11-09 18:23:55,391 - INFO - [16/36] Scraping job 595802817: Wildfire Dispatch Supervisor
2025-11-09 18:23:57,598 - INFO - Saved HTML to /Users/agirgis/Downloads/public_jobs_scraper/data/AB/job_html/ab_job_595802817.html
2025-11-09 18:23:57,618 - INFO - Saved JSON to /Users/agirgis/Downloads/public_jobs_scraper/data/AB/jobs_json/ab_job_595802817.json
2025-11-09 18:23:58,624 - INFO - [17/36] Scraping job 597208217: Records Management Supervisor
2025-11-09 18:24:00,835 - INFO - Saved HTML to /Users/agirgis/Downloads/public_jobs_scraper/data/AB/job_html/ab_job_597208217.html
2025-11-09 18:24:00,855 - INFO - Saved JSON to /Users/agirgis/Downloads/public_jobs_scraper/data/AB/jobs_json/ab_job_597208217.json
2025-11-09 18:24:01,860 - INFO - [18/36] Scraping job 595830517: Enterprise Architect
2025-11-09 18:24:04,049 - INFO - Saved HTML to /Users/agirgis/Downloads/public_jobs_scraper/data/AB/job_html/ab_job_595830517.html
2025-11-09 18:24:04,070 - INFO - Saved JSON to /Users/agirgis/Downloads/public_jobs_scraper/data/AB/jobs_json/ab_job_595830517.json
2025-11-09 18:24:05,075 - INFO - [19/36] Scraping job 597167717: Junior Hydrogeologist
2025-11-09 18:24:07,243 - INFO - Saved HTML to /Users/agirgis/Downloads/public_jobs_scraper/data/AB/job_html/ab_job_597167717.html
2025-11-09 18:24:07,269 - INFO - Saved JSON to /Users/agirgis/Downloads/public_jobs_scraper/data/AB/jobs_json/ab_job_597167717.json
2025-11-09 18:24:08,274 - INFO - [20/36] Scraping job 597025117: Alberta Crown Prosecution Services - Business Strategist
2025-11-09 18:24:10,478 - INFO - Saved HTML to /Users/agirgis/Downloads/public_jobs_scraper/data/AB/job_html/ab_job_597025117.html
2025-11-09 18:24:10,499 - INFO - Saved JSON to /Users/agirgis/Downloads/public_jobs_scraper/data/AB/jobs_json/ab_job_597025117.json
2025-11-09 18:24:11,504 - INFO - [21/36] Scraping job 596424917: Regulatory Specialist
2025-11-09 18:24:13,711 - INFO - Saved HTML to /Users/agirgis/Downloads/public_jobs_scraper/data/AB/job_html/ab_job_596424917.html
2025-11-09 18:24:13,732 - INFO - Saved JSON to /Users/agirgis/Downloads/public_jobs_scraper/data/AB/jobs_json/ab_job_596424917.json
2025-11-09 18:24:14,737 - INFO - [22/36] Scraping job 596255917: Senior Fisheries Technician
2025-11-09 18:24:16,939 - INFO - Saved HTML to /Users/agirgis/Downloads/public_jobs_scraper/data/AB/job_html/ab_job_596255917.html
2025-11-09 18:24:16,959 - INFO - Saved JSON to /Users/agirgis/Downloads/public_jobs_scraper/data/AB/jobs_json/ab_job_596255917.json
2025-11-09 18:24:17,965 - INFO - [23/36] Scraping job 596901217: Regional Technical Advisor
2025-11-09 18:24:20,142 - INFO - Saved HTML to /Users/agirgis/Downloads/public_jobs_scraper/data/AB/job_html/ab_job_596901217.html
2025-11-09 18:24:20,154 - INFO - Saved JSON to /Users/agirgis/Downloads/public_jobs_scraper/data/AB/jobs_json/ab_job_596901217.json
2025-11-09 18:24:21,159 - INFO - [24/36] Scraping job 576670017: Senior Fisheries Biologist
2025-11-09 18:24:23,353 - INFO - Saved HTML to /Users/agirgis/Downloads/public_jobs_scraper/data/AB/job_html/ab_job_576670017.html
2025-11-09 18:24:23,375 - INFO - Saved JSON to /Users/agirgis/Downloads/public_jobs_scraper/data/AB/jobs_json/ab_job_576670017.json
2025-11-09 18:24:24,380 - INFO - [25/36] Scraping job 597164717: Senior Policy Advisor
2025-11-09 18:24:26,572 - INFO - Saved HTML to /Users/agirgis/Downloads/public_jobs_scraper/data/AB/job_html/ab_job_597164717.html
2025-11-09 18:24:26,592 - INFO - Saved JSON to /Users/agirgis/Downloads/public_jobs_scraper/data/AB/jobs_json/ab_job_597164717.json
2025-11-09 18:24:27,594 - INFO - [26/36] Scraping job 594816317: Administrative Supervisor
2025-11-09 18:24:29,770 - INFO - Saved HTML to /Users/agirgis/Downloads/public_jobs_scraper/data/AB/job_html/ab_job_594816317.html
2025-11-09 18:24:29,786 - INFO - Saved JSON to /Users/agirgis/Downloads/public_jobs_scraper/data/AB/jobs_json/ab_job_594816317.json
2025-11-09 18:24:30,788 - INFO - [27/36] Scraping job 597246917: Senior Policy Advisor
2025-11-09 18:24:32,967 - INFO - Saved HTML to /Users/agirgis/Downloads/public_jobs_scraper/data/AB/job_html/ab_job_597246917.html
2025-11-09 18:24:32,986 - INFO - Saved JSON to /Users/agirgis/Downloads/public_jobs_scraper/data/AB/jobs_json/ab_job_597246917.json
2025-11-09 18:24:33,992 - INFO - [28/36] Scraping job 597158217: Senior Lease Negotiator
2025-11-09 18:24:36,180 - INFO - Saved HTML to /Users/agirgis/Downloads/public_jobs_scraper/data/AB/job_html/ab_job_597158217.html
2025-11-09 18:24:36,199 - INFO - Saved JSON to /Users/agirgis/Downloads/public_jobs_scraper/data/AB/jobs_json/ab_job_597158217.json
2025-11-09 18:24:37,204 - INFO - [29/36] Scraping job 597123517: Planning & Performance Measures Consultant
2025-11-09 18:24:39,374 - INFO - Saved HTML to /Users/agirgis/Downloads/public_jobs_scraper/data/AB/job_html/ab_job_597123517.html
2025-11-09 18:24:39,391 - INFO - Saved JSON to /Users/agirgis/Downloads/public_jobs_scraper/data/AB/jobs_json/ab_job_597123517.json
2025-11-09 18:24:40,393 - INFO - [30/36] Scraping job 597048817: Contract and Grant Specialist
2025-11-09 18:24:42,586 - INFO - Saved HTML to /Users/agirgis/Downloads/public_jobs_scraper/data/AB/job_html/ab_job_597048817.html
2025-11-09 18:24:42,607 - INFO - Saved JSON to /Users/agirgis/Downloads/public_jobs_scraper/data/AB/jobs_json/ab_job_597048817.json
2025-11-09 18:24:43,611 - INFO - [31/36] Scraping job 597102417: Project Assistant
2025-11-09 18:24:45,786 - INFO - Saved HTML to /Users/agirgis/Downloads/public_jobs_scraper/data/AB/job_html/ab_job_597102417.html
2025-11-09 18:24:45,806 - INFO - Saved JSON to /Users/agirgis/Downloads/public_jobs_scraper/data/AB/jobs_json/ab_job_597102417.json
2025-11-09 18:24:46,811 - INFO - [32/36] Scraping job 590942217: Nurse Consultant, Communicable Disease
2025-11-09 18:24:48,986 - INFO - Saved HTML to /Users/agirgis/Downloads/public_jobs_scraper/data/AB/job_html/ab_job_590942217.html
2025-11-09 18:24:49,013 - INFO - Saved JSON to /Users/agirgis/Downloads/public_jobs_scraper/data/AB/jobs_json/ab_job_590942217.json
2025-11-09 18:24:50,013 - INFO - [33/36] Scraping job 596940817: Director, Child Support Recalculation Program and Family Support Orders Services Policy
2025-11-09 18:24:52,201 - INFO - Saved HTML to /Users/agirgis/Downloads/public_jobs_scraper/data/AB/job_html/ab_job_596940817.html
2025-11-09 18:24:52,223 - INFO - Saved JSON to /Users/agirgis/Downloads/public_jobs_scraper/data/AB/jobs_json/ab_job_596940817.json
2025-11-09 18:24:53,228 - INFO - [34/36] Scraping job 597162017: Senior Indigenous Policy Implementation Specialist
2025-11-09 18:24:55,403 - INFO - Saved HTML to /Users/agirgis/Downloads/public_jobs_scraper/data/AB/job_html/ab_job_597162017.html
2025-11-09 18:24:55,424 - INFO - Saved JSON to /Users/agirgis/Downloads/public_jobs_scraper/data/AB/jobs_json/ab_job_597162017.json
2025-11-09 18:24:56,430 - INFO - [35/36] Scraping job 596597617: Nurse Consultant, Immunization
2025-11-09 18:24:58,637 - INFO - Saved HTML to /Users/agirgis/Downloads/public_jobs_scraper/data/AB/job_html/ab_job_596597617.html
2025-11-09 18:24:58,659 - INFO - Saved JSON to /Users/agirgis/Downloads/public_jobs_scraper/data/AB/jobs_json/ab_job_596597617.json
2025-11-09 18:24:59,664 - INFO - [36/36] Scraping job 596844017: Director,Policy and Serv Coord
2025-11-09 18:25:01,856 - INFO - Saved HTML to /Users/agirgis/Downloads/public_jobs_scraper/data/AB/job_html/ab_job_596844017.html
2025-11-09 18:25:01,877 - INFO - Saved JSON to /Users/agirgis/Downloads/public_jobs_scraper/data/AB/jobs_json/ab_job_596844017.json
2025-11-09 18:25:02,879 - INFO - 
2025-11-09 18:25:02,880 - INFO - ================================================================================
2025-11-09 18:25:02,880 - INFO - TEST RUN COMPLETE
2025-11-09 18:25:02,880 - INFO - ================================================================================
2025-11-09 18:25:02,880 - INFO - Successfully scraped: 36
2025-11-09 18:25:02,880 - INFO - Errors: 0
2025-11-09 18:25:02,880 - INFO - Total jobs: 36
2025-11-09 18:25:02,880 - INFO - 
2025-11-09 18:25:02,880 - INFO - Keeping browser open for 5 seconds...
2025-11-09 18:25:08,071 - INFO - Browser closed
