[2025-11-09 05:00:02] INFO: ================================================================================
[2025-11-09 05:00:02] INFO: Saskatchewan Government Job Scraper
[2025-11-09 05:00:02] INFO: ================================================================================
[2025-11-09 05:00:02] INFO: Started at: 2025-11-09 05:00:02
[2025-11-09 05:00:02] INFO: Data directory: /Users/agirgis/Downloads/public_jobs_scraper/data/SAS
[2025-11-09 05:00:02] INFO: Headless mode: False
[2025-11-09 05:00:02] INFO: ================================================================================
[2025-11-09 05:00:02] INFO: ✓ Loaded 43 keywords from list-of-jobs.txt
[2025-11-09 05:00:02] INFO: 🔍 Searching for 43 keywords
[2025-11-09 05:00:02] INFO: ================================================================================
[2025-11-09 05:00:03] INFO: ================================================================================
[2025-11-09 05:00:03] INFO: Keyword 1/43: Business Analyst
[2025-11-09 05:00:03] INFO: ================================================================================
[2025-11-09 05:00:03] INFO: 🔍 Searching for: 'Business Analyst'
[2025-11-09 05:00:20] ERROR:   ✗ Error extracting job links: Page.wait_for_selector: Timeout 10000ms exceeded.
Call log:
  - waiting for locator("table#jobs, div.search-results, span.result") to be visible

[2025-11-09 05:00:20] INFO: ✓ Total matching jobs for 'Business Analyst': 0
[2025-11-09 05:00:20] INFO: ✓ Completed keyword 'Business Analyst': 0 jobs scraped, 0 duplicates skipped
[2025-11-09 05:00:20] INFO: ⏱ Waiting 3s before next keyword...
[2025-11-09 05:00:23] INFO: ================================================================================
[2025-11-09 05:00:23] INFO: Keyword 2/43: Business Consultant
[2025-11-09 05:00:23] INFO: ================================================================================
[2025-11-09 05:00:23] INFO: 🔍 Searching for: 'Business Consultant'
[2025-11-09 05:00:40] ERROR:   ✗ Error extracting job links: Page.wait_for_selector: Timeout 10000ms exceeded.
Call log:
  - waiting for locator("table#jobs, div.search-results, span.result") to be visible

[2025-11-09 05:00:40] INFO: ✓ Total matching jobs for 'Business Consultant': 0
[2025-11-09 05:00:40] INFO: ✓ Completed keyword 'Business Consultant': 0 jobs scraped, 0 duplicates skipped
[2025-11-09 05:00:40] INFO: ⏱ Waiting 3s before next keyword...
[2025-11-09 05:00:43] INFO: ================================================================================
[2025-11-09 05:00:43] INFO: Keyword 3/43: Business Systems Analyst
[2025-11-09 05:00:43] INFO: ================================================================================
[2025-11-09 05:00:43] INFO: 🔍 Searching for: 'Business Systems Analyst'
[2025-11-09 05:01:00] ERROR:   ✗ Error extracting job links: Page.wait_for_selector: Timeout 10000ms exceeded.
Call log:
  - waiting for locator("table#jobs, div.search-results, span.result") to be visible

[2025-11-09 05:01:00] INFO: ✓ Total matching jobs for 'Business Systems Analyst': 0
[2025-11-09 05:01:00] INFO: ✓ Completed keyword 'Business Systems Analyst': 0 jobs scraped, 0 duplicates skipped
[2025-11-09 05:01:00] INFO: ⏱ Waiting 3s before next keyword...
[2025-11-09 05:01:03] INFO: ================================================================================
[2025-11-09 05:01:03] INFO: Keyword 4/43: Data Analyst
[2025-11-09 05:01:03] INFO: ================================================================================
[2025-11-09 05:01:03] INFO: 🔍 Searching for: 'Data Analyst'
[2025-11-09 05:01:18] ERROR:   ✗ Error extracting job links: Page.wait_for_selector: Timeout 10000ms exceeded.
Call log:
  - waiting for locator("table#jobs, div.search-results, span.result") to be visible

[2025-11-09 05:01:18] INFO: ✓ Total matching jobs for 'Data Analyst': 0
[2025-11-09 05:01:18] INFO: ✓ Completed keyword 'Data Analyst': 0 jobs scraped, 0 duplicates skipped
[2025-11-09 05:01:18] INFO: ⏱ Waiting 3s before next keyword...
[2025-11-09 05:01:21] INFO: ================================================================================
[2025-11-09 05:01:21] INFO: Keyword 5/43: Database Administrator
[2025-11-09 05:01:21] INFO: ================================================================================
[2025-11-09 05:01:21] INFO: 🔍 Searching for: 'Database Administrator'
[2025-11-09 05:01:38] ERROR:   ✗ Error extracting job links: Page.wait_for_selector: Timeout 10000ms exceeded.
Call log:
  - waiting for locator("table#jobs, div.search-results, span.result") to be visible

[2025-11-09 05:01:38] INFO: ✓ Total matching jobs for 'Database Administrator': 0
[2025-11-09 05:01:38] INFO: ✓ Completed keyword 'Database Administrator': 0 jobs scraped, 0 duplicates skipped
[2025-11-09 05:01:38] INFO: ⏱ Waiting 3s before next keyword...
[2025-11-09 05:01:41] INFO: ================================================================================
[2025-11-09 05:01:41] INFO: Keyword 6/43: Data Entry Clerk
[2025-11-09 05:01:41] INFO: ================================================================================
[2025-11-09 05:01:41] INFO: 🔍 Searching for: 'Data Entry Clerk'
[2025-11-09 05:01:58] ERROR:   ✗ Error extracting job links: Page.wait_for_selector: Timeout 10000ms exceeded.
Call log:
  - waiting for locator("table#jobs, div.search-results, span.result") to be visible

[2025-11-09 05:01:58] INFO: ✓ Total matching jobs for 'Data Entry Clerk': 0
[2025-11-09 05:01:58] INFO: ✓ Completed keyword 'Data Entry Clerk': 0 jobs scraped, 0 duplicates skipped
[2025-11-09 05:01:58] INFO: ⏱ Waiting 3s before next keyword...
[2025-11-09 05:02:01] INFO: ================================================================================
[2025-11-09 05:02:01] INFO: Keyword 7/43: Economist
[2025-11-09 05:02:01] INFO: ================================================================================
[2025-11-09 05:02:01] INFO: 🔍 Searching for: 'Economist'
[2025-11-09 05:02:17] ERROR:   ✗ Error extracting job links: Page.wait_for_selector: Timeout 10000ms exceeded.
Call log:
  - waiting for locator("table#jobs, div.search-results, span.result") to be visible

[2025-11-09 05:02:17] INFO: ✓ Total matching jobs for 'Economist': 0
[2025-11-09 05:02:17] INFO: ✓ Completed keyword 'Economist': 0 jobs scraped, 0 duplicates skipped
[2025-11-09 05:02:17] INFO: ⏱ Waiting 3s before next keyword...
[2025-11-09 05:02:20] INFO: ================================================================================
[2025-11-09 05:02:20] INFO: Keyword 8/43: Finance Officer
[2025-11-09 05:02:20] INFO: ================================================================================
[2025-11-09 05:02:20] INFO: 🔍 Searching for: 'Finance Officer'
[2025-11-09 05:02:35] ERROR:   ✗ Error extracting job links: Page.wait_for_selector: Timeout 10000ms exceeded.
Call log:
  - waiting for locator("table#jobs, div.search-results, span.result") to be visible

[2025-11-09 05:02:35] INFO: ✓ Total matching jobs for 'Finance Officer': 0
[2025-11-09 05:02:35] INFO: ✓ Completed keyword 'Finance Officer': 0 jobs scraped, 0 duplicates skipped
[2025-11-09 05:02:35] INFO: ⏱ Waiting 3s before next keyword...
[2025-11-09 05:02:38] INFO: ================================================================================
[2025-11-09 05:02:38] INFO: Keyword 9/43: Governance Officer
[2025-11-09 05:02:38] INFO: ================================================================================
[2025-11-09 05:02:38] INFO: 🔍 Searching for: 'Governance Officer'
[2025-11-09 05:02:54] ERROR:   ✗ Error extracting job links: Page.wait_for_selector: Timeout 10000ms exceeded.
Call log:
  - waiting for locator("table#jobs, div.search-results, span.result") to be visible

[2025-11-09 05:02:54] INFO: ✓ Total matching jobs for 'Governance Officer': 0
[2025-11-09 05:02:54] INFO: ✓ Completed keyword 'Governance Officer': 0 jobs scraped, 0 duplicates skipped
[2025-11-09 05:02:54] INFO: ⏱ Waiting 3s before next keyword...
[2025-11-09 05:02:57] INFO: ================================================================================
[2025-11-09 05:02:57] INFO: Keyword 10/43: Information Officer
[2025-11-09 05:02:57] INFO: ================================================================================
[2025-11-09 05:02:57] INFO: 🔍 Searching for: 'Information Officer'
[2025-11-09 05:03:14] ERROR:   ✗ Error extracting job links: Page.wait_for_selector: Timeout 10000ms exceeded.
Call log:
  - waiting for locator("table#jobs, div.search-results, span.result") to be visible

[2025-11-09 05:03:14] INFO: ✓ Total matching jobs for 'Information Officer': 0
[2025-11-09 05:03:14] INFO: ✓ Completed keyword 'Information Officer': 0 jobs scraped, 0 duplicates skipped
[2025-11-09 05:03:14] INFO: ⏱ Waiting 3s before next keyword...
[2025-11-09 05:03:17] INFO: ================================================================================
[2025-11-09 05:03:17] INFO: Keyword 11/43: Investment Analyst
[2025-11-09 05:03:17] INFO: ================================================================================
[2025-11-09 05:03:17] INFO: 🔍 Searching for: 'Investment Analyst'
[2025-11-09 05:03:33] ERROR:   ✗ Error extracting job links: Page.wait_for_selector: Timeout 10000ms exceeded.
Call log:
  - waiting for locator("table#jobs, div.search-results, span.result") to be visible

[2025-11-09 05:03:33] INFO: ✓ Total matching jobs for 'Investment Analyst': 0
[2025-11-09 05:03:33] INFO: ✓ Completed keyword 'Investment Analyst': 0 jobs scraped, 0 duplicates skipped
[2025-11-09 05:03:33] INFO: ⏱ Waiting 3s before next keyword...
[2025-11-09 05:03:36] INFO: ================================================================================
[2025-11-09 05:03:36] INFO: Keyword 12/43: IT Analyst
[2025-11-09 05:03:36] INFO: ================================================================================
[2025-11-09 05:03:36] INFO: 🔍 Searching for: 'IT Analyst'
[2025-11-09 05:03:53] ERROR:   ✗ Error extracting job links: Page.wait_for_selector: Timeout 10000ms exceeded.
Call log:
  - waiting for locator("table#jobs, div.search-results, span.result") to be visible

[2025-11-09 05:03:53] INFO: ✓ Total matching jobs for 'IT Analyst': 0
[2025-11-09 05:03:53] INFO: ✓ Completed keyword 'IT Analyst': 0 jobs scraped, 0 duplicates skipped
[2025-11-09 05:03:53] INFO: ⏱ Waiting 3s before next keyword...
[2025-11-09 05:03:56] INFO: ================================================================================
[2025-11-09 05:03:56] INFO: Keyword 13/43: Junior Data Analyst
[2025-11-09 05:03:56] INFO: ================================================================================
[2025-11-09 05:03:56] INFO: 🔍 Searching for: 'Junior Data Analyst'
[2025-11-09 05:04:12] ERROR:   ✗ Error extracting job links: Page.wait_for_selector: Timeout 10000ms exceeded.
Call log:
  - waiting for locator("table#jobs, div.search-results, span.result") to be visible

[2025-11-09 05:04:12] INFO: ✓ Total matching jobs for 'Junior Data Analyst': 0
[2025-11-09 05:04:12] INFO: ✓ Completed keyword 'Junior Data Analyst': 0 jobs scraped, 0 duplicates skipped
[2025-11-09 05:04:12] INFO: ⏱ Waiting 3s before next keyword...
[2025-11-09 05:04:15] INFO: ================================================================================
[2025-11-09 05:04:15] INFO: Keyword 14/43: Junior Financial Analyst
[2025-11-09 05:04:15] INFO: ================================================================================
[2025-11-09 05:04:15] INFO: 🔍 Searching for: 'Junior Financial Analyst'
[2025-11-09 05:04:33] ERROR:   ✗ Error extracting job links: Page.wait_for_selector: Timeout 10000ms exceeded.
Call log:
  - waiting for locator("table#jobs, div.search-results, span.result") to be visible

[2025-11-09 05:04:33] INFO: ✓ Total matching jobs for 'Junior Financial Analyst': 0
[2025-11-09 05:04:33] INFO: ✓ Completed keyword 'Junior Financial Analyst': 0 jobs scraped, 0 duplicates skipped
[2025-11-09 05:04:33] INFO: ⏱ Waiting 3s before next keyword...
[2025-11-09 05:04:36] INFO: ================================================================================
[2025-11-09 05:04:36] INFO: Keyword 15/43: Junior Policy Analyst
[2025-11-09 05:04:36] INFO: ================================================================================
[2025-11-09 05:04:36] INFO: 🔍 Searching for: 'Junior Policy Analyst'
[2025-11-09 05:04:52] ERROR:   ✗ Error extracting job links: Page.wait_for_selector: Timeout 10000ms exceeded.
Call log:
  - waiting for locator("table#jobs, div.search-results, span.result") to be visible

[2025-11-09 05:04:52] INFO: ✓ Total matching jobs for 'Junior Policy Analyst': 0
[2025-11-09 05:04:52] INFO: ✓ Completed keyword 'Junior Policy Analyst': 0 jobs scraped, 0 duplicates skipped
[2025-11-09 05:04:52] INFO: ⏱ Waiting 3s before next keyword...
[2025-11-09 05:04:55] INFO: ================================================================================
[2025-11-09 05:04:55] INFO: Keyword 16/43: Junior Research Analyst
[2025-11-09 05:04:55] INFO: ================================================================================
[2025-11-09 05:04:55] INFO: 🔍 Searching for: 'Junior Research Analyst'
[2025-11-09 05:05:11] ERROR:   ✗ Error extracting job links: Page.wait_for_selector: Timeout 10000ms exceeded.
Call log:
  - waiting for locator("table#jobs, div.search-results, span.result") to be visible

[2025-11-09 05:05:11] INFO: ✓ Total matching jobs for 'Junior Research Analyst': 0
[2025-11-09 05:05:11] INFO: ✓ Completed keyword 'Junior Research Analyst': 0 jobs scraped, 0 duplicates skipped
[2025-11-09 05:05:11] INFO: ⏱ Waiting 3s before next keyword...
[2025-11-09 05:05:14] INFO: ================================================================================
[2025-11-09 05:05:14] INFO: Keyword 17/43: Manager
[2025-11-09 05:05:14] INFO: ================================================================================
[2025-11-09 05:05:14] INFO: 🔍 Searching for: 'Manager'
[2025-11-09 05:05:30] ERROR:   ✗ Error extracting job links: Page.wait_for_selector: Timeout 10000ms exceeded.
Call log:
  - waiting for locator("table#jobs, div.search-results, span.result") to be visible

[2025-11-09 05:05:30] INFO: ✓ Total matching jobs for 'Manager': 0
[2025-11-09 05:05:30] INFO: ✓ Completed keyword 'Manager': 0 jobs scraped, 0 duplicates skipped
[2025-11-09 05:05:30] INFO: ⏱ Waiting 3s before next keyword...
[2025-11-09 05:05:33] INFO: ================================================================================
[2025-11-09 05:05:33] INFO: Keyword 18/43: Network Administrator
[2025-11-09 05:05:33] INFO: ================================================================================
[2025-11-09 05:05:33] INFO: 🔍 Searching for: 'Network Administrator'
[2025-11-09 05:05:50] ERROR:   ✗ Error extracting job links: Page.wait_for_selector: Timeout 10000ms exceeded.
Call log:
  - waiting for locator("table#jobs, div.search-results, span.result") to be visible

[2025-11-09 05:05:50] INFO: ✓ Total matching jobs for 'Network Administrator': 0
[2025-11-09 05:05:50] INFO: ✓ Completed keyword 'Network Administrator': 0 jobs scraped, 0 duplicates skipped
[2025-11-09 05:05:50] INFO: ⏱ Waiting 3s before next keyword...
[2025-11-09 05:05:53] INFO: ================================================================================
[2025-11-09 05:05:53] INFO: Keyword 19/43: Platform Analyst
[2025-11-09 05:05:53] INFO: ================================================================================
[2025-11-09 05:05:53] INFO: 🔍 Searching for: 'Platform Analyst'
[2025-11-09 05:06:09] ERROR:   ✗ Error extracting job links: Page.wait_for_selector: Timeout 10000ms exceeded.
Call log:
  - waiting for locator("table#jobs, div.search-results, span.result") to be visible

[2025-11-09 05:06:09] INFO: ✓ Total matching jobs for 'Platform Analyst': 0
[2025-11-09 05:06:09] INFO: ✓ Completed keyword 'Platform Analyst': 0 jobs scraped, 0 duplicates skipped
[2025-11-09 05:06:09] INFO: ⏱ Waiting 3s before next keyword...
[2025-11-09 05:06:12] INFO: ================================================================================
[2025-11-09 05:06:12] INFO: Keyword 20/43: Policy Advisor
[2025-11-09 05:06:12] INFO: ================================================================================
[2025-11-09 05:06:12] INFO: 🔍 Searching for: 'Policy Advisor'
[2025-11-09 05:06:28] ERROR:   ✗ Error extracting job links: Page.wait_for_selector: Timeout 10000ms exceeded.
Call log:
  - waiting for locator("table#jobs, div.search-results, span.result") to be visible

[2025-11-09 05:06:28] INFO: ✓ Total matching jobs for 'Policy Advisor': 0
[2025-11-09 05:06:28] INFO: ✓ Completed keyword 'Policy Advisor': 0 jobs scraped, 0 duplicates skipped
[2025-11-09 05:06:28] INFO: ⏱ Waiting 3s before next keyword...
[2025-11-09 05:06:31] INFO: ================================================================================
[2025-11-09 05:06:31] INFO: Keyword 21/43: Policy Analyst
[2025-11-09 05:06:31] INFO: ================================================================================
[2025-11-09 05:06:31] INFO: 🔍 Searching for: 'Policy Analyst'
[2025-11-09 05:06:48] ERROR:   ✗ Error extracting job links: Page.wait_for_selector: Timeout 10000ms exceeded.
Call log:
  - waiting for locator("table#jobs, div.search-results, span.result") to be visible

[2025-11-09 05:06:48] INFO: ✓ Total matching jobs for 'Policy Analyst': 0
[2025-11-09 05:06:48] INFO: ✓ Completed keyword 'Policy Analyst': 0 jobs scraped, 0 duplicates skipped
[2025-11-09 05:06:48] INFO: ⏱ Waiting 3s before next keyword...
[2025-11-09 05:06:51] INFO: ================================================================================
[2025-11-09 05:06:51] INFO: Keyword 22/43: Program Administration Officer
[2025-11-09 05:06:51] INFO: ================================================================================
[2025-11-09 05:06:51] INFO: 🔍 Searching for: 'Program Administration Officer'
[2025-11-09 05:07:07] ERROR:   ✗ Error extracting job links: Page.wait_for_selector: Timeout 10000ms exceeded.
Call log:
  - waiting for locator("table#jobs, div.search-results, span.result") to be visible

[2025-11-09 05:07:07] INFO: ✓ Total matching jobs for 'Program Administration Officer': 0
[2025-11-09 05:07:07] INFO: ✓ Completed keyword 'Program Administration Officer': 0 jobs scraped, 0 duplicates skipped
[2025-11-09 05:07:07] INFO: ⏱ Waiting 3s before next keyword...
[2025-11-09 05:07:10] INFO: ================================================================================
[2025-11-09 05:07:10] INFO: Keyword 23/43: Program Analyst
[2025-11-09 05:07:10] INFO: ================================================================================
[2025-11-09 05:07:10] INFO: 🔍 Searching for: 'Program Analyst'
[2025-11-09 05:07:27] ERROR:   ✗ Error extracting job links: Page.wait_for_selector: Timeout 10000ms exceeded.
Call log:
  - waiting for locator("table#jobs, div.search-results, span.result") to be visible

[2025-11-09 05:07:27] INFO: ✓ Total matching jobs for 'Program Analyst': 0
[2025-11-09 05:07:27] INFO: ✓ Completed keyword 'Program Analyst': 0 jobs scraped, 0 duplicates skipped
[2025-11-09 05:07:27] INFO: ⏱ Waiting 3s before next keyword...
[2025-11-09 05:07:30] INFO: ================================================================================
[2025-11-09 05:07:30] INFO: Keyword 24/43: Program Coordinator
[2025-11-09 05:07:30] INFO: ================================================================================
[2025-11-09 05:07:30] INFO: 🔍 Searching for: 'Program Coordinator'
[2025-11-09 05:07:46] ERROR:   ✗ Error extracting job links: Page.wait_for_selector: Timeout 10000ms exceeded.
Call log:
  - waiting for locator("table#jobs, div.search-results, span.result") to be visible

[2025-11-09 05:07:46] INFO: ✓ Total matching jobs for 'Program Coordinator': 0
[2025-11-09 05:07:46] INFO: ✓ Completed keyword 'Program Coordinator': 0 jobs scraped, 0 duplicates skipped
[2025-11-09 05:07:46] INFO: ⏱ Waiting 3s before next keyword...
[2025-11-09 05:07:49] INFO: ================================================================================
[2025-11-09 05:07:49] INFO: Keyword 25/43: Program Officer
[2025-11-09 05:07:49] INFO: ================================================================================
[2025-11-09 05:07:49] INFO: 🔍 Searching for: 'Program Officer'
[2025-11-09 05:08:05] ERROR:   ✗ Error extracting job links: Page.wait_for_selector: Timeout 10000ms exceeded.
Call log:
  - waiting for locator("table#jobs, div.search-results, span.result") to be visible

[2025-11-09 05:08:05] INFO: ✓ Total matching jobs for 'Program Officer': 0
[2025-11-09 05:08:05] INFO: ✓ Completed keyword 'Program Officer': 0 jobs scraped, 0 duplicates skipped
[2025-11-09 05:08:05] INFO: ⏱ Waiting 3s before next keyword...
[2025-11-09 05:08:08] INFO: ================================================================================
[2025-11-09 05:08:08] INFO: Keyword 26/43: Project Coordinator
[2025-11-09 05:08:08] INFO: ================================================================================
[2025-11-09 05:08:08] INFO: 🔍 Searching for: 'Project Coordinator'
[2025-11-09 05:08:24] ERROR:   ✗ Error extracting job links: Page.wait_for_selector: Timeout 10000ms exceeded.
Call log:
  - waiting for locator("table#jobs, div.search-results, span.result") to be visible

[2025-11-09 05:08:24] INFO: ✓ Total matching jobs for 'Project Coordinator': 0
[2025-11-09 05:08:24] INFO: ✓ Completed keyword 'Project Coordinator': 0 jobs scraped, 0 duplicates skipped
[2025-11-09 05:08:24] INFO: ⏱ Waiting 3s before next keyword...
[2025-11-09 05:08:27] INFO: ================================================================================
[2025-11-09 05:08:27] INFO: Keyword 27/43: Project Manager
[2025-11-09 05:08:27] INFO: ================================================================================
[2025-11-09 05:08:27] INFO: 🔍 Searching for: 'Project Manager'
[2025-11-09 05:08:43] ERROR:   ✗ Error extracting job links: Page.wait_for_selector: Timeout 10000ms exceeded.
Call log:
  - waiting for locator("table#jobs, div.search-results, span.result") to be visible

[2025-11-09 05:08:43] INFO: ✓ Total matching jobs for 'Project Manager': 0
[2025-11-09 05:08:43] INFO: ✓ Completed keyword 'Project Manager': 0 jobs scraped, 0 duplicates skipped
[2025-11-09 05:08:43] INFO: ⏱ Waiting 3s before next keyword...
[2025-11-09 05:08:46] INFO: ================================================================================
[2025-11-09 05:08:46] INFO: Keyword 28/43: Project Officer
[2025-11-09 05:08:46] INFO: ================================================================================
[2025-11-09 05:08:46] INFO: 🔍 Searching for: 'Project Officer'
[2025-11-09 05:09:02] ERROR:   ✗ Error extracting job links: Page.wait_for_selector: Timeout 10000ms exceeded.
Call log:
  - waiting for locator("table#jobs, div.search-results, span.result") to be visible

[2025-11-09 05:09:02] INFO: ✓ Total matching jobs for 'Project Officer': 0
[2025-11-09 05:09:02] INFO: ✓ Completed keyword 'Project Officer': 0 jobs scraped, 0 duplicates skipped
[2025-11-09 05:09:02] INFO: ⏱ Waiting 3s before next keyword...
[2025-11-09 05:09:05] INFO: ================================================================================
[2025-11-09 05:09:05] INFO: Keyword 29/43: Research Analyst
[2025-11-09 05:09:05] INFO: ================================================================================
[2025-11-09 05:09:05] INFO: 🔍 Searching for: 'Research Analyst'
[2025-11-09 05:09:21] ERROR:   ✗ Error extracting job links: Page.wait_for_selector: Timeout 10000ms exceeded.
Call log:
  - waiting for locator("table#jobs, div.search-results, span.result") to be visible

[2025-11-09 05:09:21] INFO: ✓ Total matching jobs for 'Research Analyst': 0
[2025-11-09 05:09:21] INFO: ✓ Completed keyword 'Research Analyst': 0 jobs scraped, 0 duplicates skipped
[2025-11-09 05:09:21] INFO: ⏱ Waiting 3s before next keyword...
[2025-11-09 05:09:24] INFO: ================================================================================
[2025-11-09 05:09:24] INFO: Keyword 30/43: Research Associate
[2025-11-09 05:09:24] INFO: ================================================================================
[2025-11-09 05:09:24] INFO: 🔍 Searching for: 'Research Associate'
[2025-11-09 05:09:40] ERROR:   ✗ Error extracting job links: Page.wait_for_selector: Timeout 10000ms exceeded.
Call log:
  - waiting for locator("table#jobs, div.search-results, span.result") to be visible

[2025-11-09 05:09:40] INFO: ✓ Total matching jobs for 'Research Associate': 0
[2025-11-09 05:09:40] INFO: ✓ Completed keyword 'Research Associate': 0 jobs scraped, 0 duplicates skipped
[2025-11-09 05:09:40] INFO: ⏱ Waiting 3s before next keyword...
[2025-11-09 05:09:43] INFO: ================================================================================
[2025-11-09 05:09:43] INFO: Keyword 31/43: Research Officer
[2025-11-09 05:09:43] INFO: ================================================================================
[2025-11-09 05:09:43] INFO: 🔍 Searching for: 'Research Officer'
[2025-11-09 05:09:59] ERROR:   ✗ Error extracting job links: Page.wait_for_selector: Timeout 10000ms exceeded.
Call log:
  - waiting for locator("table#jobs, div.search-results, span.result") to be visible

[2025-11-09 05:09:59] INFO: ✓ Total matching jobs for 'Research Officer': 0
[2025-11-09 05:09:59] INFO: ✓ Completed keyword 'Research Officer': 0 jobs scraped, 0 duplicates skipped
[2025-11-09 05:09:59] INFO: ⏱ Waiting 3s before next keyword...
[2025-11-09 05:10:02] INFO: ================================================================================
[2025-11-09 05:10:02] INFO: Keyword 32/43: Researcher
[2025-11-09 05:10:02] INFO: ================================================================================
[2025-11-09 05:10:02] INFO: 🔍 Searching for: 'Researcher'
[2025-11-09 05:10:19] ERROR:   ✗ Error extracting job links: Page.wait_for_selector: Timeout 10000ms exceeded.
Call log:
  - waiting for locator("table#jobs, div.search-results, span.result") to be visible

[2025-11-09 05:10:19] INFO: ✓ Total matching jobs for 'Researcher': 0
[2025-11-09 05:10:19] INFO: ✓ Completed keyword 'Researcher': 0 jobs scraped, 0 duplicates skipped
[2025-11-09 05:10:19] INFO: ⏱ Waiting 3s before next keyword...
[2025-11-09 05:10:22] INFO: ================================================================================
[2025-11-09 05:10:22] INFO: Keyword 33/43: Senior Analyst
[2025-11-09 05:10:22] INFO: ================================================================================
[2025-11-09 05:10:22] INFO: 🔍 Searching for: 'Senior Analyst'
[2025-11-09 05:10:38] ERROR:   ✗ Error extracting job links: Page.wait_for_selector: Timeout 10000ms exceeded.
Call log:
  - waiting for locator("table#jobs, div.search-results, span.result") to be visible

[2025-11-09 05:10:38] INFO: ✓ Total matching jobs for 'Senior Analyst': 0
[2025-11-09 05:10:38] INFO: ✓ Completed keyword 'Senior Analyst': 0 jobs scraped, 0 duplicates skipped
[2025-11-09 05:10:38] INFO: ⏱ Waiting 3s before next keyword...
