[2025-11-09 04:57:07] INFO: ================================================================================
[2025-11-09 04:57:07] INFO: Saskatchewan Government Job Scraper
[2025-11-09 04:57:07] INFO: ================================================================================
[2025-11-09 04:57:07] INFO: Started at: 2025-11-09 04:57:07
[2025-11-09 04:57:07] INFO: Data directory: /Users/agirgis/Downloads/public_jobs_scraper/data/SAS
[2025-11-09 04:57:07] INFO: Headless mode: False
[2025-11-09 04:57:07] INFO: ================================================================================
[2025-11-09 04:57:07] INFO: ✓ Loaded 43 keywords from list-of-jobs.txt
[2025-11-09 04:57:07] INFO: 🔍 Searching for 43 keywords
[2025-11-09 04:57:07] INFO: ================================================================================
[2025-11-09 04:57:08] INFO: ================================================================================
[2025-11-09 04:57:08] INFO: Keyword 1/43: Business Analyst
[2025-11-09 04:57:08] INFO: ================================================================================
[2025-11-09 04:57:08] INFO: 🔍 Searching for: 'Business Analyst'
[2025-11-09 04:57:15] INFO:   📋 Found 0 jobs on this page
[2025-11-09 04:57:15] INFO:   ✓ Extracted 0 matching jobs from page
[2025-11-09 04:57:15] INFO: ✓ Total matching jobs for 'Business Analyst': 0
[2025-11-09 04:57:15] INFO: ✓ Completed keyword 'Business Analyst': 0 jobs scraped, 0 duplicates skipped
[2025-11-09 04:57:15] INFO: ⏱ Waiting 3s before next keyword...
[2025-11-09 04:57:18] INFO: ================================================================================
[2025-11-09 04:57:18] INFO: Keyword 2/43: Business Consultant
[2025-11-09 04:57:18] INFO: ================================================================================
[2025-11-09 04:57:18] INFO: 🔍 Searching for: 'Business Consultant'
[2025-11-09 04:57:25] INFO:   📋 Found 0 jobs on this page
[2025-11-09 04:57:25] INFO:   ✓ Extracted 0 matching jobs from page
[2025-11-09 04:57:25] INFO: ✓ Total matching jobs for 'Business Consultant': 0
[2025-11-09 04:57:25] INFO: ✓ Completed keyword 'Business Consultant': 0 jobs scraped, 0 duplicates skipped
[2025-11-09 04:57:25] INFO: ⏱ Waiting 3s before next keyword...
[2025-11-09 04:57:28] INFO: ================================================================================
[2025-11-09 04:57:28] INFO: Keyword 3/43: Business Systems Analyst
[2025-11-09 04:57:28] INFO: ================================================================================
[2025-11-09 04:57:28] INFO: 🔍 Searching for: 'Business Systems Analyst'
[2025-11-09 04:57:35] INFO:   📋 Found 0 jobs on this page
[2025-11-09 04:57:35] INFO:   ✓ Extracted 0 matching jobs from page
[2025-11-09 04:57:35] INFO: ✓ Total matching jobs for 'Business Systems Analyst': 0
[2025-11-09 04:57:35] INFO: ✓ Completed keyword 'Business Systems Analyst': 0 jobs scraped, 0 duplicates skipped
[2025-11-09 04:57:35] INFO: ⏱ Waiting 3s before next keyword...
[2025-11-09 04:57:38] INFO: ================================================================================
[2025-11-09 04:57:38] INFO: Keyword 4/43: Data Analyst
[2025-11-09 04:57:38] INFO: ================================================================================
[2025-11-09 04:57:38] INFO: 🔍 Searching for: 'Data Analyst'
[2025-11-09 04:57:44] INFO:   📋 Found 0 jobs on this page
[2025-11-09 04:57:44] INFO:   ✓ Extracted 0 matching jobs from page
[2025-11-09 04:57:44] INFO: ✓ Total matching jobs for 'Data Analyst': 0
[2025-11-09 04:57:44] INFO: ✓ Completed keyword 'Data Analyst': 0 jobs scraped, 0 duplicates skipped
[2025-11-09 04:57:44] INFO: ⏱ Waiting 3s before next keyword...
[2025-11-09 04:57:47] INFO: ================================================================================
[2025-11-09 04:57:47] INFO: Keyword 5/43: Database Administrator
[2025-11-09 04:57:47] INFO: ================================================================================
[2025-11-09 04:57:47] INFO: 🔍 Searching for: 'Database Administrator'
