[2025-11-09 05:20:53] INFO: ================================================================================
[2025-11-09 05:20:53] INFO: Saskatchewan Government Job Scraper
[2025-11-09 05:20:53] INFO: ================================================================================
[2025-11-09 05:20:53] INFO: Started at: 2025-11-09 05:20:53
[2025-11-09 05:20:53] INFO: Data directory: /Users/agirgis/Downloads/public_jobs_scraper/data/SAS
[2025-11-09 05:20:53] INFO: Headless mode: False
[2025-11-09 05:20:53] INFO: ================================================================================
[2025-11-09 05:20:53] INFO: ✓ Loaded 43 keywords from list-of-jobs.txt
[2025-11-09 05:20:53] INFO: 🔍 Searching for 43 keywords
[2025-11-09 05:20:53] INFO: ================================================================================
[2025-11-09 05:20:54] INFO: ================================================================================
[2025-11-09 05:20:54] INFO: Keyword 1/43: Business Analyst
[2025-11-09 05:20:54] INFO: ================================================================================
[2025-11-09 05:20:54] INFO: 🔍 Searching for: 'Business Analyst'
[2025-11-09 05:21:02] INFO:   📋 Found 5 jobs on this page
[2025-11-09 05:21:02] INFO:   ✓ MATCH: 'Director, Research and Analysis' → 'Junior Research Analyst' (score: 90)
[2025-11-09 05:21:02] INFO:   ✓ MATCH: 'System Configuration Analyst' → 'Business Analyst' (score: 90)
[2025-11-09 05:21:02] INFO:   ✓ MATCH: 'Senior Policy Analyst (Health)' → 'Policy Analyst' (score: 100)
[2025-11-09 05:21:02] INFO:   ✓ MATCH: 'Financial Analyst' → 'Business Analyst' (score: 90)
[2025-11-09 05:21:02] INFO:   ✓ MATCH: 'Business Analyst' → 'Business Analyst' (score: 100)
[2025-11-09 05:21:02] INFO:   ✓ Extracted 5 matching jobs from page
[2025-11-09 05:21:02] INFO: ✓ Total matching jobs for 'Business Analyst': 5
[2025-11-09 05:21:02] INFO: 📋 [1/5] Scraping: Director, Research and Analysis
[2025-11-09 05:21:02] INFO:   📄 Parsing job: Director, Research and Analysis
[2025-11-09 05:22:32] WARNING: pipe closed by peer or os.write(pipe, data) raised exception.
[2025-11-09 05:22:32] ERROR: Future exception was never retrieved
future: <Future finished exception=TargetClosedError('Target page, context or browser has been closed')>
playwright._impl._errors.TargetClosedError: Target page, context or browser has been closed
[2025-11-09 05:22:32] ERROR: Future exception was never retrieved
future: <Future finished exception=TargetClosedError('Target page, context or browser has been closed')>
playwright._impl._errors.TargetClosedError: Target page, context or browser has been closed
[2025-11-09 05:22:32] ERROR: Future exception was never retrieved
future: <Future finished exception=TargetClosedError('Target page, context or browser has been closed')>
playwright._impl._errors.TargetClosedError: Target page, context or browser has been closed
[2025-11-09 05:22:32] ERROR: Future exception was never retrieved
future: <Future finished exception=TargetClosedError('Target page, context or browser has been closed')>
playwright._impl._errors.TargetClosedError: Target page, context or browser has been closed
[2025-11-09 05:22:32] ERROR: Future exception was never retrieved
future: <Future finished exception=TargetClosedError('Target page, context or browser has been closed')>
playwright._impl._errors.TargetClosedError: Target page, context or browser has been closed
[2025-11-09 05:22:32] ERROR: Future exception was never retrieved
future: <Future finished exception=TargetClosedError('Target page, context or browser has been closed')>
playwright._impl._errors.TargetClosedError: Target page, context or browser has been closed
[2025-11-09 05:22:32] ERROR: Future exception was never retrieved
future: <Future finished exception=TargetClosedError('Target page, context or browser has been closed')>
playwright._impl._errors.TargetClosedError: Target page, context or browser has been closed
