[2025-11-09 14:44:30] INFO: ================================================================================
[2025-11-09 14:44:30] INFO: Saskatchewan Government Job Scraper
[2025-11-09 14:44:30] INFO: ================================================================================
[2025-11-09 14:44:30] INFO: Started at: 2025-11-09 14:44:30
[2025-11-09 14:44:30] INFO: Data directory: /Users/agirgis/Downloads/public_jobs_scraper/data/SAS
[2025-11-09 14:44:30] INFO: Headless mode: False
[2025-11-09 14:44:30] INFO: ================================================================================
[2025-11-09 14:44:30] INFO: ✓ Loaded 43 keywords from list-of-jobs.txt
[2025-11-09 14:44:30] INFO: 🔍 Searching for 43 keywords
[2025-11-09 14:44:30] INFO: ================================================================================
[2025-11-09 14:44:32] INFO: ================================================================================
[2025-11-09 14:44:32] INFO: Keyword 1/43: Business Analyst
[2025-11-09 14:44:32] INFO: ================================================================================
[2025-11-09 14:44:32] INFO: 🔍 Searching for: 'Business Analyst'
[2025-11-09 14:44:38] INFO:   📋 Found 5 jobs on this page
[2025-11-09 14:44:38] INFO:   ✓ MATCH: 'Director, Research and Analysis' → 'Junior Research Analyst' (score: 90)
[2025-11-09 14:44:38] INFO:   ✓ MATCH: 'System Configuration Analyst' → 'Business Analyst' (score: 90)
[2025-11-09 14:44:38] INFO:   ✓ MATCH: 'Senior Policy Analyst (Health)' → 'Policy Analyst' (score: 100)
[2025-11-09 14:44:38] INFO:   ✓ MATCH: 'Financial Analyst' → 'Business Analyst' (score: 90)
[2025-11-09 14:44:38] INFO:   ✓ MATCH: 'Business Analyst' → 'Business Analyst' (score: 100)
[2025-11-09 14:44:38] INFO:   ✓ Extracted 5 matching jobs from page
[2025-11-09 14:44:38] INFO: ✓ Total matching jobs for 'Business Analyst': 5
[2025-11-09 14:44:38] INFO: ⏭️  [1/5] Skipping duplicate job 736475: Director, Research and Analysis
[2025-11-09 14:44:38] INFO: 📋 [2/5] Scraping: System Configuration Analyst
[2025-11-09 14:44:38] INFO:   📄 Parsing job: System Configuration Analyst
[2025-11-09 14:44:42] INFO:   ✓ Successfully parsed job 736281
[2025-11-09 14:44:42] INFO:   💾 Saved JSON: sas_job_736281.json
[2025-11-09 14:44:42] INFO: ✓ [2/5] Successfully scraped job 736281
[2025-11-09 14:44:45] INFO: 📋 [3/5] Scraping: Senior Policy Analyst (Health)
[2025-11-09 14:44:45] INFO:   📄 Parsing job: Senior Policy Analyst (Health)
[2025-11-09 14:44:50] INFO:   ✓ Successfully parsed job 736401
[2025-11-09 14:44:50] INFO:   💾 Saved JSON: sas_job_736401.json
[2025-11-09 14:44:50] INFO: ✓ [3/5] Successfully scraped job 736401
[2025-11-09 14:44:54] INFO: 📋 [4/5] Scraping: Financial Analyst
[2025-11-09 14:44:54] INFO:   📄 Parsing job: Financial Analyst
[2025-11-09 14:44:58] INFO:   ✓ Successfully parsed job 736430
[2025-11-09 14:44:58] INFO:   💾 Saved JSON: sas_job_736430.json
[2025-11-09 14:44:58] INFO: ✓ [4/5] Successfully scraped job 736430
[2025-11-09 14:45:01] INFO: 📋 [5/5] Scraping: Business Analyst
[2025-11-09 14:45:01] INFO:   📄 Parsing job: Business Analyst
[2025-11-09 14:45:06] INFO:   ✓ Successfully parsed job 736098
[2025-11-09 14:45:06] INFO:   💾 Saved JSON: sas_job_736098.json
[2025-11-09 14:45:06] INFO: ✓ [5/5] Successfully scraped job 736098
[2025-11-09 14:45:08] INFO: ✓ Completed keyword 'Business Analyst': 4 jobs scraped, 1 duplicates skipped
[2025-11-09 14:45:08] INFO: ⏱ Waiting 3s before next keyword...
[2025-11-09 14:45:11] INFO: ================================================================================
[2025-11-09 14:45:11] INFO: Keyword 2/43: Business Consultant
[2025-11-09 14:45:11] INFO: ================================================================================
[2025-11-09 14:45:11] INFO: 🔍 Searching for: 'Business Consultant'
[2025-11-09 14:45:18] INFO:   📋 Found 2 jobs on this page
[2025-11-09 14:45:18] INFO:   ✓ MATCH: 'Financial Analyst' → 'Business Analyst' (score: 90)
[2025-11-09 14:45:18] INFO:   ✓ MATCH: 'Senior Labour Relations Consultant' → 'Business Consultant' (score: 90)
[2025-11-09 14:45:18] INFO:   ✓ Extracted 2 matching jobs from page
[2025-11-09 14:45:18] INFO: ✓ Total matching jobs for 'Business Consultant': 2
[2025-11-09 14:45:18] INFO: ⏭️  [1/2] Skipping duplicate job 736430: Financial Analyst
[2025-11-09 14:45:18] INFO: 📋 [2/2] Scraping: Senior Labour Relations Consultant
[2025-11-09 14:45:18] INFO:   📄 Parsing job: Senior Labour Relations Consultant
[2025-11-09 14:45:22] INFO:   ✓ Successfully parsed job 736293
[2025-11-09 14:45:22] INFO:   💾 Saved JSON: sas_job_736293.json
[2025-11-09 14:45:22] INFO: ✓ [2/2] Successfully scraped job 736293
[2025-11-09 14:45:24] INFO: ✓ Completed keyword 'Business Consultant': 1 jobs scraped, 1 duplicates skipped
[2025-11-09 14:45:24] INFO: ⏱ Waiting 3s before next keyword...
[2025-11-09 14:45:27] INFO: ================================================================================
[2025-11-09 14:45:27] INFO: Keyword 3/43: Business Systems Analyst
[2025-11-09 14:45:27] INFO: ================================================================================
[2025-11-09 14:45:27] INFO: 🔍 Searching for: 'Business Systems Analyst'
[2025-11-09 14:45:34] INFO:   📋 Found 4 jobs on this page
[2025-11-09 14:45:34] INFO:   ✓ MATCH: 'Director, Research and Analysis' → 'Junior Research Analyst' (score: 90)
[2025-11-09 14:45:34] INFO:   ✓ MATCH: 'System Configuration Analyst' → 'Business Analyst' (score: 90)
[2025-11-09 14:45:34] INFO:   ✓ MATCH: 'Financial Analyst' → 'Business Analyst' (score: 90)
[2025-11-09 14:45:34] INFO:   ✓ MATCH: 'Business Analyst' → 'Business Analyst' (score: 100)
[2025-11-09 14:45:34] INFO:   ✓ Extracted 4 matching jobs from page
[2025-11-09 14:45:34] INFO: ✓ Total matching jobs for 'Business Systems Analyst': 4
[2025-11-09 14:45:34] INFO: ⏭️  [1/4] Skipping duplicate job 736475: Director, Research and Analysis
[2025-11-09 14:45:34] INFO: ⏭️  [2/4] Skipping duplicate job 736281: System Configuration Analyst
[2025-11-09 14:45:34] INFO: ⏭️  [3/4] Skipping duplicate job 736430: Financial Analyst
[2025-11-09 14:45:34] INFO: ⏭️  [4/4] Skipping duplicate job 736098: Business Analyst
[2025-11-09 14:45:34] INFO: ✓ Completed keyword 'Business Systems Analyst': 0 jobs scraped, 4 duplicates skipped
[2025-11-09 14:45:34] INFO: ⏱ Waiting 3s before next keyword...
[2025-11-09 14:45:37] INFO: ================================================================================
[2025-11-09 14:45:37] INFO: Keyword 4/43: Data Analyst
[2025-11-09 14:45:37] INFO: ================================================================================
[2025-11-09 14:45:37] INFO: 🔍 Searching for: 'Data Analyst'
[2025-11-09 14:45:42] INFO:   📋 Found 5 jobs on this page
[2025-11-09 14:45:42] INFO:   ✓ MATCH: 'Director, Research and Analysis' → 'Junior Research Analyst' (score: 90)
[2025-11-09 14:45:42] INFO:   ✓ MATCH: 'System Configuration Analyst' → 'Business Analyst' (score: 90)
[2025-11-09 14:45:42] INFO:   ✓ MATCH: 'Senior Policy Analyst (Health)' → 'Policy Analyst' (score: 100)
[2025-11-09 14:45:42] INFO:   ✓ MATCH: 'Financial Analyst' → 'Business Analyst' (score: 90)
[2025-11-09 14:45:42] INFO:   ✓ MATCH: 'Senior Trade Policy Analyst' → 'Policy Analyst' (score: 100)
[2025-11-09 14:45:42] INFO:   ✓ Extracted 5 matching jobs from page
[2025-11-09 14:45:42] INFO: ✓ Total matching jobs for 'Data Analyst': 5
[2025-11-09 14:45:42] INFO: ⏭️  [1/5] Skipping duplicate job 736475: Director, Research and Analysis
[2025-11-09 14:45:42] INFO: ⏭️  [2/5] Skipping duplicate job 736281: System Configuration Analyst
[2025-11-09 14:45:42] INFO: ⏭️  [3/5] Skipping duplicate job 736401: Senior Policy Analyst (Health)
[2025-11-09 14:45:42] INFO: ⏭️  [4/5] Skipping duplicate job 736430: Financial Analyst
[2025-11-09 14:45:42] INFO: 📋 [5/5] Scraping: Senior Trade Policy Analyst
[2025-11-09 14:45:42] INFO:   📄 Parsing job: Senior Trade Policy Analyst
[2025-11-09 14:45:46] INFO:   ✓ Successfully parsed job 736272
[2025-11-09 14:45:46] INFO:   💾 Saved JSON: sas_job_736272.json
[2025-11-09 14:45:46] INFO: ✓ [5/5] Successfully scraped job 736272
[2025-11-09 14:45:49] INFO: ✓ Completed keyword 'Data Analyst': 1 jobs scraped, 4 duplicates skipped
[2025-11-09 14:45:49] INFO: ⏱ Waiting 3s before next keyword...
[2025-11-09 14:45:52] INFO: ================================================================================
[2025-11-09 14:45:52] INFO: Keyword 5/43: Database Administrator
[2025-11-09 14:45:52] INFO: ================================================================================
[2025-11-09 14:45:52] INFO: 🔍 Searching for: 'Database Administrator'
[2025-11-09 14:46:07] ERROR:   ✗ Error extracting job links: Page.wait_for_selector: Timeout 10000ms exceeded.
Call log:
  - waiting for locator("table#requisitionListInterface\\.listRequisition") to be visible
    25 × locator resolved to hidden <table cellpadding="0" cellspacing="0" role="presentation" class="contentlist" id="requisitionListInterface.listRequisition">…</table>

[2025-11-09 14:46:07] INFO: ✓ Total matching jobs for 'Database Administrator': 0
[2025-11-09 14:46:07] INFO: ✓ Completed keyword 'Database Administrator': 0 jobs scraped, 0 duplicates skipped
[2025-11-09 14:46:07] INFO: ⏱ Waiting 3s before next keyword...
[2025-11-09 14:46:10] INFO: ================================================================================
[2025-11-09 14:46:10] INFO: Keyword 6/43: Data Entry Clerk
[2025-11-09 14:46:10] INFO: ================================================================================
[2025-11-09 14:46:10] INFO: 🔍 Searching for: 'Data Entry Clerk'
[2025-11-09 14:46:26] ERROR:   ✗ Error extracting job links: Page.wait_for_selector: Timeout 10000ms exceeded.
Call log:
  - waiting for locator("table#requisitionListInterface\\.listRequisition") to be visible
    25 × locator resolved to hidden <table cellpadding="0" cellspacing="0" role="presentation" class="contentlist" id="requisitionListInterface.listRequisition">…</table>

[2025-11-09 14:46:26] INFO: ✓ Total matching jobs for 'Data Entry Clerk': 0
[2025-11-09 14:46:26] INFO: ✓ Completed keyword 'Data Entry Clerk': 0 jobs scraped, 0 duplicates skipped
[2025-11-09 14:46:26] INFO: ⏱ Waiting 3s before next keyword...
[2025-11-09 14:46:29] INFO: ================================================================================
[2025-11-09 14:46:29] INFO: Keyword 7/43: Economist
[2025-11-09 14:46:29] INFO: ================================================================================
[2025-11-09 14:46:29] INFO: 🔍 Searching for: 'Economist'
[2025-11-09 14:46:45] ERROR:   ✗ Error extracting job links: Page.wait_for_selector: Timeout 10000ms exceeded.
Call log:
  - waiting for locator("table#requisitionListInterface\\.listRequisition") to be visible
    25 × locator resolved to hidden <table cellpadding="0" cellspacing="0" role="presentation" class="contentlist" id="requisitionListInterface.listRequisition">…</table>

[2025-11-09 14:46:45] INFO: ✓ Total matching jobs for 'Economist': 0
[2025-11-09 14:46:45] INFO: ✓ Completed keyword 'Economist': 0 jobs scraped, 0 duplicates skipped
[2025-11-09 14:46:45] INFO: ⏱ Waiting 3s before next keyword...
[2025-11-09 14:46:48] INFO: ================================================================================
[2025-11-09 14:46:48] INFO: Keyword 8/43: Finance Officer
[2025-11-09 14:46:48] INFO: ================================================================================
[2025-11-09 14:46:48] INFO: 🔍 Searching for: 'Finance Officer'
[2025-11-09 14:47:05] ERROR:   ✗ Error extracting job links: Page.wait_for_selector: Timeout 10000ms exceeded.
Call log:
  - waiting for locator("table#requisitionListInterface\\.listRequisition") to be visible
    25 × locator resolved to hidden <table cellpadding="0" cellspacing="0" role="presentation" class="contentlist" id="requisitionListInterface.listRequisition">…</table>

[2025-11-09 14:47:05] INFO: ✓ Total matching jobs for 'Finance Officer': 0
[2025-11-09 14:47:05] INFO: ✓ Completed keyword 'Finance Officer': 0 jobs scraped, 0 duplicates skipped
[2025-11-09 14:47:05] INFO: ⏱ Waiting 3s before next keyword...
[2025-11-09 14:47:08] INFO: ================================================================================
[2025-11-09 14:47:08] INFO: Keyword 9/43: Governance Officer
[2025-11-09 14:47:08] INFO: ================================================================================
[2025-11-09 14:47:08] INFO: 🔍 Searching for: 'Governance Officer'
[2025-11-09 14:47:15] INFO:   📋 Found 1 jobs on this page
[2025-11-09 14:47:15] INFO:   ✓ MATCH: 'Research & Training Officer' → 'Research Officer' (score: 95)
[2025-11-09 14:47:15] INFO:   ✓ Extracted 1 matching jobs from page
[2025-11-09 14:47:15] INFO: ✓ Total matching jobs for 'Governance Officer': 1
[2025-11-09 14:47:15] INFO: 📋 [1/1] Scraping: Research & Training Officer
[2025-11-09 14:47:15] INFO:   📄 Parsing job: Research & Training Officer
[2025-11-09 14:47:19] INFO:   ✓ Successfully parsed job 736556
[2025-11-09 14:47:19] INFO:   💾 Saved JSON: sas_job_736556.json
[2025-11-09 14:47:19] INFO: ✓ [1/1] Successfully scraped job 736556
[2025-11-09 14:47:23] INFO: ✓ Completed keyword 'Governance Officer': 1 jobs scraped, 0 duplicates skipped
[2025-11-09 14:47:23] INFO: ⏱ Waiting 3s before next keyword...
[2025-11-09 14:47:26] INFO: ================================================================================
[2025-11-09 14:47:26] INFO: Keyword 10/43: Information Officer
[2025-11-09 14:47:26] INFO: ================================================================================
[2025-11-09 14:47:26] INFO: 🔍 Searching for: 'Information Officer'
[2025-11-09 14:47:33] INFO:   📋 Found 8 jobs on this page
[2025-11-09 14:47:33] INFO:   ✓ MATCH: 'Correctional Officer' → 'Finance Officer' (score: 90)
[2025-11-09 14:47:33] INFO:   ✓ MATCH: 'Judicial Officer, Provincial Court' → 'Finance Officer' (score: 90)
[2025-11-09 14:47:33] INFO:   ✓ MATCH: 'Junior Environmental Protection Officer - Eligibility List' → 'Finance Officer' (score: 90)
[2025-11-09 14:47:33] INFO:   ✓ MATCH: 'Environmental Protection Officer - Eligibility List' → 'Finance Officer' (score: 90)
[2025-11-09 14:47:33] INFO:   ✓ MATCH: 'Collection Officer' → 'Finance Officer' (score: 90)
[2025-11-09 14:47:33] INFO:   ✓ MATCH: 'Traffic Officer' → 'Finance Officer' (score: 90)
[2025-11-09 14:47:33] INFO:   ✓ MATCH: 'Deputy Chief Medical Health Officer' → 'Finance Officer' (score: 90)
[2025-11-09 14:47:33] INFO:   ✓ Extracted 7 matching jobs from page
[2025-11-09 14:47:33] INFO: ✓ Total matching jobs for 'Information Officer': 7
[2025-11-09 14:47:33] INFO: 📋 [1/7] Scraping: Correctional Officer
[2025-11-09 14:47:33] INFO:   📄 Parsing job: Correctional Officer
[2025-11-09 14:47:36] INFO:   ✓ Successfully parsed job 736523
[2025-11-09 14:47:36] INFO:   💾 Saved JSON: sas_job_736523.json
[2025-11-09 14:47:36] INFO: ✓ [1/7] Successfully scraped job 736523
[2025-11-09 14:47:40] INFO: 📋 [2/7] Scraping: Judicial Officer, Provincial Court
[2025-11-09 14:47:40] INFO:   📄 Parsing job: Judicial Officer, Provincial Court
[2025-11-09 14:47:44] INFO:   ✓ Successfully parsed job 734346
[2025-11-09 14:47:44] INFO:   💾 Saved JSON: sas_job_734346.json
[2025-11-09 14:47:44] INFO: ✓ [2/7] Successfully scraped job 734346
[2025-11-09 14:47:46] INFO: 📋 [3/7] Scraping: Junior Environmental Protection Officer - Eligibility List
[2025-11-09 14:47:46] INFO:   📄 Parsing job: Junior Environmental Protection Officer - Eligibility List
[2025-11-09 14:47:50] INFO:   ✓ Successfully parsed job 736431
[2025-11-09 14:47:50] INFO:   💾 Saved JSON: sas_job_736431.json
[2025-11-09 14:47:50] INFO: ✓ [3/7] Successfully scraped job 736431
[2025-11-09 14:47:54] INFO: 📋 [4/7] Scraping: Environmental Protection Officer - Eligibility List
[2025-11-09 14:47:54] INFO:   📄 Parsing job: Environmental Protection Officer - Eligibility List
[2025-11-09 14:47:57] INFO:   ✓ Successfully parsed job 736445
[2025-11-09 14:47:57] INFO:   💾 Saved JSON: sas_job_736445.json
[2025-11-09 14:47:57] INFO: ✓ [4/7] Successfully scraped job 736445
[2025-11-09 14:48:00] INFO: 📋 [5/7] Scraping: Collection Officer
[2025-11-09 14:48:00] INFO:   📄 Parsing job: Collection Officer
[2025-11-09 14:48:05] INFO:   ✓ Successfully parsed job 736470
[2025-11-09 14:48:05] INFO:   💾 Saved JSON: sas_job_736470.json
[2025-11-09 14:48:05] INFO: ✓ [5/7] Successfully scraped job 736470
[2025-11-09 14:48:07] INFO: 📋 [6/7] Scraping: Traffic Officer
[2025-11-09 14:48:07] INFO:   📄 Parsing job: Traffic Officer
[2025-11-09 14:48:12] INFO:   ✓ Successfully parsed job 735222
[2025-11-09 14:48:12] INFO:   💾 Saved JSON: sas_job_735222.json
[2025-11-09 14:48:12] INFO: ✓ [6/7] Successfully scraped job 735222
[2025-11-09 14:48:14] INFO: 📋 [7/7] Scraping: Deputy Chief Medical Health Officer
[2025-11-09 14:48:14] INFO:   📄 Parsing job: Deputy Chief Medical Health Officer
[2025-11-09 14:48:18] INFO:   ✓ Successfully parsed job 735942
[2025-11-09 14:48:18] INFO:   💾 Saved JSON: sas_job_735942.json
[2025-11-09 14:48:18] INFO: ✓ [7/7] Successfully scraped job 735942
[2025-11-09 14:48:20] INFO: ✓ Completed keyword 'Information Officer': 7 jobs scraped, 0 duplicates skipped
[2025-11-09 14:48:20] INFO: ⏱ Waiting 3s before next keyword...
[2025-11-09 14:48:23] INFO: ================================================================================
[2025-11-09 14:48:23] INFO: Keyword 11/43: Investment Analyst
[2025-11-09 14:48:23] INFO: ================================================================================
[2025-11-09 14:48:23] INFO: 🔍 Searching for: 'Investment Analyst'
[2025-11-09 14:48:30] INFO:   📋 Found 1 jobs on this page
[2025-11-09 14:48:30] INFO:   ✓ MATCH: 'Senior Trade Policy Analyst' → 'Policy Analyst' (score: 100)
[2025-11-09 14:48:30] INFO:   ✓ Extracted 1 matching jobs from page
[2025-11-09 14:48:30] INFO: ✓ Total matching jobs for 'Investment Analyst': 1
[2025-11-09 14:48:30] INFO: ⏭️  [1/1] Skipping duplicate job 736272: Senior Trade Policy Analyst
[2025-11-09 14:48:30] INFO: ✓ Completed keyword 'Investment Analyst': 0 jobs scraped, 1 duplicates skipped
[2025-11-09 14:48:30] INFO: ⏱ Waiting 3s before next keyword...
[2025-11-09 14:48:33] INFO: ================================================================================
[2025-11-09 14:48:33] INFO: Keyword 12/43: IT Analyst
[2025-11-09 14:48:33] INFO: ================================================================================
[2025-11-09 14:48:33] INFO: 🔍 Searching for: 'IT Analyst'
[2025-11-09 14:48:38] INFO:   📋 Found 4 jobs on this page
[2025-11-09 14:48:38] INFO:   ✓ MATCH: 'System Configuration Analyst' → 'Business Analyst' (score: 90)
[2025-11-09 14:48:38] INFO:   ✓ MATCH: 'Senior Policy Analyst (Health)' → 'Policy Analyst' (score: 100)
[2025-11-09 14:48:38] INFO:   ✓ MATCH: 'Senior Trade Policy Analyst' → 'Policy Analyst' (score: 100)
[2025-11-09 14:48:38] INFO:   ✓ MATCH: 'Business Analyst' → 'Business Analyst' (score: 100)
[2025-11-09 14:48:38] INFO:   ✓ Extracted 4 matching jobs from page
[2025-11-09 14:48:38] INFO: ✓ Total matching jobs for 'IT Analyst': 4
[2025-11-09 14:48:38] INFO: ⏭️  [1/4] Skipping duplicate job 736281: System Configuration Analyst
[2025-11-09 14:48:38] INFO: ⏭️  [2/4] Skipping duplicate job 736401: Senior Policy Analyst (Health)
[2025-11-09 14:48:38] INFO: ⏭️  [3/4] Skipping duplicate job 736272: Senior Trade Policy Analyst
[2025-11-09 14:48:38] INFO: ⏭️  [4/4] Skipping duplicate job 736098: Business Analyst
[2025-11-09 14:48:38] INFO: ✓ Completed keyword 'IT Analyst': 0 jobs scraped, 4 duplicates skipped
[2025-11-09 14:48:38] INFO: ⏱ Waiting 3s before next keyword...
[2025-11-09 14:48:41] INFO: ================================================================================
[2025-11-09 14:48:41] INFO: Keyword 13/43: Junior Data Analyst
[2025-11-09 14:48:41] INFO: ================================================================================
[2025-11-09 14:48:41] INFO: 🔍 Searching for: 'Junior Data Analyst'
[2025-11-09 14:48:57] ERROR:   ✗ Error extracting job links: Page.wait_for_selector: Timeout 10000ms exceeded.
Call log:
  - waiting for locator("table#requisitionListInterface\\.listRequisition") to be visible
    25 × locator resolved to hidden <table cellpadding="0" cellspacing="0" role="presentation" class="contentlist" id="requisitionListInterface.listRequisition">…</table>

[2025-11-09 14:48:57] INFO: ✓ Total matching jobs for 'Junior Data Analyst': 0
[2025-11-09 14:48:57] INFO: ✓ Completed keyword 'Junior Data Analyst': 0 jobs scraped, 0 duplicates skipped
[2025-11-09 14:48:57] INFO: ⏱ Waiting 3s before next keyword...
[2025-11-09 14:49:00] INFO: ================================================================================
[2025-11-09 14:49:00] INFO: Keyword 14/43: Junior Financial Analyst
[2025-11-09 14:49:00] INFO: ================================================================================
[2025-11-09 14:49:00] INFO: 🔍 Searching for: 'Junior Financial Analyst'
[2025-11-09 14:49:16] ERROR:   ✗ Error extracting job links: Page.wait_for_selector: Timeout 10000ms exceeded.
Call log:
  - waiting for locator("table#requisitionListInterface\\.listRequisition") to be visible
    25 × locator resolved to hidden <table cellpadding="0" cellspacing="0" role="presentation" class="contentlist" id="requisitionListInterface.listRequisition">…</table>

[2025-11-09 14:49:16] INFO: ✓ Total matching jobs for 'Junior Financial Analyst': 0
[2025-11-09 14:49:16] INFO: ✓ Completed keyword 'Junior Financial Analyst': 0 jobs scraped, 0 duplicates skipped
[2025-11-09 14:49:16] INFO: ⏱ Waiting 3s before next keyword...
[2025-11-09 14:49:19] INFO: ================================================================================
[2025-11-09 14:49:19] INFO: Keyword 15/43: Junior Policy Analyst
[2025-11-09 14:49:19] INFO: ================================================================================
[2025-11-09 14:49:19] INFO: 🔍 Searching for: 'Junior Policy Analyst'
[2025-11-09 14:49:36] ERROR:   ✗ Error extracting job links: Page.wait_for_selector: Timeout 10000ms exceeded.
Call log:
  - waiting for locator("table#requisitionListInterface\\.listRequisition") to be visible
    25 × locator resolved to hidden <table cellpadding="0" cellspacing="0" role="presentation" class="contentlist" id="requisitionListInterface.listRequisition">…</table>

[2025-11-09 14:49:36] INFO: ✓ Total matching jobs for 'Junior Policy Analyst': 0
[2025-11-09 14:49:36] INFO: ✓ Completed keyword 'Junior Policy Analyst': 0 jobs scraped, 0 duplicates skipped
[2025-11-09 14:49:36] INFO: ⏱ Waiting 3s before next keyword...
[2025-11-09 14:49:39] INFO: ================================================================================
[2025-11-09 14:49:39] INFO: Keyword 16/43: Junior Research Analyst
[2025-11-09 14:49:39] INFO: ================================================================================
[2025-11-09 14:49:39] INFO: 🔍 Searching for: 'Junior Research Analyst'
[2025-11-09 14:49:55] ERROR:   ✗ Error extracting job links: Page.wait_for_selector: Timeout 10000ms exceeded.
Call log:
  - waiting for locator("table#requisitionListInterface\\.listRequisition") to be visible
    25 × locator resolved to hidden <table cellpadding="0" cellspacing="0" role="presentation" class="contentlist" id="requisitionListInterface.listRequisition">…</table>

[2025-11-09 14:49:55] INFO: ✓ Total matching jobs for 'Junior Research Analyst': 0
[2025-11-09 14:49:55] INFO: ✓ Completed keyword 'Junior Research Analyst': 0 jobs scraped, 0 duplicates skipped
[2025-11-09 14:49:55] INFO: ⏱ Waiting 3s before next keyword...
[2025-11-09 14:49:58] INFO: ================================================================================
[2025-11-09 14:49:58] INFO: Keyword 17/43: Manager
[2025-11-09 14:49:58] INFO: ================================================================================
[2025-11-09 14:49:58] INFO: 🔍 Searching for: 'Manager'
[2025-11-09 14:50:04] INFO:   📋 Found 16 jobs on this page
[2025-11-09 14:50:04] INFO:   ✓ MATCH: 'Personnel Clerk' → 'Data Entry Clerk' (score: 90)
[2025-11-09 14:50:04] INFO:   ✓ MATCH: 'Staffing Operations Coordinator' → 'Program Coordinator' (score: 90)
[2025-11-09 14:50:04] INFO:   ✓ MATCH: 'Project Manager' → 'Manager' (score: 100)
[2025-11-09 14:50:04] INFO:   ✓ MATCH: 'Director, Research and Analysis' → 'Junior Research Analyst' (score: 90)
[2025-11-09 14:50:04] INFO:   ✓ MATCH: 'Financial Analyst' → 'Business Analyst' (score: 90)
[2025-11-09 14:50:04] INFO:   ✓ MATCH: 'Manager, Integrity Services' → 'Manager' (score: 100)
[2025-11-09 14:50:05] INFO:   ✓ MATCH: 'Project Manager' → 'Manager' (score: 100)
[2025-11-09 14:50:05] INFO:   ✓ MATCH: 'Shop Manager' → 'Manager' (score: 100)
[2025-11-09 14:50:05] INFO:   ✓ MATCH: 'Executive Coordinator - Deputy Minister's Office' → 'Program Coordinator' (score: 90)
[2025-11-09 14:50:05] INFO:   ✓ Extracted 9 matching jobs from page
[2025-11-09 14:50:05] INFO: ✓ Total matching jobs for 'Manager': 9
[2025-11-09 14:50:05] INFO: 📋 [1/9] Scraping: Personnel Clerk
[2025-11-09 14:50:05] INFO:   📄 Parsing job: Personnel Clerk
[2025-11-09 14:50:09] INFO:   ✓ Successfully parsed job 736553
[2025-11-09 14:50:09] INFO:   💾 Saved JSON: sas_job_736553.json
[2025-11-09 14:50:09] INFO: ✓ [1/9] Successfully scraped job 736553
[2025-11-09 14:50:11] INFO: 📋 [2/9] Scraping: Staffing Operations Coordinator
[2025-11-09 14:50:11] INFO:   📄 Parsing job: Staffing Operations Coordinator
[2025-11-09 14:50:16] INFO:   ✓ Successfully parsed job 736121
[2025-11-09 14:50:16] INFO:   💾 Saved JSON: sas_job_736121.json
[2025-11-09 14:50:16] INFO: ✓ [2/9] Successfully scraped job 736121
[2025-11-09 14:50:18] INFO: 📋 [3/9] Scraping: Project Manager
[2025-11-09 14:50:18] INFO:   📄 Parsing job: Project Manager
[2025-11-09 14:50:21] INFO:   ✓ Successfully parsed job 736538
[2025-11-09 14:50:21] INFO:   💾 Saved JSON: sas_job_736538.json
[2025-11-09 14:50:21] INFO: ✓ [3/9] Successfully scraped job 736538
[2025-11-09 14:50:23] INFO: ⏭️  [4/9] Skipping duplicate job 736475: Director, Research and Analysis
[2025-11-09 14:50:23] INFO: ⏭️  [5/9] Skipping duplicate job 736430: Financial Analyst
[2025-11-09 14:50:23] INFO: 📋 [6/9] Scraping: Manager, Integrity Services
[2025-11-09 14:50:23] INFO:   📄 Parsing job: Manager, Integrity Services
[2025-11-09 14:50:28] INFO:   ✓ Successfully parsed job 736393
[2025-11-09 14:50:28] INFO:   💾 Saved JSON: sas_job_736393.json
[2025-11-09 14:50:28] INFO: ✓ [6/9] Successfully scraped job 736393
[2025-11-09 14:50:31] INFO: 📋 [7/9] Scraping: Project Manager
[2025-11-09 14:50:31] INFO:   📄 Parsing job: Project Manager
[2025-11-09 14:50:35] INFO:   ✓ Successfully parsed job 736434
[2025-11-09 14:50:35] INFO:   💾 Saved JSON: sas_job_736434.json
[2025-11-09 14:50:35] INFO: ✓ [7/9] Successfully scraped job 736434
[2025-11-09 14:50:37] INFO: 📋 [8/9] Scraping: Shop Manager
[2025-11-09 14:50:37] INFO:   📄 Parsing job: Shop Manager
[2025-11-09 14:50:41] INFO:   ✓ Successfully parsed job 736311
[2025-11-09 14:50:41] INFO:   💾 Saved JSON: sas_job_736311.json
[2025-11-09 14:50:41] INFO: ✓ [8/9] Successfully scraped job 736311
[2025-11-09 14:50:44] INFO: 📋 [9/9] Scraping: Executive Coordinator - Deputy Minister's Office
[2025-11-09 14:50:44] INFO:   📄 Parsing job: Executive Coordinator - Deputy Minister's Office
[2025-11-09 14:50:49] INFO:   ✓ Successfully parsed job 736288
[2025-11-09 14:50:49] INFO:   💾 Saved JSON: sas_job_736288.json
[2025-11-09 14:50:49] INFO: ✓ [9/9] Successfully scraped job 736288
[2025-11-09 14:50:51] INFO: ✓ Completed keyword 'Manager': 7 jobs scraped, 2 duplicates skipped
[2025-11-09 14:50:51] INFO: ⏱ Waiting 3s before next keyword...
[2025-11-09 14:50:54] INFO: ================================================================================
[2025-11-09 14:50:54] INFO: Keyword 18/43: Network Administrator
[2025-11-09 14:50:54] INFO: ================================================================================
[2025-11-09 14:50:54] INFO: 🔍 Searching for: 'Network Administrator'
[2025-11-09 14:51:11] ERROR:   ✗ Error extracting job links: Page.wait_for_selector: Timeout 10000ms exceeded.
Call log:
  - waiting for locator("table#requisitionListInterface\\.listRequisition") to be visible
    25 × locator resolved to hidden <table cellpadding="0" cellspacing="0" role="presentation" class="contentlist" id="requisitionListInterface.listRequisition">…</table>

[2025-11-09 14:51:11] INFO: ✓ Total matching jobs for 'Network Administrator': 0
[2025-11-09 14:51:11] INFO: ✓ Completed keyword 'Network Administrator': 0 jobs scraped, 0 duplicates skipped
[2025-11-09 14:51:11] INFO: ⏱ Waiting 3s before next keyword...
[2025-11-09 14:51:14] INFO: ================================================================================
[2025-11-09 14:51:14] INFO: Keyword 19/43: Platform Analyst
[2025-11-09 14:51:14] INFO: ================================================================================
[2025-11-09 14:51:14] INFO: 🔍 Searching for: 'Platform Analyst'
[2025-11-09 14:51:30] ERROR:   ✗ Error extracting job links: Page.wait_for_selector: Timeout 10000ms exceeded.
Call log:
  - waiting for locator("table#requisitionListInterface\\.listRequisition") to be visible
    25 × locator resolved to hidden <table cellpadding="0" cellspacing="0" role="presentation" class="contentlist" id="requisitionListInterface.listRequisition">…</table>

[2025-11-09 14:51:30] INFO: ✓ Total matching jobs for 'Platform Analyst': 0
[2025-11-09 14:51:30] INFO: ✓ Completed keyword 'Platform Analyst': 0 jobs scraped, 0 duplicates skipped
[2025-11-09 14:51:30] INFO: ⏱ Waiting 3s before next keyword...
[2025-11-09 14:51:33] INFO: ================================================================================
[2025-11-09 14:51:33] INFO: Keyword 20/43: Policy Advisor
[2025-11-09 14:51:33] INFO: ================================================================================
[2025-11-09 14:51:33] INFO: 🔍 Searching for: 'Policy Advisor'
[2025-11-09 14:51:39] INFO:   📋 Found 1 jobs on this page
[2025-11-09 14:51:39] INFO:   ✓ MATCH: 'Senior Strategic Advisor - Information Management, Access and Privacy' → 'Information Officer' (score: 90)
[2025-11-09 14:51:39] INFO:   ✓ Extracted 1 matching jobs from page
[2025-11-09 14:51:39] INFO: ✓ Total matching jobs for 'Policy Advisor': 1
[2025-11-09 14:51:39] INFO: 📋 [1/1] Scraping: Senior Strategic Advisor - Information Management, Access and Privacy
[2025-11-09 14:51:39] INFO:   📄 Parsing job: Senior Strategic Advisor - Information Management, Access and Privacy
[2025-11-09 14:51:43] INFO:   ✓ Successfully parsed job 736323
[2025-11-09 14:51:43] INFO:   💾 Saved JSON: sas_job_736323.json
[2025-11-09 14:51:43] INFO: ✓ [1/1] Successfully scraped job 736323
[2025-11-09 14:51:47] INFO: ✓ Completed keyword 'Policy Advisor': 1 jobs scraped, 0 duplicates skipped
[2025-11-09 14:51:47] INFO: ⏱ Waiting 3s before next keyword...
[2025-11-09 14:51:50] INFO: ================================================================================
[2025-11-09 14:51:50] INFO: Keyword 21/43: Policy Analyst
[2025-11-09 14:51:50] INFO: ================================================================================
[2025-11-09 14:51:50] INFO: 🔍 Searching for: 'Policy Analyst'
[2025-11-09 14:51:56] INFO:   📋 Found 3 jobs on this page
[2025-11-09 14:51:56] INFO:   ✓ MATCH: 'Director, Research and Analysis' → 'Junior Research Analyst' (score: 90)
[2025-11-09 14:51:56] INFO:   ✓ MATCH: 'Senior Policy Analyst (Health)' → 'Policy Analyst' (score: 100)
[2025-11-09 14:51:56] INFO:   ✓ MATCH: 'Senior Trade Policy Analyst' → 'Policy Analyst' (score: 100)
[2025-11-09 14:51:56] INFO:   ✓ Extracted 3 matching jobs from page
[2025-11-09 14:51:56] INFO: ✓ Total matching jobs for 'Policy Analyst': 3
[2025-11-09 14:51:56] INFO: ⏭️  [1/3] Skipping duplicate job 736475: Director, Research and Analysis
[2025-11-09 14:51:56] INFO: ⏭️  [2/3] Skipping duplicate job 736401: Senior Policy Analyst (Health)
[2025-11-09 14:51:56] INFO: ⏭️  [3/3] Skipping duplicate job 736272: Senior Trade Policy Analyst
[2025-11-09 14:51:56] INFO: ✓ Completed keyword 'Policy Analyst': 0 jobs scraped, 3 duplicates skipped
[2025-11-09 14:51:56] INFO: ⏱ Waiting 3s before next keyword...
[2025-11-09 14:51:59] INFO: ================================================================================
[2025-11-09 14:51:59] INFO: Keyword 22/43: Program Administration Officer
[2025-11-09 14:51:59] INFO: ================================================================================
[2025-11-09 14:51:59] INFO: 🔍 Searching for: 'Program Administration Officer'
[2025-11-09 14:52:05] INFO:   📋 Found 3 jobs on this page
[2025-11-09 14:52:05] INFO:   ✓ MATCH: 'Research & Training Officer' → 'Research Officer' (score: 95)
[2025-11-09 14:52:05] INFO:   ✓ MATCH: 'Judicial Officer, Provincial Court' → 'Finance Officer' (score: 90)
[2025-11-09 14:52:05] INFO:   ✓ Extracted 2 matching jobs from page
[2025-11-09 14:52:05] INFO: ✓ Total matching jobs for 'Program Administration Officer': 2
[2025-11-09 14:52:05] INFO: ⏭️  [1/2] Skipping duplicate job 736556: Research & Training Officer
[2025-11-09 14:52:05] INFO: ⏭️  [2/2] Skipping duplicate job 734346: Judicial Officer, Provincial Court
[2025-11-09 14:52:05] INFO: ✓ Completed keyword 'Program Administration Officer': 0 jobs scraped, 2 duplicates skipped
[2025-11-09 14:52:05] INFO: ⏱ Waiting 3s before next keyword...
[2025-11-09 14:52:08] INFO: ================================================================================
[2025-11-09 14:52:08] INFO: Keyword 23/43: Program Analyst
[2025-11-09 14:52:08] INFO: ================================================================================
[2025-11-09 14:52:08] INFO: 🔍 Searching for: 'Program Analyst'
[2025-11-09 14:52:14] INFO:   📋 Found 6 jobs on this page
[2025-11-09 14:52:14] INFO:   ✓ MATCH: 'Director, Research and Analysis' → 'Junior Research Analyst' (score: 90)
[2025-11-09 14:52:14] INFO:   ✓ MATCH: 'System Configuration Analyst' → 'Business Analyst' (score: 90)
[2025-11-09 14:52:14] INFO:   ✓ MATCH: 'Senior Policy Analyst (Health)' → 'Policy Analyst' (score: 100)
[2025-11-09 14:52:14] INFO:   ✓ MATCH: 'Financial Analyst' → 'Business Analyst' (score: 90)
[2025-11-09 14:52:14] INFO:   ✓ MATCH: 'Senior Trade Policy Analyst' → 'Policy Analyst' (score: 100)
[2025-11-09 14:52:14] INFO:   ✓ MATCH: 'Business Analyst' → 'Business Analyst' (score: 100)
[2025-11-09 14:52:14] INFO:   ✓ Extracted 6 matching jobs from page
[2025-11-09 14:52:14] INFO: ✓ Total matching jobs for 'Program Analyst': 6
[2025-11-09 14:52:14] INFO: ⏭️  [1/6] Skipping duplicate job 736475: Director, Research and Analysis
[2025-11-09 14:52:14] INFO: ⏭️  [2/6] Skipping duplicate job 736281: System Configuration Analyst
[2025-11-09 14:52:14] INFO: ⏭️  [3/6] Skipping duplicate job 736401: Senior Policy Analyst (Health)
[2025-11-09 14:52:14] INFO: ⏭️  [4/6] Skipping duplicate job 736430: Financial Analyst
[2025-11-09 14:52:14] INFO: ⏭️  [5/6] Skipping duplicate job 736272: Senior Trade Policy Analyst
[2025-11-09 14:52:14] INFO: ⏭️  [6/6] Skipping duplicate job 736098: Business Analyst
[2025-11-09 14:52:14] INFO: ✓ Completed keyword 'Program Analyst': 0 jobs scraped, 6 duplicates skipped
[2025-11-09 14:52:14] INFO: ⏱ Waiting 3s before next keyword...
[2025-11-09 14:52:17] INFO: ================================================================================
[2025-11-09 14:52:17] INFO: Keyword 24/43: Program Coordinator
[2025-11-09 14:52:17] INFO: ================================================================================
[2025-11-09 14:52:17] INFO: 🔍 Searching for: 'Program Coordinator'
[2025-11-09 14:52:23] INFO:   📋 Found 2 jobs on this page
[2025-11-09 14:52:23] INFO:   ✓ MATCH: 'Staffing Operations Coordinator' → 'Program Coordinator' (score: 90)
[2025-11-09 14:52:23] INFO:   ✓ MATCH: 'Executive Coordinator - Deputy Minister's Office' → 'Program Coordinator' (score: 90)
[2025-11-09 14:52:23] INFO:   ✓ Extracted 2 matching jobs from page
[2025-11-09 14:52:23] INFO: ✓ Total matching jobs for 'Program Coordinator': 2
[2025-11-09 14:52:23] INFO: ⏭️  [1/2] Skipping duplicate job 736121: Staffing Operations Coordinator
[2025-11-09 14:52:23] INFO: ⏭️  [2/2] Skipping duplicate job 736288: Executive Coordinator - Deputy Minister's Office
[2025-11-09 14:52:23] INFO: ✓ Completed keyword 'Program Coordinator': 0 jobs scraped, 2 duplicates skipped
[2025-11-09 14:52:23] INFO: ⏱ Waiting 3s before next keyword...
[2025-11-09 14:52:26] INFO: ================================================================================
[2025-11-09 14:52:26] INFO: Keyword 25/43: Program Officer
[2025-11-09 14:52:26] INFO: ================================================================================
[2025-11-09 14:52:26] INFO: 🔍 Searching for: 'Program Officer'
[2025-11-09 14:52:33] INFO:   📋 Found 8 jobs on this page
[2025-11-09 14:52:33] INFO:   ✓ MATCH: 'Research & Training Officer' → 'Research Officer' (score: 95)
[2025-11-09 14:52:33] INFO:   ✓ MATCH: 'Correctional Officer' → 'Finance Officer' (score: 90)
[2025-11-09 14:52:33] INFO:   ✓ MATCH: 'Judicial Officer, Provincial Court' → 'Finance Officer' (score: 90)
[2025-11-09 14:52:33] INFO:   ✓ MATCH: 'Junior Environmental Protection Officer - Eligibility List' → 'Finance Officer' (score: 90)
[2025-11-09 14:52:33] INFO:   ✓ MATCH: 'Environmental Protection Officer - Eligibility List' → 'Finance Officer' (score: 90)
[2025-11-09 14:52:33] INFO:   ✓ MATCH: 'Traffic Officer' → 'Finance Officer' (score: 90)
[2025-11-09 14:52:33] INFO:   ✓ MATCH: 'Deputy Chief Medical Health Officer' → 'Finance Officer' (score: 90)
[2025-11-09 14:52:33] INFO:   ✓ Extracted 7 matching jobs from page
[2025-11-09 14:52:33] INFO: ✓ Total matching jobs for 'Program Officer': 7
[2025-11-09 14:52:33] INFO: ⏭️  [1/7] Skipping duplicate job 736556: Research & Training Officer
[2025-11-09 14:52:33] INFO: ⏭️  [2/7] Skipping duplicate job 736523: Correctional Officer
[2025-11-09 14:52:33] INFO: ⏭️  [3/7] Skipping duplicate job 734346: Judicial Officer, Provincial Court
[2025-11-09 14:52:33] INFO: ⏭️  [4/7] Skipping duplicate job 736431: Junior Environmental Protection Officer - Eligibility List
[2025-11-09 14:52:33] INFO: ⏭️  [5/7] Skipping duplicate job 736445: Environmental Protection Officer - Eligibility List
[2025-11-09 14:52:33] INFO: ⏭️  [6/7] Skipping duplicate job 735222: Traffic Officer
[2025-11-09 14:52:33] INFO: ⏭️  [7/7] Skipping duplicate job 735942: Deputy Chief Medical Health Officer
[2025-11-09 14:52:33] INFO: ✓ Completed keyword 'Program Officer': 0 jobs scraped, 7 duplicates skipped
[2025-11-09 14:52:33] INFO: ⏱ Waiting 3s before next keyword...
[2025-11-09 14:52:36] INFO: ================================================================================
[2025-11-09 14:52:36] INFO: Keyword 26/43: Project Coordinator
[2025-11-09 14:52:36] INFO: ================================================================================
[2025-11-09 14:52:36] INFO: 🔍 Searching for: 'Project Coordinator'
[2025-11-09 14:52:42] INFO:   📋 Found 1 jobs on this page
[2025-11-09 14:52:42] INFO:   ✓ MATCH: 'Executive Coordinator - Deputy Minister's Office' → 'Program Coordinator' (score: 90)
[2025-11-09 14:52:42] INFO:   ✓ Extracted 1 matching jobs from page
[2025-11-09 14:52:42] INFO: ✓ Total matching jobs for 'Project Coordinator': 1
[2025-11-09 14:52:42] INFO: ⏭️  [1/1] Skipping duplicate job 736288: Executive Coordinator - Deputy Minister's Office
[2025-11-09 14:52:42] INFO: ✓ Completed keyword 'Project Coordinator': 0 jobs scraped, 1 duplicates skipped
[2025-11-09 14:52:42] INFO: ⏱ Waiting 3s before next keyword...
[2025-11-09 14:52:45] INFO: ================================================================================
[2025-11-09 14:52:45] INFO: Keyword 27/43: Project Manager
[2025-11-09 14:52:45] INFO: ================================================================================
[2025-11-09 14:52:45] INFO: 🔍 Searching for: 'Project Manager'
[2025-11-09 14:52:51] INFO:   📋 Found 9 jobs on this page
[2025-11-09 14:52:51] INFO:   ✓ MATCH: 'Project Manager' → 'Manager' (score: 100)
[2025-11-09 14:52:51] INFO:   ✓ MATCH: 'Financial Analyst' → 'Business Analyst' (score: 90)
[2025-11-09 14:52:51] INFO:   ✓ MATCH: 'Manager, Integrity Services' → 'Manager' (score: 100)
[2025-11-09 14:52:51] INFO:   ✓ MATCH: 'Project Manager' → 'Manager' (score: 100)
[2025-11-09 14:52:51] INFO:   ✓ MATCH: 'Executive Coordinator - Deputy Minister's Office' → 'Program Coordinator' (score: 90)
[2025-11-09 14:52:51] INFO:   ✓ Extracted 5 matching jobs from page
[2025-11-09 14:52:51] INFO: ✓ Total matching jobs for 'Project Manager': 5
[2025-11-09 14:52:51] INFO: ⏭️  [1/5] Skipping duplicate job 736538: Project Manager
[2025-11-09 14:52:51] INFO: ⏭️  [2/5] Skipping duplicate job 736430: Financial Analyst
[2025-11-09 14:52:51] INFO: ⏭️  [3/5] Skipping duplicate job 736393: Manager, Integrity Services
[2025-11-09 14:52:51] INFO: ⏭️  [4/5] Skipping duplicate job 736434: Project Manager
[2025-11-09 14:52:51] INFO: ⏭️  [5/5] Skipping duplicate job 736288: Executive Coordinator - Deputy Minister's Office
[2025-11-09 14:52:51] INFO: ✓ Completed keyword 'Project Manager': 0 jobs scraped, 5 duplicates skipped
[2025-11-09 14:52:51] INFO: ⏱ Waiting 3s before next keyword...
[2025-11-09 14:52:54] INFO: ================================================================================
[2025-11-09 14:52:54] INFO: Keyword 28/43: Project Officer
[2025-11-09 14:52:54] INFO: ================================================================================
[2025-11-09 14:52:54] INFO: 🔍 Searching for: 'Project Officer'
[2025-11-09 14:53:00] INFO:   📋 Found 2 jobs on this page
[2025-11-09 14:53:00] INFO:   ✓ MATCH: 'Research & Training Officer' → 'Research Officer' (score: 95)
[2025-11-09 14:53:00] INFO:   ✓ Extracted 1 matching jobs from page
[2025-11-09 14:53:00] INFO: ✓ Total matching jobs for 'Project Officer': 1
[2025-11-09 14:53:00] INFO: ⏭️  [1/1] Skipping duplicate job 736556: Research & Training Officer
[2025-11-09 14:53:00] INFO: ✓ Completed keyword 'Project Officer': 0 jobs scraped, 1 duplicates skipped
[2025-11-09 14:53:00] INFO: ⏱ Waiting 3s before next keyword...
[2025-11-09 14:53:03] INFO: ================================================================================
[2025-11-09 14:53:03] INFO: Keyword 29/43: Research Analyst
[2025-11-09 14:53:03] INFO: ================================================================================
[2025-11-09 14:53:03] INFO: 🔍 Searching for: 'Research Analyst'
[2025-11-09 14:53:10] INFO:   📋 Found 4 jobs on this page
[2025-11-09 14:53:10] INFO:   ✓ MATCH: 'Director, Research and Analysis' → 'Junior Research Analyst' (score: 90)
[2025-11-09 14:53:10] INFO:   ✓ MATCH: 'System Configuration Analyst' → 'Business Analyst' (score: 90)
[2025-11-09 14:53:10] INFO:   ✓ MATCH: 'Senior Policy Analyst (Health)' → 'Policy Analyst' (score: 100)
[2025-11-09 14:53:10] INFO:   ✓ MATCH: 'Senior Trade Policy Analyst' → 'Policy Analyst' (score: 100)
[2025-11-09 14:53:10] INFO:   ✓ Extracted 4 matching jobs from page
[2025-11-09 14:53:10] INFO: ✓ Total matching jobs for 'Research Analyst': 4
[2025-11-09 14:53:10] INFO: ⏭️  [1/4] Skipping duplicate job 736475: Director, Research and Analysis
[2025-11-09 14:53:10] INFO: ⏭️  [2/4] Skipping duplicate job 736281: System Configuration Analyst
[2025-11-09 14:53:10] INFO: ⏭️  [3/4] Skipping duplicate job 736401: Senior Policy Analyst (Health)
[2025-11-09 14:53:10] INFO: ⏭️  [4/4] Skipping duplicate job 736272: Senior Trade Policy Analyst
[2025-11-09 14:53:10] INFO: ✓ Completed keyword 'Research Analyst': 0 jobs scraped, 4 duplicates skipped
[2025-11-09 14:53:10] INFO: ⏱ Waiting 3s before next keyword...
[2025-11-09 14:53:13] INFO: ================================================================================
[2025-11-09 14:53:13] INFO: Keyword 30/43: Research Associate
[2025-11-09 14:53:13] INFO: ================================================================================
[2025-11-09 14:53:13] INFO: 🔍 Searching for: 'Research Associate'
[2025-11-09 14:53:19] INFO:   📋 Found 1 jobs on this page
[2025-11-09 14:53:19] INFO:   ✓ MATCH: 'Project Manager' → 'Manager' (score: 100)
[2025-11-09 14:53:19] INFO:   ✓ Extracted 1 matching jobs from page
[2025-11-09 14:53:19] INFO: ✓ Total matching jobs for 'Research Associate': 1
[2025-11-09 14:53:19] INFO: ⏭️  [1/1] Skipping duplicate job 736434: Project Manager
[2025-11-09 14:53:19] INFO: ✓ Completed keyword 'Research Associate': 0 jobs scraped, 1 duplicates skipped
[2025-11-09 14:53:19] INFO: ⏱ Waiting 3s before next keyword...
[2025-11-09 14:53:22] INFO: ================================================================================
[2025-11-09 14:53:22] INFO: Keyword 31/43: Research Officer
[2025-11-09 14:53:22] INFO: ================================================================================
[2025-11-09 14:53:22] INFO: 🔍 Searching for: 'Research Officer'
[2025-11-09 14:53:29] INFO:   📋 Found 2 jobs on this page
[2025-11-09 14:53:29] INFO:   ✓ MATCH: 'Research & Training Officer' → 'Research Officer' (score: 95)
[2025-11-09 14:53:29] INFO:   ✓ MATCH: 'Deputy Chief Medical Health Officer' → 'Finance Officer' (score: 90)
[2025-11-09 14:53:29] INFO:   ✓ Extracted 2 matching jobs from page
[2025-11-09 14:53:29] INFO: ✓ Total matching jobs for 'Research Officer': 2
[2025-11-09 14:53:29] INFO: ⏭️  [1/2] Skipping duplicate job 736556: Research & Training Officer
[2025-11-09 14:53:29] INFO: ⏭️  [2/2] Skipping duplicate job 735942: Deputy Chief Medical Health Officer
[2025-11-09 14:53:29] INFO: ✓ Completed keyword 'Research Officer': 0 jobs scraped, 2 duplicates skipped
[2025-11-09 14:53:29] INFO: ⏱ Waiting 3s before next keyword...
[2025-11-09 14:53:32] INFO: ================================================================================
[2025-11-09 14:53:32] INFO: Keyword 32/43: Researcher
[2025-11-09 14:53:32] INFO: ================================================================================
[2025-11-09 14:53:32] INFO: 🔍 Searching for: 'Researcher'
[2025-11-09 14:53:48] ERROR:   ✗ Error extracting job links: Page.wait_for_selector: Timeout 10000ms exceeded.
Call log:
  - waiting for locator("table#requisitionListInterface\\.listRequisition") to be visible
    25 × locator resolved to hidden <table cellpadding="0" cellspacing="0" role="presentation" class="contentlist" id="requisitionListInterface.listRequisition">…</table>

[2025-11-09 14:53:48] INFO: ✓ Total matching jobs for 'Researcher': 0
[2025-11-09 14:53:48] INFO: ✓ Completed keyword 'Researcher': 0 jobs scraped, 0 duplicates skipped
[2025-11-09 14:53:48] INFO: ⏱ Waiting 3s before next keyword...
[2025-11-09 14:53:51] INFO: ================================================================================
[2025-11-09 14:53:51] INFO: Keyword 33/43: Senior Analyst
[2025-11-09 14:53:51] INFO: ================================================================================
[2025-11-09 14:53:51] INFO: 🔍 Searching for: 'Senior Analyst'
[2025-11-09 14:53:58] INFO:   📋 Found 3 jobs on this page
[2025-11-09 14:53:58] INFO:   ✓ MATCH: 'Director, Research and Analysis' → 'Junior Research Analyst' (score: 90)
[2025-11-09 14:53:58] INFO:   ✓ MATCH: 'Senior Policy Analyst (Health)' → 'Policy Analyst' (score: 100)
[2025-11-09 14:53:58] INFO:   ✓ MATCH: 'Senior Trade Policy Analyst' → 'Policy Analyst' (score: 100)
[2025-11-09 14:53:58] INFO:   ✓ Extracted 3 matching jobs from page
[2025-11-09 14:53:58] INFO: ✓ Total matching jobs for 'Senior Analyst': 3
[2025-11-09 14:53:58] INFO: ⏭️  [1/3] Skipping duplicate job 736475: Director, Research and Analysis
[2025-11-09 14:53:58] INFO: ⏭️  [2/3] Skipping duplicate job 736401: Senior Policy Analyst (Health)
[2025-11-09 14:53:58] INFO: ⏭️  [3/3] Skipping duplicate job 736272: Senior Trade Policy Analyst
[2025-11-09 14:53:58] INFO: ✓ Completed keyword 'Senior Analyst': 0 jobs scraped, 3 duplicates skipped
[2025-11-09 14:53:58] INFO: ⏱ Waiting 3s before next keyword...
[2025-11-09 14:54:01] INFO: ================================================================================
[2025-11-09 14:54:01] INFO: Keyword 34/43: Senior Financial Analyst
[2025-11-09 14:54:01] INFO: ================================================================================
[2025-11-09 14:54:01] INFO: 🔍 Searching for: 'Senior Financial Analyst'
[2025-11-09 14:54:17] ERROR:   ✗ Error extracting job links: Page.wait_for_selector: Timeout 10000ms exceeded.
Call log:
  - waiting for locator("table#requisitionListInterface\\.listRequisition") to be visible
    25 × locator resolved to hidden <table cellpadding="0" cellspacing="0" role="presentation" class="contentlist" id="requisitionListInterface.listRequisition">…</table>

[2025-11-09 14:54:17] INFO: ✓ Total matching jobs for 'Senior Financial Analyst': 0
[2025-11-09 14:54:17] INFO: ✓ Completed keyword 'Senior Financial Analyst': 0 jobs scraped, 0 duplicates skipped
[2025-11-09 14:54:17] INFO: ⏱ Waiting 3s before next keyword...
[2025-11-09 14:54:20] INFO: ================================================================================
[2025-11-09 14:54:20] INFO: Keyword 35/43: Senior IT Analyst
[2025-11-09 14:54:20] INFO: ================================================================================
[2025-11-09 14:54:20] INFO: 🔍 Searching for: 'Senior IT Analyst'
[2025-11-09 14:54:26] INFO:   📋 Found 2 jobs on this page
[2025-11-09 14:54:26] INFO:   ✓ MATCH: 'Senior Policy Analyst (Health)' → 'Policy Analyst' (score: 100)
[2025-11-09 14:54:26] INFO:   ✓ MATCH: 'Senior Trade Policy Analyst' → 'Policy Analyst' (score: 100)
[2025-11-09 14:54:26] INFO:   ✓ Extracted 2 matching jobs from page
[2025-11-09 14:54:26] INFO: ✓ Total matching jobs for 'Senior IT Analyst': 2
[2025-11-09 14:54:26] INFO: ⏭️  [1/2] Skipping duplicate job 736401: Senior Policy Analyst (Health)
[2025-11-09 14:54:26] INFO: ⏭️  [2/2] Skipping duplicate job 736272: Senior Trade Policy Analyst
[2025-11-09 14:54:26] INFO: ✓ Completed keyword 'Senior IT Analyst': 0 jobs scraped, 2 duplicates skipped
[2025-11-09 14:54:26] INFO: ⏱ Waiting 3s before next keyword...
[2025-11-09 14:54:29] INFO: ================================================================================
[2025-11-09 14:54:29] INFO: Keyword 36/43: Senior Manager
[2025-11-09 14:54:29] INFO: ================================================================================
[2025-11-09 14:54:29] INFO: 🔍 Searching for: 'Senior Manager'
[2025-11-09 14:54:35] INFO:   📋 Found 6 jobs on this page
[2025-11-09 14:54:35] INFO:   ✓ MATCH: 'Director, Research and Analysis' → 'Junior Research Analyst' (score: 90)
[2025-11-09 14:54:35] INFO:   ✓ MATCH: 'Manager, Integrity Services' → 'Manager' (score: 100)
[2025-11-09 14:54:35] INFO:   ✓ MATCH: 'Executive Coordinator - Deputy Minister's Office' → 'Program Coordinator' (score: 90)
[2025-11-09 14:54:35] INFO:   ✓ Extracted 3 matching jobs from page
[2025-11-09 14:54:35] INFO: ✓ Total matching jobs for 'Senior Manager': 3
[2025-11-09 14:54:35] INFO: ⏭️  [1/3] Skipping duplicate job 736475: Director, Research and Analysis
[2025-11-09 14:54:35] INFO: ⏭️  [2/3] Skipping duplicate job 736393: Manager, Integrity Services
[2025-11-09 14:54:35] INFO: ⏭️  [3/3] Skipping duplicate job 736288: Executive Coordinator - Deputy Minister's Office
[2025-11-09 14:54:35] INFO: ✓ Completed keyword 'Senior Manager': 0 jobs scraped, 3 duplicates skipped
[2025-11-09 14:54:35] INFO: ⏱ Waiting 3s before next keyword...
[2025-11-09 14:54:38] INFO: ================================================================================
[2025-11-09 14:54:38] INFO: Keyword 37/43: Senior Policy Analyst
[2025-11-09 14:54:38] INFO: ================================================================================
[2025-11-09 14:54:38] INFO: 🔍 Searching for: 'Senior Policy Analyst'
[2025-11-09 14:54:45] INFO:   📋 Found 3 jobs on this page
[2025-11-09 14:54:45] INFO:   ✓ MATCH: 'Director, Research and Analysis' → 'Junior Research Analyst' (score: 90)
[2025-11-09 14:54:45] INFO:   ✓ MATCH: 'Senior Policy Analyst (Health)' → 'Policy Analyst' (score: 100)
[2025-11-09 14:54:45] INFO:   ✓ MATCH: 'Senior Trade Policy Analyst' → 'Policy Analyst' (score: 100)
[2025-11-09 14:54:45] INFO:   ✓ Extracted 3 matching jobs from page
[2025-11-09 14:54:45] INFO: ✓ Total matching jobs for 'Senior Policy Analyst': 3
[2025-11-09 14:54:45] INFO: ⏭️  [1/3] Skipping duplicate job 736475: Director, Research and Analysis
[2025-11-09 14:54:45] INFO: ⏭️  [2/3] Skipping duplicate job 736401: Senior Policy Analyst (Health)
[2025-11-09 14:54:45] INFO: ⏭️  [3/3] Skipping duplicate job 736272: Senior Trade Policy Analyst
[2025-11-09 14:54:45] INFO: ✓ Completed keyword 'Senior Policy Analyst': 0 jobs scraped, 3 duplicates skipped
[2025-11-09 14:54:45] INFO: ⏱ Waiting 3s before next keyword...
[2025-11-09 14:54:48] INFO: ================================================================================
[2025-11-09 14:54:48] INFO: Keyword 38/43: Senior Project Manager
[2025-11-09 14:54:48] INFO: ================================================================================
[2025-11-09 14:54:48] INFO: 🔍 Searching for: 'Senior Project Manager'
[2025-11-09 14:54:54] INFO:   📋 Found 5 jobs on this page
[2025-11-09 14:54:54] INFO:   ✓ MATCH: 'Manager, Integrity Services' → 'Manager' (score: 100)
[2025-11-09 14:54:54] INFO:   ✓ MATCH: 'Executive Coordinator - Deputy Minister's Office' → 'Program Coordinator' (score: 90)
[2025-11-09 14:54:54] INFO:   ✓ Extracted 2 matching jobs from page
[2025-11-09 14:54:54] INFO: ✓ Total matching jobs for 'Senior Project Manager': 2
[2025-11-09 14:54:54] INFO: ⏭️  [1/2] Skipping duplicate job 736393: Manager, Integrity Services
[2025-11-09 14:54:54] INFO: ⏭️  [2/2] Skipping duplicate job 736288: Executive Coordinator - Deputy Minister's Office
[2025-11-09 14:54:54] INFO: ✓ Completed keyword 'Senior Project Manager': 0 jobs scraped, 2 duplicates skipped
[2025-11-09 14:54:54] INFO: ⏱ Waiting 3s before next keyword...
[2025-11-09 14:54:57] INFO: ================================================================================
[2025-11-09 14:54:57] INFO: Keyword 39/43: Senior Research Analyst
[2025-11-09 14:54:57] INFO: ================================================================================
[2025-11-09 14:54:57] INFO: 🔍 Searching for: 'Senior Research Analyst'
[2025-11-09 14:55:03] INFO:   📋 Found 3 jobs on this page
[2025-11-09 14:55:03] INFO:   ✓ MATCH: 'Director, Research and Analysis' → 'Junior Research Analyst' (score: 90)
[2025-11-09 14:55:03] INFO:   ✓ MATCH: 'Senior Policy Analyst (Health)' → 'Policy Analyst' (score: 100)
[2025-11-09 14:55:03] INFO:   ✓ MATCH: 'Senior Trade Policy Analyst' → 'Policy Analyst' (score: 100)
[2025-11-09 14:55:03] INFO:   ✓ Extracted 3 matching jobs from page
[2025-11-09 14:55:03] INFO: ✓ Total matching jobs for 'Senior Research Analyst': 3
[2025-11-09 14:55:03] INFO: ⏭️  [1/3] Skipping duplicate job 736475: Director, Research and Analysis
[2025-11-09 14:55:03] INFO: ⏭️  [2/3] Skipping duplicate job 736401: Senior Policy Analyst (Health)
[2025-11-09 14:55:03] INFO: ⏭️  [3/3] Skipping duplicate job 736272: Senior Trade Policy Analyst
[2025-11-09 14:55:03] INFO: ✓ Completed keyword 'Senior Research Analyst': 0 jobs scraped, 3 duplicates skipped
[2025-11-09 14:55:03] INFO: ⏱ Waiting 3s before next keyword...
[2025-11-09 14:55:06] INFO: ================================================================================
[2025-11-09 14:55:06] INFO: Keyword 40/43: Artificial Intelligence
[2025-11-09 14:55:06] INFO: ================================================================================
[2025-11-09 14:55:06] INFO: 🔍 Searching for: 'Artificial Intelligence'
[2025-11-09 14:55:23] ERROR:   ✗ Error extracting job links: Page.wait_for_selector: Timeout 10000ms exceeded.
Call log:
  - waiting for locator("table#requisitionListInterface\\.listRequisition") to be visible
    25 × locator resolved to hidden <table cellpadding="0" cellspacing="0" role="presentation" class="contentlist" id="requisitionListInterface.listRequisition">…</table>

[2025-11-09 14:55:23] INFO: ✓ Total matching jobs for 'Artificial Intelligence': 0
[2025-11-09 14:55:23] INFO: ✓ Completed keyword 'Artificial Intelligence': 0 jobs scraped, 0 duplicates skipped
[2025-11-09 14:55:23] INFO: ⏱ Waiting 3s before next keyword...
[2025-11-09 14:55:26] INFO: ================================================================================
[2025-11-09 14:55:26] INFO: Keyword 41/43: Data Visualization
[2025-11-09 14:55:26] INFO: ================================================================================
[2025-11-09 14:55:26] INFO: 🔍 Searching for: 'Data Visualization'
[2025-11-09 14:55:31] INFO:   📋 Found 1 jobs on this page
[2025-11-09 14:55:31] INFO:   ✓ MATCH: 'Director, Research and Analysis' → 'Junior Research Analyst' (score: 90)
[2025-11-09 14:55:31] INFO:   ✓ Extracted 1 matching jobs from page
[2025-11-09 14:55:31] INFO: ✓ Total matching jobs for 'Data Visualization': 1
[2025-11-09 14:55:31] INFO: ⏭️  [1/1] Skipping duplicate job 736475: Director, Research and Analysis
[2025-11-09 14:55:31] INFO: ✓ Completed keyword 'Data Visualization': 0 jobs scraped, 1 duplicates skipped
[2025-11-09 14:55:31] INFO: ⏱ Waiting 3s before next keyword...
[2025-11-09 14:55:34] INFO: ================================================================================
[2025-11-09 14:55:34] INFO: Keyword 42/43: Machine Learning
[2025-11-09 14:55:34] INFO: ================================================================================
[2025-11-09 14:55:34] INFO: 🔍 Searching for: 'Machine Learning'
[2025-11-09 14:55:40] INFO:   📋 Found 1 jobs on this page
[2025-11-09 14:55:40] INFO:   ✓ Extracted 0 matching jobs from page
[2025-11-09 14:55:40] INFO: ✓ Total matching jobs for 'Machine Learning': 0
[2025-11-09 14:55:40] INFO: ✓ Completed keyword 'Machine Learning': 0 jobs scraped, 0 duplicates skipped
[2025-11-09 14:55:40] INFO: ⏱ Waiting 3s before next keyword...
[2025-11-09 14:55:43] INFO: ================================================================================
[2025-11-09 14:55:43] INFO: Keyword 43/43: Data ScienceSocial Worker
[2025-11-09 14:55:43] INFO: ================================================================================
[2025-11-09 14:55:43] INFO: 🔍 Searching for: 'Data ScienceSocial Worker'
[2025-11-09 14:55:59] ERROR:   ✗ Error extracting job links: Page.wait_for_selector: Timeout 10000ms exceeded.
Call log:
  - waiting for locator("table#requisitionListInterface\\.listRequisition") to be visible
    25 × locator resolved to hidden <table cellpadding="0" cellspacing="0" role="presentation" class="contentlist" id="requisitionListInterface.listRequisition">…</table>

[2025-11-09 14:55:59] INFO: ✓ Total matching jobs for 'Data ScienceSocial Worker': 0
[2025-11-09 14:55:59] INFO: ✓ Completed keyword 'Data ScienceSocial Worker': 0 jobs scraped, 0 duplicates skipped
[2025-11-09 14:55:59] INFO: ================================================================================
[2025-11-09 14:55:59] INFO: Scraping Complete
[2025-11-09 14:55:59] INFO: ================================================================================
[2025-11-09 14:55:59] INFO: Total keywords searched: 43
[2025-11-09 14:55:59] INFO: New jobs scraped this run: 22
[2025-11-09 14:55:59] INFO: Total unique jobs in database: 23
[2025-11-09 14:55:59] INFO: JSON files saved: /Users/agirgis/Downloads/public_jobs_scraper/data/SAS/jobs_json
[2025-11-09 14:55:59] INFO: HTML files saved: /Users/agirgis/Downloads/public_jobs_scraper/data/SAS/job_html
[2025-11-09 14:55:59] INFO: Log file: /Users/agirgis/Downloads/public_jobs_scraper/logs/SAS/sas_scraper_20251109_144430.log
[2025-11-09 14:55:59] INFO: ================================================================================
[2025-11-09 14:55:59] INFO: Completed at: 2025-11-09 14:55:59
[2025-11-09 14:55:59] INFO: ================================================================================
