[2025-11-09 15:38:01] INFO: ================================================================================
[2025-11-09 15:38:01] INFO: Manitoba Government Job Scraper
[2025-11-09 15:38:01] INFO: ================================================================================
[2025-11-09 15:38:01] INFO: Started at: 2025-11-09 15:38:01
[2025-11-09 15:38:01] INFO: Data directory: /Users/agirgis/Downloads/public_jobs_scraper/data/MAN
[2025-11-09 15:38:01] INFO: Headless mode: False
[2025-11-09 15:38:01] INFO: ================================================================================
[2025-11-09 15:38:01] INFO: ✓ Loaded 44 keywords from list-of-jobs.txt
[2025-11-09 15:38:01] INFO: 🔍 Loaded 44 keywords for token matching
[2025-11-09 15:38:01] INFO: ================================================================================
[2025-11-09 15:38:03] INFO: 🌐 Loading: https://jobsearch.gov.mb.ca/search.action
[2025-11-09 15:38:06] INFO: 📋 Extracting all jobs from table...
[2025-11-09 15:38:06] INFO:   📋 Found 72 total jobs in table
[2025-11-09 15:38:06] INFO:   ✓ MATCH: 'Policy & Program Analyst (Multiple Positions)' → 'Policy Analyst' (score: 95)
[2025-11-09 15:38:06] INFO:   ✓ MATCH: 'Special Programs Coordinator' → 'Program Coordinator' (score: 85)
[2025-11-09 15:38:06] INFO:   ✓ MATCH: 'Manager, Accounting Services' → 'Manager' (score: 95)
[2025-11-09 15:38:06] INFO:   ✓ MATCH: 'Program Development Consultant' → 'Business Consultant' (score: 85)
[2025-11-09 15:38:06] INFO:   ✓ MATCH: 'Remediation Program Engineer' → 'Program Analyst' (score: 85)
[2025-11-09 15:38:06] INFO:   ✓ MATCH: 'Manager, Client Services' → 'Manager' (score: 95)
[2025-11-09 15:38:06] INFO:   ✓ MATCH: 'Office Manager' → 'Manager' (score: 95)
[2025-11-09 15:38:06] INFO:   ✓ MATCH: 'Safety and Health Officer' → 'Finance Officer' (score: 85)
[2025-11-09 15:38:06] INFO:   ✓ MATCH: 'Manager, Broadband and Public Safety Communications' → 'Manager' (score: 95)
[2025-11-09 15:38:06] INFO:   ✓ MATCH: 'Facility Manager' → 'Manager' (score: 95)
[2025-11-09 15:38:06] INFO:   ✓ MATCH: 'Manager, Financial Services' → 'Manager' (score: 95)
[2025-11-09 15:38:06] INFO:   ✓ MATCH: 'Senior GIS Business Analyst' → 'Business Analyst' (score: 95)
[2025-11-09 15:38:06] INFO:   ✓ MATCH: 'Bilingual Interpretation Project Lead' → 'Project Coordinator' (score: 85)
[2025-11-09 15:38:06] INFO:   ✓ MATCH: 'Central Accounts Payable Project Officer' → 'Project Officer' (score: 95)
[2025-11-09 15:38:06] INFO:   ✓ MATCH: 'Bilingual Senior Policy Analyst' → 'Policy Analyst' (score: 95)
[2025-11-09 15:38:06] INFO:   ✓ MATCH: 'Regional Emergency Manager' → 'Manager' (score: 95)
[2025-11-09 15:38:06] INFO:   ✓ MATCH: 'Helitac Officer' → 'Finance Officer' (score: 85)
[2025-11-09 15:38:06] INFO:   ✓ MATCH: 'Clerk 3' → 'Data Entry Clerk' (score: 85)
[2025-11-09 15:38:06] INFO:   ✓ MATCH: 'Apprenticeship Training Coordinator - Application Form Updated' → 'Program Coordinator' (score: 85)
[2025-11-09 15:38:06] INFO:   ✓ MATCH: 'Program Support Clerk' → 'Program Analyst' (score: 85)
[2025-11-09 15:38:06] INFO:   ✓ MATCH: 'Chair and Chief Executive Officer / Chief Administrative Officer' → 'Finance Officer' (score: 85)
[2025-11-09 15:38:06] INFO:   ✓ MATCH: 'Financial Clerk' → 'Data Entry Clerk' (score: 85)
[2025-11-09 15:38:06] INFO:   ✓ MATCH: 'Director of Corporate Services and Finance' → 'Finance Officer' (score: 85)
[2025-11-09 15:38:06] INFO:   ✓ MATCH: 'Senior Forest Technician - Timber Administration' → 'Senior Analyst' (score: 85)
[2025-11-09 15:38:06] INFO:   ✓ MATCH: 'Information Specialist/Financial Worker' → 'Information Officer' (score: 85)
[2025-11-09 15:38:06] INFO:   ✓ MATCH: 'Senior Waterway Planning Engineer' → 'Senior Analyst' (score: 85)
[2025-11-09 15:38:06] INFO:   ✓ MATCH: 'Executive Coordinator' → 'Program Coordinator' (score: 85)
[2025-11-09 15:38:06] INFO:   ✓ MATCH: 'Engineer-In-Training/Project Engineer' → 'Project Coordinator' (score: 85)
[2025-11-09 15:38:06] INFO:   ✓ Matched 28 jobs out of 72
[2025-11-09 15:38:06] INFO: ✓ Found 28 matching jobs
[2025-11-09 15:38:06] INFO: ================================================================================
[2025-11-09 15:38:06] INFO: 📋 [1/28] Scraping: Policy & Program Analyst (Multiple Positions)
[2025-11-09 15:38:06] INFO:   📄 Parsing job: Policy & Program Analyst (Multiple Positions)
[2025-11-09 15:38:06] ERROR:   ✗ Error scraping job 129176: Locator.click: SyntaxError: Failed to execute 'querySelectorAll' on 'Document': 'tr#129176' is not a valid selector.
    at query (<anonymous>:5031:41)
    at <anonymous>:5041:7
    at SelectorEvaluatorImpl._cached (<anonymous>:4818:20)
    at SelectorEvaluatorImpl._queryCSS (<anonymous>:5028:17)
    at SelectorEvaluatorImpl._querySimple (<anonymous>:4908:19)
    at <anonymous>:4856:29
    at SelectorEvaluatorImpl._cached (<anonymous>:4818:20)
    at SelectorEvaluatorImpl.query (<anonymous>:4849:19)
    at Object.query (<anonymous>:5063:44)
    at <anonymous>:5021:21
Call log:
  - waiting for locator("tr#129176")

[2025-11-09 15:38:06] WARNING: ⚠ [1/28] Failed to parse job 129176
[2025-11-09 15:38:09] INFO: 📋 [2/28] Scraping: Special Programs Coordinator
[2025-11-09 15:38:09] INFO:   📄 Parsing job: Special Programs Coordinator
[2025-11-09 15:38:09] ERROR:   ✗ Error scraping job 129200: Locator.click: SyntaxError: Failed to execute 'querySelectorAll' on 'Document': 'tr#129200' is not a valid selector.
    at query (<anonymous>:5031:41)
    at <anonymous>:5041:7
    at SelectorEvaluatorImpl._cached (<anonymous>:4818:20)
    at SelectorEvaluatorImpl._queryCSS (<anonymous>:5028:17)
    at SelectorEvaluatorImpl._querySimple (<anonymous>:4908:19)
    at <anonymous>:4856:29
    at SelectorEvaluatorImpl._cached (<anonymous>:4818:20)
    at SelectorEvaluatorImpl.query (<anonymous>:4849:19)
    at Object.query (<anonymous>:5063:44)
    at <anonymous>:5021:21
Call log:
  - waiting for locator("tr#129200")

[2025-11-09 15:38:09] WARNING: ⚠ [2/28] Failed to parse job 129200
[2025-11-09 15:38:12] INFO: 📋 [3/28] Scraping: Manager, Accounting Services
[2025-11-09 15:38:12] INFO:   📄 Parsing job: Manager, Accounting Services
[2025-11-09 15:38:12] ERROR:   ✗ Error scraping job 129195: Locator.click: SyntaxError: Failed to execute 'querySelectorAll' on 'Document': 'tr#129195' is not a valid selector.
    at query (<anonymous>:5031:41)
    at <anonymous>:5041:7
    at SelectorEvaluatorImpl._cached (<anonymous>:4818:20)
    at SelectorEvaluatorImpl._queryCSS (<anonymous>:5028:17)
    at SelectorEvaluatorImpl._querySimple (<anonymous>:4908:19)
    at <anonymous>:4856:29
    at SelectorEvaluatorImpl._cached (<anonymous>:4818:20)
    at SelectorEvaluatorImpl.query (<anonymous>:4849:19)
    at Object.query (<anonymous>:5063:44)
    at <anonymous>:5021:21
Call log:
  - waiting for locator("tr#129195")

[2025-11-09 15:38:12] WARNING: ⚠ [3/28] Failed to parse job 129195
[2025-11-09 15:38:15] INFO: 📋 [4/28] Scraping: Program Development Consultant
[2025-11-09 15:38:15] INFO:   📄 Parsing job: Program Development Consultant
[2025-11-09 15:38:15] ERROR:   ✗ Error scraping job 129181: Locator.click: SyntaxError: Failed to execute 'querySelectorAll' on 'Document': 'tr#129181' is not a valid selector.
    at query (<anonymous>:5031:41)
    at <anonymous>:5041:7
    at SelectorEvaluatorImpl._cached (<anonymous>:4818:20)
    at SelectorEvaluatorImpl._queryCSS (<anonymous>:5028:17)
    at SelectorEvaluatorImpl._querySimple (<anonymous>:4908:19)
    at <anonymous>:4856:29
    at SelectorEvaluatorImpl._cached (<anonymous>:4818:20)
    at SelectorEvaluatorImpl.query (<anonymous>:4849:19)
    at Object.query (<anonymous>:5063:44)
    at <anonymous>:5021:21
Call log:
  - waiting for locator("tr#129181")

[2025-11-09 15:38:15] WARNING: ⚠ [4/28] Failed to parse job 129181
[2025-11-09 15:38:18] INFO: 📋 [5/28] Scraping: Remediation Program Engineer
[2025-11-09 15:38:18] INFO:   📄 Parsing job: Remediation Program Engineer
[2025-11-09 15:38:18] ERROR:   ✗ Error scraping job 129203: Locator.click: SyntaxError: Failed to execute 'querySelectorAll' on 'Document': 'tr#129203' is not a valid selector.
    at query (<anonymous>:5031:41)
    at <anonymous>:5041:7
    at SelectorEvaluatorImpl._cached (<anonymous>:4818:20)
    at SelectorEvaluatorImpl._queryCSS (<anonymous>:5028:17)
    at SelectorEvaluatorImpl._querySimple (<anonymous>:4908:19)
    at <anonymous>:4856:29
    at SelectorEvaluatorImpl._cached (<anonymous>:4818:20)
    at SelectorEvaluatorImpl.query (<anonymous>:4849:19)
    at Object.query (<anonymous>:5063:44)
    at <anonymous>:5021:21
Call log:
  - waiting for locator("tr#129203")

[2025-11-09 15:38:18] WARNING: ⚠ [5/28] Failed to parse job 129203
[2025-11-09 15:38:21] INFO: 📋 [6/28] Scraping: Manager, Client Services
[2025-11-09 15:38:21] INFO:   📄 Parsing job: Manager, Client Services
[2025-11-09 15:38:21] ERROR:   ✗ Error scraping job 129198: Locator.click: SyntaxError: Failed to execute 'querySelectorAll' on 'Document': 'tr#129198' is not a valid selector.
    at query (<anonymous>:5031:41)
    at <anonymous>:5041:7
    at SelectorEvaluatorImpl._cached (<anonymous>:4818:20)
    at SelectorEvaluatorImpl._queryCSS (<anonymous>:5028:17)
    at SelectorEvaluatorImpl._querySimple (<anonymous>:4908:19)
    at <anonymous>:4856:29
    at SelectorEvaluatorImpl._cached (<anonymous>:4818:20)
    at SelectorEvaluatorImpl.query (<anonymous>:4849:19)
    at Object.query (<anonymous>:5063:44)
    at <anonymous>:5021:21
Call log:
  - waiting for locator("tr#129198")

[2025-11-09 15:38:21] WARNING: ⚠ [6/28] Failed to parse job 129198
[2025-11-09 15:38:24] INFO: 📋 [7/28] Scraping: Office Manager
[2025-11-09 15:38:24] INFO:   📄 Parsing job: Office Manager
[2025-11-09 15:38:24] ERROR:   ✗ Error scraping job 129188: Locator.click: SyntaxError: Failed to execute 'querySelectorAll' on 'Document': 'tr#129188' is not a valid selector.
    at query (<anonymous>:5031:41)
    at <anonymous>:5041:7
    at SelectorEvaluatorImpl._cached (<anonymous>:4818:20)
    at SelectorEvaluatorImpl._queryCSS (<anonymous>:5028:17)
    at SelectorEvaluatorImpl._querySimple (<anonymous>:4908:19)
    at <anonymous>:4856:29
    at SelectorEvaluatorImpl._cached (<anonymous>:4818:20)
    at SelectorEvaluatorImpl.query (<anonymous>:4849:19)
    at Object.query (<anonymous>:5063:44)
    at <anonymous>:5021:21
Call log:
  - waiting for locator("tr#129188")

[2025-11-09 15:38:24] WARNING: ⚠ [7/28] Failed to parse job 129188
