[2025-11-09 16:26:06] INFO: ================================================================================
[2025-11-09 16:26:06] INFO: Manitoba Government Job Scraper
[2025-11-09 16:26:06] INFO: ================================================================================
[2025-11-09 16:26:06] INFO: Started at: 2025-11-09 16:26:06
[2025-11-09 16:26:06] INFO: Data directory: /Users/agirgis/Downloads/public_jobs_scraper/data/MAN
[2025-11-09 16:26:06] INFO: Headless mode: False
[2025-11-09 16:26:06] INFO: ================================================================================
[2025-11-09 16:26:06] INFO: ✓ Loaded 44 keywords from list-of-jobs.txt
[2025-11-09 16:26:06] INFO: 🔍 Loaded 44 keywords for token matching
[2025-11-09 16:26:06] INFO: ================================================================================
[2025-11-09 16:26:07] INFO: 🌐 Loading: https://jobsearch.gov.mb.ca/search.action
[2025-11-09 16:26:10] INFO: 📋 Extracting all jobs from table...
[2025-11-09 16:26:10] INFO:   📋 Found 72 total jobs in table
[2025-11-09 16:26:10] INFO:   ✓ MATCH: 'Policy & Program Analyst (Multiple Positions)' → 'Policy Analyst' (score: 95)
[2025-11-09 16:26:10] INFO:   ✓ MATCH: 'Special Programs Coordinator' → 'Program Coordinator' (score: 85)
[2025-11-09 16:26:10] INFO:   ✓ MATCH: 'Manager, Accounting Services' → 'Manager' (score: 95)
[2025-11-09 16:26:10] INFO:   ✓ MATCH: 'Program Development Consultant' → 'Business Consultant' (score: 85)
[2025-11-09 16:26:10] INFO:   ✓ MATCH: 'Remediation Program Engineer' → 'Program Analyst' (score: 85)
[2025-11-09 16:26:10] INFO:   ✓ MATCH: 'Manager, Client Services' → 'Manager' (score: 95)
[2025-11-09 16:26:10] INFO:   ✓ MATCH: 'Office Manager' → 'Manager' (score: 95)
[2025-11-09 16:26:10] INFO:   ✓ MATCH: 'Safety and Health Officer' → 'Finance Officer' (score: 85)
[2025-11-09 16:26:10] INFO:   ✓ MATCH: 'Manager, Broadband and Public Safety Communications' → 'Manager' (score: 95)
[2025-11-09 16:26:10] INFO:   ✓ MATCH: 'Facility Manager' → 'Manager' (score: 95)
[2025-11-09 16:26:10] INFO:   ✓ MATCH: 'Manager, Financial Services' → 'Manager' (score: 95)
[2025-11-09 16:26:10] INFO:   ✓ MATCH: 'Senior GIS Business Analyst' → 'Business Analyst' (score: 95)
[2025-11-09 16:26:10] INFO:   ✓ MATCH: 'Bilingual Interpretation Project Lead' → 'Project Coordinator' (score: 85)
[2025-11-09 16:26:10] INFO:   ✓ MATCH: 'Central Accounts Payable Project Officer' → 'Project Officer' (score: 95)
[2025-11-09 16:26:10] INFO:   ✓ MATCH: 'Bilingual Senior Policy Analyst' → 'Policy Analyst' (score: 95)
[2025-11-09 16:26:10] INFO:   ✓ MATCH: 'Regional Emergency Manager' → 'Manager' (score: 95)
[2025-11-09 16:26:10] INFO:   ✓ MATCH: 'Helitac Officer' → 'Finance Officer' (score: 85)
[2025-11-09 16:26:10] INFO:   ✓ MATCH: 'Clerk 3' → 'Data Entry Clerk' (score: 85)
[2025-11-09 16:26:10] INFO:   ✓ MATCH: 'Apprenticeship Training Coordinator - Application Form Updated' → 'Program Coordinator' (score: 85)
[2025-11-09 16:26:10] INFO:   ✓ MATCH: 'Program Support Clerk' → 'Program Analyst' (score: 85)
[2025-11-09 16:26:10] INFO:   ✓ MATCH: 'Chair and Chief Executive Officer / Chief Administrative Officer' → 'Finance Officer' (score: 85)
[2025-11-09 16:26:10] INFO:   ✓ MATCH: 'Financial Clerk' → 'Data Entry Clerk' (score: 85)
[2025-11-09 16:26:10] INFO:   ✓ MATCH: 'Director of Corporate Services and Finance' → 'Finance Officer' (score: 85)
[2025-11-09 16:26:10] INFO:   ✓ MATCH: 'Senior Forest Technician - Timber Administration' → 'Senior Analyst' (score: 85)
[2025-11-09 16:26:10] INFO:   ✓ MATCH: 'Information Specialist/Financial Worker' → 'Information Officer' (score: 85)
[2025-11-09 16:26:10] INFO:   ✓ MATCH: 'Senior Waterway Planning Engineer' → 'Senior Analyst' (score: 85)
[2025-11-09 16:26:10] INFO:   ✓ MATCH: 'Executive Coordinator' → 'Program Coordinator' (score: 85)
[2025-11-09 16:26:10] INFO:   ✓ MATCH: 'Engineer-In-Training/Project Engineer' → 'Project Coordinator' (score: 85)
[2025-11-09 16:26:10] INFO:   ✓ Matched 28 jobs out of 72
[2025-11-09 16:26:10] INFO: ✓ Found 28 matching jobs
[2025-11-09 16:26:10] INFO: ================================================================================
[2025-11-09 16:26:10] INFO: ⏭️  [1/28] Skipping duplicate job 129176: Policy & Program Analyst (Multiple Positions)
[2025-11-09 16:26:10] INFO: ⏭️  [2/28] Skipping duplicate job 129200: Special Programs Coordinator
[2025-11-09 16:26:10] INFO: ⏭️  [3/28] Skipping duplicate job 129195: Manager, Accounting Services
[2025-11-09 16:26:10] INFO: ⏭️  [4/28] Skipping duplicate job 129181: Program Development Consultant
[2025-11-09 16:26:10] INFO: ⏭️  [5/28] Skipping duplicate job 129203: Remediation Program Engineer
[2025-11-09 16:26:10] INFO: ⏭️  [6/28] Skipping duplicate job 129198: Manager, Client Services
[2025-11-09 16:26:10] INFO: ⏭️  [7/28] Skipping duplicate job 129188: Office Manager
[2025-11-09 16:26:10] INFO: ⏭️  [8/28] Skipping duplicate job 129197: Safety and Health Officer
[2025-11-09 16:26:10] INFO: 📋 [9/28] Scraping: Manager, Broadband and Public Safety Communications
[2025-11-09 16:26:10] INFO:   📄 Parsing job: Manager, Broadband and Public Safety Communications
[2025-11-09 16:26:11] WARNING: ⚠ [9/28] Failed to parse job 129191
[2025-11-09 16:26:15] INFO: ⏭️  [10/28] Skipping duplicate job 128980: Facility Manager
[2025-11-09 16:26:15] INFO: ⏭️  [11/28] Skipping duplicate job 129196: Manager, Financial Services
[2025-11-09 16:26:15] INFO: ⏭️  [12/28] Skipping duplicate job 129192: Senior GIS Business Analyst
[2025-11-09 16:26:15] INFO: ⏭️  [13/28] Skipping duplicate job 129165: Bilingual Interpretation Project Lead
[2025-11-09 16:26:15] INFO: ⏭️  [14/28] Skipping duplicate job 129012: Central Accounts Payable Project Officer
[2025-11-09 16:26:15] INFO: ⏭️  [15/28] Skipping duplicate job 128575: Bilingual Senior Policy Analyst
[2025-11-09 16:26:15] INFO: ⏭️  [16/28] Skipping duplicate job 129186: Regional Emergency Manager
[2025-11-09 16:26:15] INFO: ⏭️  [17/28] Skipping duplicate job 129172: Helitac Officer
[2025-11-09 16:26:15] INFO: ⏭️  [18/28] Skipping duplicate job 129170: Clerk 3
[2025-11-09 16:26:15] INFO: ⏭️  [19/28] Skipping duplicate job 129127: Apprenticeship Training Coordinator - Application Form Updated
[2025-11-09 16:26:15] INFO: ⏭️  [20/28] Skipping duplicate job 129109: Program Support Clerk
[2025-11-09 16:26:15] INFO: 📋 [21/28] Scraping: Chair and Chief Executive Officer / Chief Administrative Officer
[2025-11-09 16:26:15] INFO:   📄 Parsing job: Chair and Chief Executive Officer / Chief Administrative Officer
[2025-11-09 16:26:16] WARNING: ⚠ [21/28] Failed to parse job 129145
[2025-11-09 16:26:20] INFO: 📋 [22/28] Scraping: Financial Clerk
[2025-11-09 16:26:20] INFO:   📄 Parsing job: Financial Clerk
[2025-11-09 16:26:21] WARNING: ⚠ [22/28] Failed to parse job 128965
[2025-11-09 16:26:25] INFO: 📋 [23/28] Scraping: Director of Corporate Services and Finance
[2025-11-09 16:26:25] INFO:   📄 Parsing job: Director of Corporate Services and Finance
[2025-11-09 16:26:26] WARNING: ⚠ [23/28] Failed to parse job 129166
[2025-11-09 16:26:30] INFO: 📋 [24/28] Scraping: Senior Forest Technician - Timber Administration
[2025-11-09 16:26:30] INFO:   📄 Parsing job: Senior Forest Technician - Timber Administration
[2025-11-09 16:26:31] WARNING: ⚠ [24/28] Failed to parse job 129154
[2025-11-09 16:26:34] INFO: 📋 [25/28] Scraping: Information Specialist/Financial Worker
[2025-11-09 16:26:34] INFO:   📄 Parsing job: Information Specialist/Financial Worker
[2025-11-09 16:26:35] WARNING: ⚠ [25/28] Failed to parse job 128697
[2025-11-09 16:26:38] INFO: 📋 [26/28] Scraping: Senior Waterway Planning Engineer
[2025-11-09 16:26:38] INFO:   📄 Parsing job: Senior Waterway Planning Engineer
[2025-11-09 16:26:40] WARNING: ⚠ [26/28] Failed to parse job 129121
[2025-11-09 16:26:43] INFO: 📋 [27/28] Scraping: Executive Coordinator
[2025-11-09 16:26:43] INFO:   📄 Parsing job: Executive Coordinator
[2025-11-09 16:26:45] WARNING: ⚠ [27/28] Failed to parse job 129150
[2025-11-09 16:26:47] INFO: 📋 [28/28] Scraping: Engineer-In-Training/Project Engineer
[2025-11-09 16:26:47] INFO:   📄 Parsing job: Engineer-In-Training/Project Engineer
[2025-11-09 16:26:48] WARNING: ⚠ [28/28] Failed to parse job 129036
[2025-11-09 16:26:48] INFO: ================================================================================
[2025-11-09 16:26:48] INFO: Scraping Complete
[2025-11-09 16:26:48] INFO: ================================================================================
[2025-11-09 16:26:48] INFO: Matching jobs found: 28
[2025-11-09 16:26:48] INFO: New jobs scraped: 0
[2025-11-09 16:26:48] INFO: Duplicates skipped: 19
[2025-11-09 16:26:48] INFO: JSON files saved: /Users/agirgis/Downloads/public_jobs_scraper/data/MAN/jobs_json
[2025-11-09 16:26:48] INFO: HTML files saved: /Users/agirgis/Downloads/public_jobs_scraper/data/MAN/job_html
[2025-11-09 16:26:48] INFO: Log file: /Users/agirgis/Downloads/public_jobs_scraper/logs/MAN/man_scraper_20251109_162606.log
[2025-11-09 16:26:48] INFO: ================================================================================
[2025-11-09 16:26:48] INFO: Completed at: 2025-11-09 16:26:48
[2025-11-09 16:26:48] INFO: ================================================================================
