[2025-11-09 15:39:47] INFO: ================================================================================
[2025-11-09 15:39:47] INFO: Manitoba Government Job Scraper
[2025-11-09 15:39:47] INFO: ================================================================================
[2025-11-09 15:39:47] INFO: Started at: 2025-11-09 15:39:47
[2025-11-09 15:39:47] INFO: Data directory: /Users/agirgis/Downloads/public_jobs_scraper/data/MAN
[2025-11-09 15:39:47] INFO: Headless mode: False
[2025-11-09 15:39:47] INFO: ================================================================================
[2025-11-09 15:39:47] INFO: ✓ Loaded 44 keywords from list-of-jobs.txt
[2025-11-09 15:39:47] INFO: 🔍 Loaded 44 keywords for token matching
[2025-11-09 15:39:47] INFO: ================================================================================
[2025-11-09 15:39:47] INFO: 🌐 Loading: https://jobsearch.gov.mb.ca/search.action
[2025-11-09 15:39:49] INFO: 📋 Extracting all jobs from table...
[2025-11-09 15:39:49] INFO:   📋 Found 72 total jobs in table
[2025-11-09 15:39:49] INFO:   ✓ MATCH: 'Policy & Program Analyst (Multiple Positions)' → 'Policy Analyst' (score: 95)
[2025-11-09 15:39:49] INFO:   ✓ MATCH: 'Special Programs Coordinator' → 'Program Coordinator' (score: 85)
[2025-11-09 15:39:49] INFO:   ✓ MATCH: 'Manager, Accounting Services' → 'Manager' (score: 95)
[2025-11-09 15:39:49] INFO:   ✓ MATCH: 'Program Development Consultant' → 'Business Consultant' (score: 85)
[2025-11-09 15:39:49] INFO:   ✓ MATCH: 'Remediation Program Engineer' → 'Program Analyst' (score: 85)
[2025-11-09 15:39:49] INFO:   ✓ MATCH: 'Manager, Client Services' → 'Manager' (score: 95)
[2025-11-09 15:39:49] INFO:   ✓ MATCH: 'Office Manager' → 'Manager' (score: 95)
[2025-11-09 15:39:49] INFO:   ✓ MATCH: 'Safety and Health Officer' → 'Finance Officer' (score: 85)
[2025-11-09 15:39:49] INFO:   ✓ MATCH: 'Manager, Broadband and Public Safety Communications' → 'Manager' (score: 95)
[2025-11-09 15:39:49] INFO:   ✓ MATCH: 'Facility Manager' → 'Manager' (score: 95)
[2025-11-09 15:39:49] INFO:   ✓ MATCH: 'Manager, Financial Services' → 'Manager' (score: 95)
[2025-11-09 15:39:49] INFO:   ✓ MATCH: 'Senior GIS Business Analyst' → 'Business Analyst' (score: 95)
[2025-11-09 15:39:49] INFO:   ✓ MATCH: 'Bilingual Interpretation Project Lead' → 'Project Coordinator' (score: 85)
[2025-11-09 15:39:49] INFO:   ✓ MATCH: 'Central Accounts Payable Project Officer' → 'Project Officer' (score: 95)
[2025-11-09 15:39:49] INFO:   ✓ MATCH: 'Bilingual Senior Policy Analyst' → 'Policy Analyst' (score: 95)
[2025-11-09 15:39:49] INFO:   ✓ MATCH: 'Regional Emergency Manager' → 'Manager' (score: 95)
[2025-11-09 15:39:49] INFO:   ✓ MATCH: 'Helitac Officer' → 'Finance Officer' (score: 85)
[2025-11-09 15:39:49] INFO:   ✓ MATCH: 'Clerk 3' → 'Data Entry Clerk' (score: 85)
[2025-11-09 15:39:49] INFO:   ✓ MATCH: 'Apprenticeship Training Coordinator - Application Form Updated' → 'Program Coordinator' (score: 85)
[2025-11-09 15:39:49] INFO:   ✓ MATCH: 'Program Support Clerk' → 'Program Analyst' (score: 85)
[2025-11-09 15:39:49] INFO:   ✓ MATCH: 'Chair and Chief Executive Officer / Chief Administrative Officer' → 'Finance Officer' (score: 85)
[2025-11-09 15:39:49] INFO:   ✓ MATCH: 'Financial Clerk' → 'Data Entry Clerk' (score: 85)
[2025-11-09 15:39:49] INFO:   ✓ MATCH: 'Director of Corporate Services and Finance' → 'Finance Officer' (score: 85)
[2025-11-09 15:39:49] INFO:   ✓ MATCH: 'Senior Forest Technician - Timber Administration' → 'Senior Analyst' (score: 85)
[2025-11-09 15:39:49] INFO:   ✓ MATCH: 'Information Specialist/Financial Worker' → 'Information Officer' (score: 85)
[2025-11-09 15:39:49] INFO:   ✓ MATCH: 'Senior Waterway Planning Engineer' → 'Senior Analyst' (score: 85)
[2025-11-09 15:39:49] INFO:   ✓ MATCH: 'Executive Coordinator' → 'Program Coordinator' (score: 85)
[2025-11-09 15:39:50] INFO:   ✓ MATCH: 'Engineer-In-Training/Project Engineer' → 'Project Coordinator' (score: 85)
[2025-11-09 15:39:50] INFO:   ✓ Matched 28 jobs out of 72
[2025-11-09 15:39:50] INFO: ✓ Found 28 matching jobs
[2025-11-09 15:39:50] INFO: ================================================================================
[2025-11-09 15:39:50] INFO: 📋 [1/28] Scraping: Policy & Program Analyst (Multiple Positions)
[2025-11-09 15:39:50] INFO:   📄 Parsing job: Policy & Program Analyst (Multiple Positions)
[2025-11-09 15:39:50] ERROR:   ✗ Error scraping job 129176: Locator.click: SyntaxError: Failed to execute 'querySelectorAll' on 'Document': 'tr#129176' is not a valid selector.
    at query (<anonymous>:5031:41)
    at <anonymous>:5041:7
    at SelectorEvaluatorImpl._cached (<anonymous>:4818:20)
    at SelectorEvaluatorImpl._queryCSS (<anonymous>:5028:17)
    at SelectorEvaluatorImpl._querySimple (<anonymous>:4908:19)
    at <anonymous>:4856:29
    at SelectorEvaluatorImpl._cached (<anonymous>:4818:20)
    at SelectorEvaluatorImpl.query (<anonymous>:4849:19)
    at Object.query (<anonymous>:5063:44)
    at <anonymous>:5021:21
Call log:
  - waiting for locator("tr#129176")

[2025-11-09 15:39:50] WARNING: ⚠ [1/28] Failed to parse job 129176
[2025-11-09 15:39:52] INFO: 📋 [2/28] Scraping: Special Programs Coordinator
[2025-11-09 15:39:52] INFO:   📄 Parsing job: Special Programs Coordinator
[2025-11-09 15:39:52] ERROR:   ✗ Error scraping job 129200: Locator.click: SyntaxError: Failed to execute 'querySelectorAll' on 'Document': 'tr#129200' is not a valid selector.
    at query (<anonymous>:5031:41)
    at <anonymous>:5041:7
    at SelectorEvaluatorImpl._cached (<anonymous>:4818:20)
    at SelectorEvaluatorImpl._queryCSS (<anonymous>:5028:17)
    at SelectorEvaluatorImpl._querySimple (<anonymous>:4908:19)
    at <anonymous>:4856:29
    at SelectorEvaluatorImpl._cached (<anonymous>:4818:20)
    at SelectorEvaluatorImpl.query (<anonymous>:4849:19)
    at Object.query (<anonymous>:5063:44)
    at <anonymous>:5021:21
Call log:
  - waiting for locator("tr#129200")

[2025-11-09 15:39:52] WARNING: ⚠ [2/28] Failed to parse job 129200
