[2025-11-09 16:17:09] INFO: ================================================================================
[2025-11-09 16:17:09] INFO: Manitoba Government Job Scraper
[2025-11-09 16:17:09] INFO: ================================================================================
[2025-11-09 16:17:09] INFO: Started at: 2025-11-09 16:17:09
[2025-11-09 16:17:09] INFO: Data directory: /Users/agirgis/Downloads/public_jobs_scraper/data/MAN
[2025-11-09 16:17:09] INFO: Headless mode: False
[2025-11-09 16:17:09] INFO: ================================================================================
[2025-11-09 16:17:09] INFO: ✓ Loaded 44 keywords from list-of-jobs.txt
[2025-11-09 16:17:09] INFO: 🔍 Loaded 44 keywords for token matching
[2025-11-09 16:17:09] INFO: ================================================================================
[2025-11-09 16:17:10] INFO: 🌐 Loading: https://jobsearch.gov.mb.ca/search.action
[2025-11-09 16:17:12] INFO: 📋 Extracting all jobs from table...
[2025-11-09 16:17:12] INFO:   📋 Found 72 total jobs in table
[2025-11-09 16:17:12] INFO:   ✓ MATCH: 'Policy & Program Analyst (Multiple Positions)' → 'Policy Analyst' (score: 95)
[2025-11-09 16:17:12] INFO:   ✓ MATCH: 'Special Programs Coordinator' → 'Program Coordinator' (score: 85)
[2025-11-09 16:17:12] INFO:   ✓ MATCH: 'Manager, Accounting Services' → 'Manager' (score: 95)
[2025-11-09 16:17:12] INFO:   ✓ MATCH: 'Program Development Consultant' → 'Business Consultant' (score: 85)
[2025-11-09 16:17:12] INFO:   ✓ MATCH: 'Remediation Program Engineer' → 'Program Analyst' (score: 85)
[2025-11-09 16:17:12] INFO:   ✓ MATCH: 'Manager, Client Services' → 'Manager' (score: 95)
[2025-11-09 16:17:12] INFO:   ✓ MATCH: 'Office Manager' → 'Manager' (score: 95)
[2025-11-09 16:17:12] INFO:   ✓ MATCH: 'Safety and Health Officer' → 'Finance Officer' (score: 85)
[2025-11-09 16:17:12] INFO:   ✓ MATCH: 'Manager, Broadband and Public Safety Communications' → 'Manager' (score: 95)
[2025-11-09 16:17:12] INFO:   ✓ MATCH: 'Facility Manager' → 'Manager' (score: 95)
[2025-11-09 16:17:12] INFO:   ✓ MATCH: 'Manager, Financial Services' → 'Manager' (score: 95)
[2025-11-09 16:17:12] INFO:   ✓ MATCH: 'Senior GIS Business Analyst' → 'Business Analyst' (score: 95)
[2025-11-09 16:17:12] INFO:   ✓ MATCH: 'Bilingual Interpretation Project Lead' → 'Project Coordinator' (score: 85)
[2025-11-09 16:17:12] INFO:   ✓ MATCH: 'Central Accounts Payable Project Officer' → 'Project Officer' (score: 95)
[2025-11-09 16:17:12] INFO:   ✓ MATCH: 'Bilingual Senior Policy Analyst' → 'Policy Analyst' (score: 95)
[2025-11-09 16:17:12] INFO:   ✓ MATCH: 'Regional Emergency Manager' → 'Manager' (score: 95)
[2025-11-09 16:17:12] INFO:   ✓ MATCH: 'Helitac Officer' → 'Finance Officer' (score: 85)
[2025-11-09 16:17:12] INFO:   ✓ MATCH: 'Clerk 3' → 'Data Entry Clerk' (score: 85)
[2025-11-09 16:17:12] INFO:   ✓ MATCH: 'Apprenticeship Training Coordinator - Application Form Updated' → 'Program Coordinator' (score: 85)
[2025-11-09 16:17:12] INFO:   ✓ MATCH: 'Program Support Clerk' → 'Program Analyst' (score: 85)
[2025-11-09 16:17:12] INFO:   ✓ MATCH: 'Chair and Chief Executive Officer / Chief Administrative Officer' → 'Finance Officer' (score: 85)
[2025-11-09 16:17:12] INFO:   ✓ MATCH: 'Financial Clerk' → 'Data Entry Clerk' (score: 85)
[2025-11-09 16:17:12] INFO:   ✓ MATCH: 'Director of Corporate Services and Finance' → 'Finance Officer' (score: 85)
[2025-11-09 16:17:12] INFO:   ✓ MATCH: 'Senior Forest Technician - Timber Administration' → 'Senior Analyst' (score: 85)
[2025-11-09 16:17:12] INFO:   ✓ MATCH: 'Information Specialist/Financial Worker' → 'Information Officer' (score: 85)
[2025-11-09 16:17:12] INFO:   ✓ MATCH: 'Senior Waterway Planning Engineer' → 'Senior Analyst' (score: 85)
[2025-11-09 16:17:12] INFO:   ✓ MATCH: 'Executive Coordinator' → 'Program Coordinator' (score: 85)
[2025-11-09 16:17:12] INFO:   ✓ MATCH: 'Engineer-In-Training/Project Engineer' → 'Project Coordinator' (score: 85)
[2025-11-09 16:17:12] INFO:   ✓ Matched 28 jobs out of 72
[2025-11-09 16:17:12] INFO: ✓ Found 28 matching jobs
[2025-11-09 16:17:12] INFO: ================================================================================
[2025-11-09 16:17:12] INFO: ⏭️  [1/28] Skipping duplicate job 129176: Policy & Program Analyst (Multiple Positions)
[2025-11-09 16:17:12] INFO: ⏭️  [2/28] Skipping duplicate job 129200: Special Programs Coordinator
[2025-11-09 16:17:12] INFO: ⏭️  [3/28] Skipping duplicate job 129195: Manager, Accounting Services
[2025-11-09 16:17:12] INFO: 📋 [4/28] Scraping: Program Development Consultant
[2025-11-09 16:17:12] INFO:   📄 Parsing job: Program Development Consultant
[2025-11-09 16:17:14] INFO:   ✓ Successfully parsed job 129181
[2025-11-09 16:17:14] INFO:   💾 Saved JSON: man_job_129181.json
[2025-11-09 16:17:14] INFO: ✓ [4/28] Successfully scraped job 129181
[2025-11-09 16:17:16] INFO: ⏭️  [5/28] Skipping duplicate job 129203: Remediation Program Engineer
[2025-11-09 16:17:16] INFO: ⏭️  [6/28] Skipping duplicate job 129198: Manager, Client Services
[2025-11-09 16:17:16] INFO: ⏭️  [7/28] Skipping duplicate job 129188: Office Manager
[2025-11-09 16:17:16] INFO: ⏭️  [8/28] Skipping duplicate job 129197: Safety and Health Officer
[2025-11-09 16:17:16] INFO: ⏭️  [9/28] Skipping duplicate job 129191: Manager, Broadband and Public Safety Communications
[2025-11-09 16:17:16] INFO: ⏭️  [10/28] Skipping duplicate job 128980: Facility Manager
[2025-11-09 16:17:16] INFO: ⏭️  [11/28] Skipping duplicate job 129196: Manager, Financial Services
[2025-11-09 16:17:16] INFO: ⏭️  [12/28] Skipping duplicate job 129192: Senior GIS Business Analyst
[2025-11-09 16:17:16] INFO: ⏭️  [13/28] Skipping duplicate job 129165: Bilingual Interpretation Project Lead
[2025-11-09 16:17:16] INFO: ⏭️  [14/28] Skipping duplicate job 129012: Central Accounts Payable Project Officer
[2025-11-09 16:17:16] INFO: ⏭️  [15/28] Skipping duplicate job 128575: Bilingual Senior Policy Analyst
[2025-11-09 16:17:16] INFO: ⏭️  [16/28] Skipping duplicate job 129186: Regional Emergency Manager
[2025-11-09 16:17:16] INFO: ⏭️  [17/28] Skipping duplicate job 129172: Helitac Officer
[2025-11-09 16:17:16] INFO: ⏭️  [18/28] Skipping duplicate job 129170: Clerk 3
[2025-11-09 16:17:16] INFO: ⏭️  [19/28] Skipping duplicate job 129127: Apprenticeship Training Coordinator - Application Form Updated
[2025-11-09 16:17:16] INFO: ⏭️  [20/28] Skipping duplicate job 129109: Program Support Clerk
[2025-11-09 16:17:16] INFO: ⏭️  [21/28] Skipping duplicate job 129145: Chair and Chief Executive Officer / Chief Administrative Officer
[2025-11-09 16:17:16] INFO: 📋 [22/28] Scraping: Financial Clerk
[2025-11-09 16:17:16] INFO:   📄 Parsing job: Financial Clerk
[2025-11-09 16:17:18] INFO:   ✓ Successfully parsed job 128965
[2025-11-09 16:17:18] INFO:   💾 Saved JSON: man_job_128965.json
[2025-11-09 16:17:18] INFO: ✓ [22/28] Successfully scraped job 128965
[2025-11-09 16:17:20] INFO: 📋 [23/28] Scraping: Director of Corporate Services and Finance
[2025-11-09 16:17:20] INFO:   📄 Parsing job: Director of Corporate Services and Finance
[2025-11-09 16:17:21] INFO:   ✓ Successfully parsed job 129166
[2025-11-09 16:17:21] INFO:   💾 Saved JSON: man_job_129166.json
[2025-11-09 16:17:21] INFO: ✓ [23/28] Successfully scraped job 129166
[2025-11-09 16:17:25] INFO: 📋 [24/28] Scraping: Senior Forest Technician - Timber Administration
[2025-11-09 16:17:25] INFO:   📄 Parsing job: Senior Forest Technician - Timber Administration
[2025-11-09 16:17:27] INFO:   ✓ Successfully parsed job 129154
[2025-11-09 16:17:27] INFO:   💾 Saved JSON: man_job_129154.json
[2025-11-09 16:17:27] INFO: ✓ [24/28] Successfully scraped job 129154
[2025-11-09 16:17:30] INFO: 📋 [25/28] Scraping: Information Specialist/Financial Worker
[2025-11-09 16:17:30] INFO:   📄 Parsing job: Information Specialist/Financial Worker
[2025-11-09 16:17:32] INFO:   ✓ Successfully parsed job 128697
[2025-11-09 16:17:32] INFO:   💾 Saved JSON: man_job_128697.json
[2025-11-09 16:17:32] INFO: ✓ [25/28] Successfully scraped job 128697
[2025-11-09 16:17:35] INFO: 📋 [26/28] Scraping: Senior Waterway Planning Engineer
[2025-11-09 16:17:35] INFO:   📄 Parsing job: Senior Waterway Planning Engineer
[2025-11-09 16:17:37] INFO:   ✓ Successfully parsed job 129121
[2025-11-09 16:17:37] INFO:   💾 Saved JSON: man_job_129121.json
[2025-11-09 16:17:37] INFO: ✓ [26/28] Successfully scraped job 129121
[2025-11-09 16:17:39] INFO: 📋 [27/28] Scraping: Executive Coordinator
[2025-11-09 16:17:39] INFO:   📄 Parsing job: Executive Coordinator
[2025-11-09 16:17:42] INFO:   ✓ Successfully parsed job 129150
[2025-11-09 16:17:42] INFO:   💾 Saved JSON: man_job_129150.json
[2025-11-09 16:17:42] INFO: ✓ [27/28] Successfully scraped job 129150
[2025-11-09 16:17:45] INFO: 📋 [28/28] Scraping: Engineer-In-Training/Project Engineer
[2025-11-09 16:17:45] INFO:   📄 Parsing job: Engineer-In-Training/Project Engineer
[2025-11-09 16:17:46] INFO:   ✓ Successfully parsed job 129036
[2025-11-09 16:17:46] INFO:   💾 Saved JSON: man_job_129036.json
[2025-11-09 16:17:46] INFO: ✓ [28/28] Successfully scraped job 129036
[2025-11-09 16:17:46] INFO: ================================================================================
[2025-11-09 16:17:46] INFO: Scraping Complete
[2025-11-09 16:17:46] INFO: ================================================================================
[2025-11-09 16:17:46] INFO: Matching jobs found: 28
[2025-11-09 16:17:46] INFO: New jobs scraped: 8
[2025-11-09 16:17:46] INFO: Duplicates skipped: 20
[2025-11-09 16:17:46] INFO: JSON files saved: /Users/agirgis/Downloads/public_jobs_scraper/data/MAN/jobs_json
[2025-11-09 16:17:46] INFO: HTML files saved: /Users/agirgis/Downloads/public_jobs_scraper/data/MAN/job_html
[2025-11-09 16:17:46] INFO: Log file: /Users/agirgis/Downloads/public_jobs_scraper/logs/MAN/man_scraper_20251109_161709.log
[2025-11-09 16:17:46] INFO: ================================================================================
[2025-11-09 16:17:46] INFO: Completed at: 2025-11-09 16:17:46
[2025-11-09 16:17:46] INFO: ================================================================================
