[2025-11-09 16:21:27] INFO: ================================================================================
[2025-11-09 16:21:27] INFO: Manitoba Government Job Scraper
[2025-11-09 16:21:27] INFO: ================================================================================
[2025-11-09 16:21:27] INFO: Started at: 2025-11-09 16:21:27
[2025-11-09 16:21:27] INFO: Data directory: /Users/agirgis/Downloads/public_jobs_scraper/data/MAN
[2025-11-09 16:21:27] INFO: Headless mode: False
[2025-11-09 16:21:27] INFO: ================================================================================
[2025-11-09 16:21:27] INFO: ✓ Loaded 44 keywords from list-of-jobs.txt
[2025-11-09 16:21:27] INFO: 🔍 Loaded 44 keywords for token matching
[2025-11-09 16:21:27] INFO: ================================================================================
[2025-11-09 16:21:28] INFO: 🌐 Loading: https://jobsearch.gov.mb.ca/search.action
[2025-11-09 16:21:31] INFO: 📋 Extracting all jobs from table...
[2025-11-09 16:21:31] INFO:   📋 Found 72 total jobs in table
[2025-11-09 16:21:31] INFO:   ✓ MATCH: 'Policy & Program Analyst (Multiple Positions)' → 'Policy Analyst' (score: 95)
[2025-11-09 16:21:31] INFO:   ✓ MATCH: 'Special Programs Coordinator' → 'Program Coordinator' (score: 85)
[2025-11-09 16:21:31] INFO:   ✓ MATCH: 'Manager, Accounting Services' → 'Manager' (score: 95)
[2025-11-09 16:21:31] INFO:   ✓ MATCH: 'Program Development Consultant' → 'Business Consultant' (score: 85)
[2025-11-09 16:21:31] INFO:   ✓ MATCH: 'Remediation Program Engineer' → 'Program Analyst' (score: 85)
[2025-11-09 16:21:31] INFO:   ✓ MATCH: 'Manager, Client Services' → 'Manager' (score: 95)
[2025-11-09 16:21:31] INFO:   ✓ MATCH: 'Office Manager' → 'Manager' (score: 95)
[2025-11-09 16:21:31] INFO:   ✓ MATCH: 'Safety and Health Officer' → 'Finance Officer' (score: 85)
[2025-11-09 16:21:31] INFO:   ✓ MATCH: 'Manager, Broadband and Public Safety Communications' → 'Manager' (score: 95)
[2025-11-09 16:21:31] INFO:   ✓ MATCH: 'Facility Manager' → 'Manager' (score: 95)
[2025-11-09 16:21:31] INFO:   ✓ MATCH: 'Manager, Financial Services' → 'Manager' (score: 95)
[2025-11-09 16:21:31] INFO:   ✓ MATCH: 'Senior GIS Business Analyst' → 'Business Analyst' (score: 95)
[2025-11-09 16:21:31] INFO:   ✓ MATCH: 'Bilingual Interpretation Project Lead' → 'Project Coordinator' (score: 85)
[2025-11-09 16:21:31] INFO:   ✓ MATCH: 'Central Accounts Payable Project Officer' → 'Project Officer' (score: 95)
[2025-11-09 16:21:31] INFO:   ✓ MATCH: 'Bilingual Senior Policy Analyst' → 'Policy Analyst' (score: 95)
[2025-11-09 16:21:31] INFO:   ✓ MATCH: 'Regional Emergency Manager' → 'Manager' (score: 95)
[2025-11-09 16:21:31] INFO:   ✓ MATCH: 'Helitac Officer' → 'Finance Officer' (score: 85)
[2025-11-09 16:21:31] INFO:   ✓ MATCH: 'Clerk 3' → 'Data Entry Clerk' (score: 85)
[2025-11-09 16:21:31] INFO:   ✓ MATCH: 'Apprenticeship Training Coordinator - Application Form Updated' → 'Program Coordinator' (score: 85)
[2025-11-09 16:21:31] INFO:   ✓ MATCH: 'Program Support Clerk' → 'Program Analyst' (score: 85)
[2025-11-09 16:21:31] INFO:   ✓ MATCH: 'Chair and Chief Executive Officer / Chief Administrative Officer' → 'Finance Officer' (score: 85)
[2025-11-09 16:21:31] INFO:   ✓ MATCH: 'Financial Clerk' → 'Data Entry Clerk' (score: 85)
[2025-11-09 16:21:31] INFO:   ✓ MATCH: 'Director of Corporate Services and Finance' → 'Finance Officer' (score: 85)
[2025-11-09 16:21:31] INFO:   ✓ MATCH: 'Senior Forest Technician - Timber Administration' → 'Senior Analyst' (score: 85)
[2025-11-09 16:21:31] INFO:   ✓ MATCH: 'Information Specialist/Financial Worker' → 'Information Officer' (score: 85)
[2025-11-09 16:21:31] INFO:   ✓ MATCH: 'Senior Waterway Planning Engineer' → 'Senior Analyst' (score: 85)
[2025-11-09 16:21:31] INFO:   ✓ MATCH: 'Executive Coordinator' → 'Program Coordinator' (score: 85)
[2025-11-09 16:21:31] INFO:   ✓ MATCH: 'Engineer-In-Training/Project Engineer' → 'Project Coordinator' (score: 85)
[2025-11-09 16:21:31] INFO:   ✓ Matched 28 jobs out of 72
[2025-11-09 16:21:31] INFO: ✓ Found 28 matching jobs
[2025-11-09 16:21:31] INFO: ================================================================================
[2025-11-09 16:21:31] INFO: ⏭️  [1/28] Skipping duplicate job 129176: Policy & Program Analyst (Multiple Positions)
[2025-11-09 16:21:31] INFO: ⏭️  [2/28] Skipping duplicate job 129200: Special Programs Coordinator
[2025-11-09 16:21:31] INFO: ⏭️  [3/28] Skipping duplicate job 129195: Manager, Accounting Services
[2025-11-09 16:21:31] INFO: 📋 [4/28] Scraping: Program Development Consultant
[2025-11-09 16:21:31] INFO:   📄 Parsing job: Program Development Consultant
[2025-11-09 16:21:33] INFO:   ✓ Successfully parsed job 129181
[2025-11-09 16:21:33] INFO:   💾 Saved JSON: man_job_129181.json
[2025-11-09 16:21:33] INFO: ✓ [4/28] Successfully scraped job 129181
[2025-11-09 16:21:36] INFO: ⏭️  [5/28] Skipping duplicate job 129203: Remediation Program Engineer
[2025-11-09 16:21:36] INFO: ⏭️  [6/28] Skipping duplicate job 129198: Manager, Client Services
[2025-11-09 16:21:36] INFO: ⏭️  [7/28] Skipping duplicate job 129188: Office Manager
[2025-11-09 16:21:36] INFO: ⏭️  [8/28] Skipping duplicate job 129197: Safety and Health Officer
[2025-11-09 16:21:36] INFO: ⏭️  [9/28] Skipping duplicate job 129191: Manager, Broadband and Public Safety Communications
[2025-11-09 16:21:36] INFO: ⏭️  [10/28] Skipping duplicate job 128980: Facility Manager
[2025-11-09 16:21:36] INFO: ⏭️  [11/28] Skipping duplicate job 129196: Manager, Financial Services
[2025-11-09 16:21:36] INFO: ⏭️  [12/28] Skipping duplicate job 129192: Senior GIS Business Analyst
[2025-11-09 16:21:36] INFO: ⏭️  [13/28] Skipping duplicate job 129165: Bilingual Interpretation Project Lead
[2025-11-09 16:21:36] INFO: ⏭️  [14/28] Skipping duplicate job 129012: Central Accounts Payable Project Officer
[2025-11-09 16:21:36] INFO: ⏭️  [15/28] Skipping duplicate job 128575: Bilingual Senior Policy Analyst
[2025-11-09 16:21:36] INFO: ⏭️  [16/28] Skipping duplicate job 129186: Regional Emergency Manager
[2025-11-09 16:21:36] INFO: ⏭️  [17/28] Skipping duplicate job 129172: Helitac Officer
[2025-11-09 16:21:36] INFO: ⏭️  [18/28] Skipping duplicate job 129170: Clerk 3
[2025-11-09 16:21:36] INFO: ⏭️  [19/28] Skipping duplicate job 129127: Apprenticeship Training Coordinator - Application Form Updated
[2025-11-09 16:21:36] INFO: ⏭️  [20/28] Skipping duplicate job 129109: Program Support Clerk
[2025-11-09 16:21:36] INFO: ⏭️  [21/28] Skipping duplicate job 129145: Chair and Chief Executive Officer / Chief Administrative Officer
[2025-11-09 16:21:36] INFO: ⏭️  [22/28] Skipping duplicate job 128965: Financial Clerk
[2025-11-09 16:21:36] INFO: ⏭️  [23/28] Skipping duplicate job 129166: Director of Corporate Services and Finance
[2025-11-09 16:21:36] INFO: ⏭️  [24/28] Skipping duplicate job 129154: Senior Forest Technician - Timber Administration
[2025-11-09 16:21:36] INFO: ⏭️  [25/28] Skipping duplicate job 128697: Information Specialist/Financial Worker
[2025-11-09 16:21:36] INFO: ⏭️  [26/28] Skipping duplicate job 129121: Senior Waterway Planning Engineer
[2025-11-09 16:21:36] INFO: ⏭️  [27/28] Skipping duplicate job 129150: Executive Coordinator
[2025-11-09 16:21:36] INFO: ⏭️  [28/28] Skipping duplicate job 129036: Engineer-In-Training/Project Engineer
[2025-11-09 16:21:36] INFO: ================================================================================
[2025-11-09 16:21:36] INFO: Scraping Complete
[2025-11-09 16:21:36] INFO: ================================================================================
[2025-11-09 16:21:36] INFO: Matching jobs found: 28
[2025-11-09 16:21:36] INFO: New jobs scraped: 1
[2025-11-09 16:21:36] INFO: Duplicates skipped: 27
[2025-11-09 16:21:36] INFO: JSON files saved: /Users/agirgis/Downloads/public_jobs_scraper/data/MAN/jobs_json
[2025-11-09 16:21:36] INFO: HTML files saved: /Users/agirgis/Downloads/public_jobs_scraper/data/MAN/job_html
[2025-11-09 16:21:36] INFO: Log file: /Users/agirgis/Downloads/public_jobs_scraper/logs/MAN/man_scraper_20251109_162127.log
[2025-11-09 16:21:36] INFO: ================================================================================
[2025-11-09 16:21:36] INFO: Completed at: 2025-11-09 16:21:36
[2025-11-09 16:21:36] INFO: ================================================================================
