2025-11-09 00:50:23,324 - __main__ - INFO - ================================================================================
2025-11-09 00:50:23,324 - __main__ - INFO - Ontario (ONT) Job Scraper Starting
2025-11-09 00:50:23,324 - __main__ - INFO - ================================================================================
2025-11-09 00:50:23,558 - __main__ - INFO - Launching Chromium browser (headless=False)
2025-11-09 00:50:24,725 - __main__ - INFO - Starting Ontario job scraping workflow
2025-11-09 00:50:24,726 - __main__ - INFO - Loaded 43 job keywords from /Users/agirgis/Downloads/public_jobs_scraper/list-of-jobs.txt
2025-11-09 00:50:24,726 - __main__ - INFO - Navigating to https://www.gojobs.gov.on.ca/Search.aspx
2025-11-09 00:50:26,744 - __main__ - INFO - Scrolling page like a human
2025-11-09 00:50:28,679 - __main__ - INFO - Page scrolled successfully
2025-11-09 00:50:28,679 - __main__ - INFO - Selecting search filters
2025-11-09 00:50:29,286 - __main__ - INFO - Opened job category dropdown
2025-11-09 00:50:30,658 - __main__ - INFO - ✓ Selected 'All job categories' checkbox
2025-11-09 00:50:31,173 - __main__ - INFO - Checkbox checked state: True
2025-11-09 00:50:31,549 - __main__ - INFO - Closed job category dropdown
2025-11-09 00:50:32,052 - __main__ - INFO - Scrolling to Search button
2025-11-09 00:50:32,893 - __main__ - INFO - Search button is now in view
2025-11-09 00:50:32,977 - __main__ - INFO - Saved screenshot before search: /Users/agirgis/Downloads/public_jobs_scraper/data/ONT/search_html/before_search_20251109_005032.png
2025-11-09 00:50:32,977 - __main__ - INFO - Clicking Search button to load job results
2025-11-09 00:50:33,012 - __main__ - INFO - Search submitted successfully
2025-11-09 00:50:33,012 - __main__ - INFO - Waiting for search results to load...
2025-11-09 00:50:38,033 - __main__ - INFO - Search results loaded successfully
2025-11-09 00:50:38,121 - __main__ - INFO - Saved screenshot after search: /Users/agirgis/Downloads/public_jobs_scraper/data/ONT/search_html/after_search_20251109_005038.png
2025-11-09 00:50:38,159 - __main__ - INFO - Total pages to scrape: 11
2025-11-09 00:50:38,159 - __main__ - INFO - Processing page 1/11
2025-11-09 00:50:38,159 - __main__ - INFO - Scraping search page 1
2025-11-09 00:50:38,180 - __main__ - INFO - Found 10 job listings on page 1
2025-11-09 00:50:38,209 - __main__ - INFO - Found 0 matches on page 1
2025-11-09 00:50:40,214 - __main__ - INFO - Processing page 2/11
2025-11-09 00:50:40,229 - __main__ - INFO - Clicking pagination link for page 2
2025-11-09 00:50:42,271 - __main__ - INFO - Scraping search page 2
2025-11-09 00:50:42,314 - __main__ - INFO - Found 10 job listings on page 2
2025-11-09 00:50:42,347 - __main__ - INFO - Found 0 matches on page 2
2025-11-09 00:50:44,352 - __main__ - INFO - Processing page 3/11
2025-11-09 00:50:44,369 - __main__ - INFO - Clicking pagination link for page 3
2025-11-09 00:50:46,401 - __main__ - INFO - Scraping search page 3
2025-11-09 00:50:46,445 - __main__ - INFO - Found 10 job listings on page 3
2025-11-09 00:50:46,478 - __main__ - INFO - Found 0 matches on page 3
2025-11-09 00:50:48,479 - __main__ - INFO - Processing page 4/11
2025-11-09 00:50:48,499 - __main__ - INFO - Clicking pagination link for page 4
2025-11-09 00:50:50,534 - __main__ - INFO - Scraping search page 4
2025-11-09 00:50:50,580 - __main__ - INFO - Found 11 job listings on page 4
2025-11-09 00:50:50,617 - __main__ - INFO - Found 0 matches on page 4
2025-11-09 00:50:52,623 - __main__ - INFO - Processing page 5/11
2025-11-09 00:50:52,637 - __main__ - INFO - Clicking pagination link for page 5
2025-11-09 00:50:54,686 - __main__ - INFO - Scraping search page 5
2025-11-09 00:50:54,730 - __main__ - INFO - Found 11 job listings on page 5
2025-11-09 00:50:54,765 - __main__ - INFO - Found 0 matches on page 5
2025-11-09 00:50:56,766 - __main__ - INFO - Processing page 6/11
2025-11-09 00:50:56,775 - __main__ - INFO - Clicking pagination link for page 6
2025-11-09 00:50:58,816 - __main__ - INFO - Scraping search page 6
2025-11-09 00:50:58,859 - __main__ - INFO - Found 10 job listings on page 6
2025-11-09 00:50:58,894 - __main__ - INFO - Found 0 matches on page 6
2025-11-09 00:51:00,900 - __main__ - INFO - Processing page 7/11
2025-11-09 00:51:00,914 - __main__ - INFO - Clicking pagination link for page 7
2025-11-09 00:51:02,952 - __main__ - INFO - Scraping search page 7
2025-11-09 00:51:02,994 - __main__ - INFO - Found 10 job listings on page 7
2025-11-09 00:51:03,030 - __main__ - INFO - Found 0 matches on page 7
2025-11-09 00:51:05,031 - __main__ - INFO - Processing page 8/11
2025-11-09 00:51:05,044 - __main__ - INFO - Clicking pagination link for page 8
2025-11-09 00:51:07,095 - __main__ - INFO - Scraping search page 8
2025-11-09 00:51:07,142 - __main__ - INFO - Found 13 job listings on page 8
2025-11-09 00:51:07,184 - __main__ - INFO - Found 0 matches on page 8
2025-11-09 00:51:09,189 - __main__ - INFO - Processing page 9/11
2025-11-09 00:51:09,204 - __main__ - INFO - Clicking pagination link for page 9
2025-11-09 00:51:11,260 - __main__ - INFO - Scraping search page 9
2025-11-09 00:51:11,303 - __main__ - INFO - Found 10 job listings on page 9
2025-11-09 00:51:11,337 - __main__ - INFO - Found 0 matches on page 9
2025-11-09 00:51:13,342 - __main__ - INFO - Processing page 10/11
2025-11-09 00:51:13,357 - __main__ - INFO - Clicking pagination link for page 10
2025-11-09 00:51:15,402 - __main__ - INFO - Scraping search page 10
2025-11-09 00:51:15,444 - __main__ - INFO - Found 11 job listings on page 10
2025-11-09 00:51:15,483 - __main__ - INFO - Found 0 matches on page 10
2025-11-09 00:51:17,489 - __main__ - INFO - Processing page 11/11
2025-11-09 00:51:17,504 - __main__ - INFO - Clicking pagination link for page 11
2025-11-09 00:51:19,556 - __main__ - INFO - Scraping search page 11
2025-11-09 00:51:19,603 - __main__ - INFO - Found 11 job listings on page 11
2025-11-09 00:51:19,638 - __main__ - INFO - Found 0 matches on page 11
2025-11-09 00:51:19,638 - __main__ - INFO - Total matches found: 0
2025-11-09 00:51:19,638 - __main__ - INFO - Successfully scraped 0 jobs
2025-11-09 00:51:19,638 - __main__ - INFO - Scraping complete. Total jobs scraped: 0
2025-11-09 00:51:19,638 - __main__ - INFO - Closing browser
2025-11-09 00:51:19,813 - __main__ - INFO - Ontario Job Scraper finished
