[2025-11-09 01:21:10] INFO: ================================================================================
[2025-11-09 01:21:10] INFO: Ontario (ONT) Job Scraper Starting
[2025-11-09 01:21:10] INFO: ================================================================================
[2025-11-09 01:21:10] INFO: Launching Chromium browser (headless=False)
[2025-11-09 01:21:11] INFO: Starting Ontario job scraping workflow
[2025-11-09 01:21:11] INFO: Loaded 43 job keywords from /Users/agirgis/Downloads/public_jobs_scraper/list-of-jobs.txt
[2025-11-09 01:21:11] INFO: Navigating to https://www.gojobs.gov.on.ca/Search.aspx
[2025-11-09 01:21:13] INFO: Scrolling page like a human
[2025-11-09 01:21:15] INFO: Page scrolled successfully
[2025-11-09 01:21:15] INFO: Selecting search filters
[2025-11-09 01:21:15] INFO: Opened job category dropdown
[2025-11-09 01:21:17] INFO: ✓ Selected 'All job categories' checkbox
[2025-11-09 01:21:17] INFO: Checkbox checked state: True
[2025-11-09 01:21:17] INFO: Closed job category dropdown
[2025-11-09 01:21:18] INFO: Scrolling to Search button
[2025-11-09 01:21:19] INFO: Search button is now in view
[2025-11-09 01:21:19] INFO: Saved screenshot before search: /Users/agirgis/Downloads/public_jobs_scraper/data/ONT/search_html/before_search_20251109_012119.png
[2025-11-09 01:21:19] INFO: Clicking Search button to load job results
[2025-11-09 01:21:19] INFO: Search submitted successfully
[2025-11-09 01:21:19] INFO: Waiting for search results to load...
[2025-11-09 01:21:27] INFO: Search results loaded successfully
[2025-11-09 01:21:27] INFO: Saved screenshot after search: /Users/agirgis/Downloads/public_jobs_scraper/data/ONT/search_html/after_search_20251109_012127.png
[2025-11-09 01:21:27] INFO: Total pages to scrape: 11
[2025-11-09 01:21:27] INFO: Processing page 1/11
[2025-11-09 01:21:27] INFO: Scraping search page 1
[2025-11-09 01:21:27] INFO: Found 10 job listings on page 1
[2025-11-09 01:21:27] INFO: Checking job 1/10: '201 - Operations Supervisor, Water And Wastewater (1)'
[2025-11-09 01:21:27] INFO: Checking job 2/10: 'Actuary (1)'
[2025-11-09 01:21:27] INFO: Checking job 3/10: 'Ambulance Communications Officer (Irregularly Scheduled/On-Call) (3)'
[2025-11-09 01:21:27] INFO: Checking job 4/10: 'Assessment Biologist (1)'
[2025-11-09 01:21:27] INFO: Checking job 5/10: 'Consultation and Aboriginal Treaty Rights Advisor (2)'
[2025-11-09 01:21:27] INFO: Checking job 6/10: 'Crown Counsel (1)'
[2025-11-09 01:21:27] INFO: Checking job 7/10: 'Crown Counsel (1)'
[2025-11-09 01:21:27] INFO: Checking job 8/10: 'District Resource Liaison Specialist (1)'
[2025-11-09 01:21:27] INFO: Checking job 9/10: 'Program Evaluation and Performance Measurement Specialist (2)'
[2025-11-09 01:21:27] INFO: Checking job 10/10: 'Social Worker (1)'
[2025-11-09 01:21:27] INFO: Found 0 matches on page 1
[2025-11-09 01:21:29] INFO: Processing page 2/11
[2025-11-09 01:21:29] INFO: Scrolling to page 2 link...
[2025-11-09 01:21:30] INFO: Clicking pagination link for page 2
[2025-11-09 01:21:33] INFO: Scraping search page 2
[2025-11-09 01:21:33] INFO: Found 10 job listings on page 2
[2025-11-09 01:21:33] INFO: Checking job 1/10: 'Social Worker (2)'
[2025-11-09 01:21:33] INFO: Checking job 2/10: 'Social Worker (1)'
[2025-11-09 01:21:33] INFO: Checking job 3/10: 'Technical Services Officer (1)'
[2025-11-09 01:21:33] INFO: Checking job 4/10: 'Technical Services Officer (1)'
[2025-11-09 01:21:33] INFO: Checking job 5/10: '194 - Procurement Consultant (1)'
[2025-11-09 01:21:33] INFO: Checking job 6/10: '198 - Water and Wastewater Operator (3)'
[2025-11-09 01:21:33] INFO: Checking job 7/10: '200 - Utility Plant Electrician Operator (3)'
[2025-11-09 01:21:33] INFO: Checking job 8/10: 'Assistant Park Superintendent (1)'
[2025-11-09 01:21:33] INFO: Checking job 9/10: 'Facilities Management Consultant (1)'
[2025-11-09 01:21:33] INFO: Checking job 10/10: 'Head, Geotechnical (1)'
[2025-11-09 01:21:33] INFO: Found 0 matches on page 2
[2025-11-09 01:21:35] INFO: Processing page 3/11
[2025-11-09 01:21:35] INFO: Scrolling to page 3 link...
[2025-11-09 01:21:36] INFO: Clicking pagination link for page 3
[2025-11-09 01:21:39] INFO: Scraping search page 3
[2025-11-09 01:21:39] INFO: Found 10 job listings on page 3
[2025-11-09 01:21:39] INFO: Checking job 1/10: 'Historical Interpreter (Seasonal) (1)'
[2025-11-09 01:21:39] INFO: Checking job 2/10: 'Hub Administrative Assistant (1)'
[2025-11-09 01:21:39] INFO: Checking job 3/10: 'I&IT Opportunities'
[2025-11-09 01:21:39] INFO: Checking job 4/10: 'Manager, Finance and Administrative Services (1)'
[2025-11-09 01:21:39] INFO: ✓ MATCH FOUND: 'Manager, Finance and Administrative Services (1)' (ID: 236602) - Keyword: 'Manager' (Score: 100.0)
[2025-11-09 01:21:39] INFO: Checking job 5/10: 'Manager, Volume-Based Acute Services (1)'
[2025-11-09 01:21:39] INFO: ✓ MATCH FOUND: 'Manager, Volume-Based Acute Services (1)' (ID: 234315) - Keyword: 'Manager' (Score: 100.0)
[2025-11-09 01:21:39] INFO: Checking job 6/10: 'Physiotherapist (1)'
[2025-11-09 01:21:39] INFO: Checking job 7/10: 'Probation and Parole Administrative Support Clerk (1)'
[2025-11-09 01:21:39] INFO: Checking job 8/10: 'Probation and Parole Officer (1)'
[2025-11-09 01:21:39] INFO: Checking job 9/10: 'Probation and Parole Officer (2)'
[2025-11-09 01:21:39] INFO: Checking job 10/10: 'Radiation Technologist (2)'
[2025-11-09 01:21:39] INFO: Found 2 matches on page 3
[2025-11-09 01:21:41] INFO: Processing page 4/11
[2025-11-09 01:21:41] INFO: Scrolling to page 4 link...
[2025-11-09 01:21:42] INFO: Clicking pagination link for page 4
[2025-11-09 01:21:46] INFO: Scraping search page 4
[2025-11-09 01:21:46] INFO: Found 11 job listings on page 4
[2025-11-09 01:21:46] INFO: Checking job 1/11: 'Recruitment Outreach Liaison - Fixed Term/Temporary up to 2 years (4)'
[2025-11-09 01:21:46] INFO: Checking job 2/11: 'Regional Information Management Specialist (1)'
[2025-11-09 01:21:46] INFO: ✓ MATCH FOUND: 'Regional Information Management Specialist (1)' (ID: 235707) - Keyword: 'Information Management' (Score: 85.0)
[2025-11-09 01:21:46] INFO: Checking job 3/11: 'Senior Radiation Technologist (1)'
[2025-11-09 01:21:46] INFO: Checking job 4/11: 'Senior Stakeholder Engagement Advisor (1)'
[2025-11-09 01:21:46] INFO: Checking job 5/11: 'Sign Maker - Seasonal (4)'
[2025-11-09 01:21:46] INFO: Checking job 6/11: 'Water & Wastewater Operator (2)'
[2025-11-09 01:21:46] INFO: Checking job 7/11: 'Ambulance Communications Officer (Irregularly Scheduled/On-Call) (4)'
[2025-11-09 01:21:46] INFO: Checking job 8/11: 'Amended - Lead Engineer (Structural) (1)'
[2025-11-09 01:21:46] INFO: Checking job 9/11: 'Court and Client Representative - permanent full-time positions - Unilingual (English) and Bilingual (English/French) (2)'
[2025-11-09 01:21:46] INFO: Checking job 10/11: 'Préposée Ou Préposé Aux Services À La Clientèle Et Aux Tribunaux (permanent à plein temps) - Unilingue (Anglais) et Bilingue (Anglais/Français) (2)'
[2025-11-09 01:21:46] INFO: Checking job 11/11: 'Director, Editorial Services and Production (1)'
[2025-11-09 01:21:46] INFO: Found 1 matches on page 4
[2025-11-09 01:21:48] INFO: Processing page 5/11
[2025-11-09 01:21:48] INFO: Scrolling to page 5 link...
[2025-11-09 01:21:49] INFO: Clicking pagination link for page 5
[2025-11-09 01:21:53] INFO: Scraping search page 5
[2025-11-09 01:21:53] INFO: Found 11 job listings on page 5
[2025-11-09 01:21:53] INFO: Checking job 1/11: 'Engineering Services Technician (2)'
[2025-11-09 01:21:53] INFO: Checking job 2/11: 'Integrated Resources Management (IRM) Technical Specialist - Bilingual (English/French) (1)'
[2025-11-09 01:21:53] INFO: Checking job 3/11: 'Spécialiste technique en gestion intégrée des ressources - Bilingue (Anglais/Français) (1)'
[2025-11-09 01:21:53] INFO: Checking job 4/11: 'Labour Relations Officer (1)'
[2025-11-09 01:21:53] INFO: Checking job 5/11: 'Labour Relations Specialist, Construction (1)'
[2025-11-09 01:21:53] INFO: Checking job 6/11: 'Contract Services Inspector (1)'
[2025-11-09 01:21:53] INFO: Checking job 7/11: 'Director, Strategic Communications (1)'
[2025-11-09 01:21:53] INFO: Checking job 8/11: 'Lead Engineer, Projects (11)'
[2025-11-09 01:21:53] INFO: Checking job 9/11: 'Legal Administrative Secretary (4)'
[2025-11-09 01:21:53] INFO: Checking job 10/11: 'Maintenance Carpenter (Seasonal) (1)'
[2025-11-09 01:21:53] INFO: Checking job 11/11: 'Mental Health Nurse (1)'
[2025-11-09 01:21:53] INFO: Found 0 matches on page 5
[2025-11-09 01:21:55] INFO: Processing page 6/11
[2025-11-09 01:21:55] INFO: Scrolling to page 6 link...
[2025-11-09 01:21:57] INFO: Clicking pagination link for page 6
[2025-11-09 01:22:00] INFO: Scraping search page 6
[2025-11-09 01:22:00] INFO: Found 10 job listings on page 6
[2025-11-09 01:22:00] INFO: Checking job 1/10: 'Project Advisor (1)'
[2025-11-09 01:22:00] INFO: Checking job 2/10: 'Senior Engineer, Projects (10)'
[2025-11-09 01:22:00] INFO: Checking job 3/10: 'Senior Project Consultant (1)'
[2025-11-09 01:22:00] INFO: Checking job 4/10: 'Traffic Specialist (4)'
[2025-11-09 01:22:00] INFO: Checking job 5/10: 'Traffic Supervisor (1)'
[2025-11-09 01:22:00] INFO: Checking job 6/10: 'Aviation, Forest Fire and Emergency Services Temporary/Seasonal Recruitment (1)'
[2025-11-09 01:22:00] INFO: Checking job 7/10: 'Customer Service Roles - English & Bilingual (English/French) - Open to all levels of experience! (1)'
[2025-11-09 01:22:00] INFO: Checking job 8/10: 'Financial Officer (3)'
[2025-11-09 01:22:00] INFO: Checking job 9/10: 'Food Services Officer (Cook) (1)'
[2025-11-09 01:22:00] INFO: Checking job 10/10: 'Lead Engineer, Programs/Projects (1)'
[2025-11-09 01:22:00] INFO: Found 0 matches on page 6
[2025-11-09 01:22:02] INFO: Processing page 7/11
[2025-11-09 01:22:02] INFO: Scrolling to page 7 link...
[2025-11-09 01:22:03] INFO: Clicking pagination link for page 7
[2025-11-09 01:22:07] INFO: Scraping search page 7
[2025-11-09 01:22:07] INFO: Found 10 job listings on page 7
[2025-11-09 01:22:07] INFO: Checking job 1/10: 'Lead Surveyor, Projects (2)'
[2025-11-09 01:22:07] INFO: Checking job 2/10: 'Lead, Access and Privacy (1)'
[2025-11-09 01:22:07] INFO: Checking job 3/10: 'Manager, Fundraising and Business Development (1)'
[2025-11-09 01:22:07] INFO: ✓ MATCH FOUND: 'Manager, Fundraising and Business Development (1)' (ID: 235038) - Keyword: 'Manager' (Score: 100.0)
[2025-11-09 01:22:07] INFO: Checking job 4/10: 'Team Lead (2)'
[2025-11-09 01:22:07] INFO: Checking job 5/10: 'Wildland Fire Fighter - Ontario FireRanger (1)'
[2025-11-09 01:22:07] INFO: Checking job 6/10: 'Amended - Policy Advisor (11)'
[2025-11-09 01:22:07] INFO: ✓ MATCH FOUND: 'Amended - Policy Advisor (11)' (ID: 235898) - Keyword: 'Policy Advisor' (Score: 100.0)
[2025-11-09 01:22:07] INFO: Checking job 7/10: 'Assistant Health Care Manager (1)'
[2025-11-09 01:22:07] INFO: ✓ MATCH FOUND: 'Assistant Health Care Manager (1)' (ID: 235727) - Keyword: 'Manager' (Score: 100.0)
[2025-11-09 01:22:07] INFO: Checking job 8/10: 'Classroom Assistant, Program for Students with Learning Disabilities (1)'
[2025-11-09 01:22:07] INFO: Checking job 9/10: 'Corridor Management Planner (1)'
[2025-11-09 01:22:07] INFO: Checking job 10/10: 'Counsel (3)'
[2025-11-09 01:22:07] INFO: Found 3 matches on page 7
[2025-11-09 01:22:09] INFO: Processing page 8/11
[2025-11-09 01:22:09] INFO: Scrolling to page 8 link...
[2025-11-09 01:22:10] INFO: Clicking pagination link for page 8
[2025-11-09 01:22:14] INFO: Scraping search page 8
[2025-11-09 01:22:14] INFO: Found 13 job listings on page 8
[2025-11-09 01:22:14] INFO: Checking job 1/13: 'Counsel (1)'
[2025-11-09 01:22:14] INFO: Checking job 2/13: 'Court and Client Representative (irregularly scheduled hours and on-call contracts) - Bilingual (English/French) (1)'
[2025-11-09 01:22:14] INFO: Checking job 3/13: 'Préposée Ou Préposé Aux Services À La Clientèle Et Aux Tribunaux (horaire irrégulier et contrats sur appel) - Bilingue (Anglais/Français) (1)'
[2025-11-09 01:22:14] INFO: Checking job 4/13: 'Crown Counsel (3)'
[2025-11-09 01:22:14] INFO: Checking job 5/13: 'Disability Determination Adjudicator (6)'
[2025-11-09 01:22:14] INFO: Checking job 6/13: 'Évaluateur de l`admissibilité des personnes handicapées – Bilingue (anglais/français) (6)'
[2025-11-09 01:22:14] INFO: Checking job 7/13: 'Fruit Crop Specialist (1)'
[2025-11-09 01:22:14] INFO: Checking job 8/13: 'Probation and Parole Officer (1)'
[2025-11-09 01:22:14] INFO: Checking job 9/13: 'Agent de probation et de libération conditionnelle; agente de probation et de libération conditionnelle – bilingue (anglais/français) (1)'
[2025-11-09 01:22:14] INFO: Checking job 10/13: 'Resource Management Technician (1)'
[2025-11-09 01:22:14] INFO: Checking job 11/13: 'Resources Clerk (1)'
[2025-11-09 01:22:14] INFO: Checking job 12/13: 'Senior Investigator - Workplace Resolution and Restoration (1)'
[2025-11-09 01:22:14] INFO: Checking job 13/13: 'Technical Specialist (3)'
[2025-11-09 01:22:14] INFO: Found 0 matches on page 8
[2025-11-09 01:22:16] INFO: Processing page 9/11
[2025-11-09 01:22:16] INFO: Scrolling to page 9 link...
[2025-11-09 01:22:17] INFO: Clicking pagination link for page 9
[2025-11-09 01:22:20] INFO: Scraping search page 9
[2025-11-09 01:22:20] INFO: Found 10 job listings on page 9
[2025-11-09 01:22:20] INFO: Checking job 1/10: 'Victim/Witness Services Worker (1)'
[2025-11-09 01:22:20] INFO: Checking job 2/10: 'Administrative Assistant (1)'
[2025-11-09 01:22:20] INFO: Checking job 3/10: 'Boat Captain – Great Lakes Fisheries Vessel Master (1)'
[2025-11-09 01:22:20] INFO: Checking job 4/10: 'Classroom Assistant (4)'
[2025-11-09 01:22:20] INFO: Checking job 5/10: 'Classroom Assistant (Supply) Blind Program (3)'
[2025-11-09 01:22:20] INFO: Checking job 6/10: 'Court and Client Representative – permanent full-time positions (3)'
[2025-11-09 01:22:20] INFO: Checking job 7/10: 'Court Enforcement Officer (Irregular On-Call) (1)'
[2025-11-09 01:22:20] INFO: Checking job 8/10: 'Food Safety Inspector (2)'
[2025-11-09 01:22:20] INFO: Checking job 9/10: 'Food Services Helper (Irregular/On-Call) (1)'
[2025-11-09 01:22:20] INFO: Checking job 10/10: 'Lead Engineer, Programs Projects (Asset Management) (1)'
[2025-11-09 01:22:20] INFO: Found 0 matches on page 9
[2025-11-09 01:22:22] INFO: Processing page 10/11
[2025-11-09 01:22:22] INFO: Scrolling to page 10 link...
[2025-11-09 01:22:24] INFO: Clicking pagination link for page 10
[2025-11-09 01:22:27] INFO: Scraping search page 10
[2025-11-09 01:22:27] INFO: Found 11 job listings on page 10
[2025-11-09 01:22:27] INFO: Checking job 1/11: 'Senior Advisor (1)'
[2025-11-09 01:22:27] INFO: Checking job 2/11: 'Senior Designer (1)'
[2025-11-09 01:22:27] INFO: Checking job 3/11: 'Student Support Counsellor - Program for students with learning disabilities (3)'
[2025-11-09 01:22:27] INFO: Checking job 4/11: 'Case Management Coordinator (1)'
[2025-11-09 01:22:27] INFO: Checking job 5/11: 'General Maintenance Assistant (1)'
[2025-11-09 01:22:27] INFO: Checking job 6/11: 'Senior Engineer, Intelligent Transportation Systems (1)'
[2025-11-09 01:22:27] INFO: Checking job 7/11: 'Amended - French Editor - Bilingual (English/French) (1)'
[2025-11-09 01:22:27] INFO: Checking job 8/11: 'Modifié - Correcteur-réviseur, publications de langue française; correctrice-réviseure, publications de langue française – Poste désigné bilingue (anglais et français) (1)'
[2025-11-09 01:22:27] INFO: Checking job 9/11: 'Legal Administrative Secretary (1)'
[2025-11-09 01:22:27] INFO: Checking job 10/11: 'Manager, Capital Planning and Delivery - Community Safety (1)'
[2025-11-09 01:22:27] INFO: ✓ MATCH FOUND: 'Manager, Capital Planning and Delivery - Community Safety (1)' (ID: 235437) - Keyword: 'Manager' (Score: 100.0)
[2025-11-09 01:22:27] INFO: Checking job 11/11: 'Manager, Client Relationship & Case Management (1)'
[2025-11-09 01:22:27] INFO: ✓ MATCH FOUND: 'Manager, Client Relationship & Case Management (1)' (ID: 235420) - Keyword: 'Manager' (Score: 100.0)
[2025-11-09 01:22:27] INFO: Found 2 matches on page 10
[2025-11-09 01:22:29] INFO: Processing page 11/11
[2025-11-09 01:22:29] INFO: Scrolling to page 11 link...
[2025-11-09 01:22:31] INFO: Clicking pagination link for page 11
[2025-11-09 01:22:34] INFO: Scraping search page 11
[2025-11-09 01:22:34] INFO: Found 11 job listings on page 11
[2025-11-09 01:22:34] INFO: Checking job 1/11: 'Occupational Health & Safety Advisor (1)'
[2025-11-09 01:22:34] INFO: Checking job 2/11: 'Registered Nurse (5)'
[2025-11-09 01:22:34] INFO: Checking job 3/11: 'Contract Services Technician (2)'
[2025-11-09 01:22:34] INFO: Checking job 4/11: 'Food Services Officer (Cook) (1)'
[2025-11-09 01:22:34] INFO: Checking job 5/11: 'Operations Supervisor, Water and Wastewater (1)'
[2025-11-09 01:22:34] INFO: Checking job 6/11: 'Park Maintenance Group Leader (1)'
[2025-11-09 01:22:34] INFO: Checking job 7/11: 'Senior Economic Officer - New York and Mexico (2)'
[2025-11-09 01:22:34] INFO: Checking job 8/11: 'Staff Sergeant (2)'
[2025-11-09 01:22:34] INFO: Checking job 9/11: 'Amended - Court and Client Representative - permanent full-time position - Bilingual (English/French) (1)'
[2025-11-09 01:22:34] INFO: Checking job 10/11: 'Modifié - Bilingue (Anglais/Français) (1)'
[2025-11-09 01:22:34] INFO: Checking job 11/11: 'Lead Engineer, Structural (2)'
[2025-11-09 01:22:34] INFO: Found 0 matches on page 11
[2025-11-09 01:22:34] INFO: Total matches found: 8
[2025-11-09 01:22:34] INFO: Processing job 1/8: Manager, Finance and Administrative Services (1)
[2025-11-09 01:22:34] INFO: Parsing job: Manager, Finance and Administrative Services (1) (ID: 236602)
[2025-11-09 01:22:35] INFO: ✓ Successfully parsed job 236602
[2025-11-09 01:22:35] INFO: Saved job JSON to /Users/agirgis/Downloads/public_jobs_scraper/data/ONT/jobs_json/ont_job_236602.json
[2025-11-09 01:22:37] INFO: Processing job 2/8: Manager, Volume-Based Acute Services (1)
[2025-11-09 01:22:37] INFO: Parsing job: Manager, Volume-Based Acute Services (1) (ID: 234315)
[2025-11-09 01:22:38] INFO: ✓ Successfully parsed job 234315
[2025-11-09 01:22:38] INFO: Saved job JSON to /Users/agirgis/Downloads/public_jobs_scraper/data/ONT/jobs_json/ont_job_234315.json
[2025-11-09 01:22:40] INFO: Processing job 3/8: Regional Information Management Specialist (1)
[2025-11-09 01:22:40] INFO: Parsing job: Regional Information Management Specialist (1) (ID: 235707)
[2025-11-09 01:22:41] INFO: ✓ Successfully parsed job 235707
[2025-11-09 01:22:41] INFO: Saved job JSON to /Users/agirgis/Downloads/public_jobs_scraper/data/ONT/jobs_json/ont_job_235707.json
[2025-11-09 01:22:43] INFO: Processing job 4/8: Manager, Fundraising and Business Development (1)
[2025-11-09 01:22:43] INFO: Parsing job: Manager, Fundraising and Business Development (1) (ID: 235038)
[2025-11-09 01:22:44] INFO: ✓ Successfully parsed job 235038
[2025-11-09 01:22:44] INFO: Saved job JSON to /Users/agirgis/Downloads/public_jobs_scraper/data/ONT/jobs_json/ont_job_235038.json
[2025-11-09 01:22:46] INFO: Processing job 5/8: Amended - Policy Advisor (11)
[2025-11-09 01:22:46] INFO: Parsing job: Amended - Policy Advisor (11) (ID: 235898)
[2025-11-09 01:22:47] INFO: ✓ Successfully parsed job 235898
[2025-11-09 01:22:47] INFO: Saved job JSON to /Users/agirgis/Downloads/public_jobs_scraper/data/ONT/jobs_json/ont_job_235898.json
[2025-11-09 01:22:49] INFO: Processing job 6/8: Assistant Health Care Manager (1)
[2025-11-09 01:22:49] INFO: Parsing job: Assistant Health Care Manager (1) (ID: 235727)
[2025-11-09 01:22:50] INFO: ✓ Successfully parsed job 235727
[2025-11-09 01:22:50] INFO: Saved job JSON to /Users/agirgis/Downloads/public_jobs_scraper/data/ONT/jobs_json/ont_job_235727.json
[2025-11-09 01:22:52] INFO: Processing job 7/8: Manager, Capital Planning and Delivery - Community Safety (1)
[2025-11-09 01:22:52] INFO: Parsing job: Manager, Capital Planning and Delivery - Community Safety (1) (ID: 235437)
[2025-11-09 01:22:53] INFO: ✓ Successfully parsed job 235437
[2025-11-09 01:22:53] INFO: Saved job JSON to /Users/agirgis/Downloads/public_jobs_scraper/data/ONT/jobs_json/ont_job_235437.json
[2025-11-09 01:22:55] INFO: Processing job 8/8: Manager, Client Relationship & Case Management (1)
[2025-11-09 01:22:55] INFO: Parsing job: Manager, Client Relationship & Case Management (1) (ID: 235420)
[2025-11-09 01:22:56] INFO: ✓ Successfully parsed job 235420
[2025-11-09 01:22:56] INFO: Saved job JSON to /Users/agirgis/Downloads/public_jobs_scraper/data/ONT/jobs_json/ont_job_235420.json
[2025-11-09 01:22:56] INFO: Successfully scraped 8 jobs
[2025-11-09 01:22:56] INFO: Scraping complete. Total jobs scraped: 8
[2025-11-09 01:22:56] INFO: Closing browser
[2025-11-09 01:22:56] INFO: Ontario Job Scraper finished
