2025-11-09 00:42:33,256 - __main__ - INFO - ================================================================================
2025-11-09 00:42:33,256 - __main__ - INFO - Ontario (ONT) Job Scraper Starting
2025-11-09 00:42:33,256 - __main__ - INFO - ================================================================================
2025-11-09 00:42:33,407 - __main__ - INFO - Launching Chromium browser (headless=False)
2025-11-09 00:42:34,150 - __main__ - INFO - Starting Ontario job scraping workflow
2025-11-09 00:42:34,150 - __main__ - INFO - Loaded 43 job keywords from /Users/agirgis/Downloads/public_jobs_scraper/list-of-jobs.txt
2025-11-09 00:42:34,150 - __main__ - INFO - Navigating to https://www.gojobs.gov.on.ca/Search.aspx
2025-11-09 00:42:35,972 - __main__ - INFO - Scrolling page like a human
2025-11-09 00:42:37,914 - __main__ - INFO - Page scrolled successfully
2025-11-09 00:42:37,914 - __main__ - INFO - Selecting search filters
2025-11-09 00:42:38,545 - __main__ - INFO - Opened job category dropdown
2025-11-09 00:42:39,917 - __main__ - INFO - ✓ Selected 'All job categories' checkbox
2025-11-09 00:42:40,433 - __main__ - INFO - Checkbox checked state: True
2025-11-09 00:42:40,810 - __main__ - INFO - Closed job category dropdown
2025-11-09 00:42:41,315 - __main__ - INFO - Scrolling to Search button
2025-11-09 00:42:42,154 - __main__ - INFO - Search button is now in view
2025-11-09 00:42:42,250 - __main__ - INFO - Saved screenshot before search: /Users/agirgis/Downloads/public_jobs_scraper/data/ONT/search_html/before_search_20251109_004242.png
2025-11-09 00:42:42,250 - __main__ - INFO - Clicking Search button to load job results
2025-11-09 00:42:42,286 - __main__ - INFO - Search submitted successfully
2025-11-09 00:42:42,356 - __main__ - INFO - Saved screenshot after search: /Users/agirgis/Downloads/public_jobs_scraper/data/ONT/search_html/after_search_20251109_004242.png
2025-11-09 00:42:42,359 - __main__ - INFO - Total pages to scrape: 1
2025-11-09 00:42:42,359 - __main__ - INFO - Processing page 1/1
2025-11-09 00:42:43,398 - __main__ - INFO - Scraping search page 1
2025-11-09 00:42:43,444 - __main__ - INFO - Found 0 job listings on page 1
2025-11-09 00:42:43,444 - __main__ - INFO - Found 0 matches on page 1
2025-11-09 00:42:43,444 - __main__ - INFO - Total matches found: 0
2025-11-09 00:42:43,444 - __main__ - INFO - Successfully scraped 0 jobs
2025-11-09 00:42:43,444 - __main__ - INFO - Scraping complete. Total jobs scraped: 0
2025-11-09 00:42:43,444 - __main__ - INFO - Closing browser
2025-11-09 00:42:43,567 - __main__ - INFO - Ontario Job Scraper finished
