2025-11-09 00:53:00,265 - __main__ - INFO - ================================================================================
2025-11-09 00:53:00,265 - __main__ - INFO - Ontario (ONT) Job Scraper Starting
2025-11-09 00:53:00,265 - __main__ - INFO - ================================================================================
2025-11-09 00:53:00,414 - __main__ - INFO - Launching Chromium browser (headless=False)
2025-11-09 00:53:01,409 - __main__ - INFO - Starting Ontario job scraping workflow
2025-11-09 00:53:01,410 - __main__ - INFO - Loaded 43 job keywords from /Users/agirgis/Downloads/public_jobs_scraper/list-of-jobs.txt
2025-11-09 00:53:01,410 - __main__ - INFO - Navigating to https://www.gojobs.gov.on.ca/Search.aspx
2025-11-09 00:53:03,198 - __main__ - INFO - Scrolling page like a human
2025-11-09 00:53:05,137 - __main__ - INFO - Page scrolled successfully
2025-11-09 00:53:05,137 - __main__ - INFO - Selecting search filters
2025-11-09 00:53:05,770 - __main__ - INFO - Opened job category dropdown
2025-11-09 00:53:07,141 - __main__ - INFO - ✓ Selected 'All job categories' checkbox
2025-11-09 00:53:07,650 - __main__ - INFO - Checkbox checked state: True
2025-11-09 00:53:08,033 - __main__ - INFO - Closed job category dropdown
2025-11-09 00:53:08,534 - __main__ - INFO - Scrolling to Search button
2025-11-09 00:53:09,378 - __main__ - INFO - Search button is now in view
2025-11-09 00:53:09,468 - __main__ - INFO - Saved screenshot before search: /Users/agirgis/Downloads/public_jobs_scraper/data/ONT/search_html/before_search_20251109_005309.png
2025-11-09 00:53:09,468 - __main__ - INFO - Clicking Search button to load job results
2025-11-09 00:53:09,518 - __main__ - INFO - Search submitted successfully
2025-11-09 00:53:09,518 - __main__ - INFO - Waiting for search results to load...
2025-11-09 00:53:14,539 - __main__ - INFO - Search results loaded successfully
2025-11-09 00:53:14,616 - __main__ - INFO - Saved screenshot after search: /Users/agirgis/Downloads/public_jobs_scraper/data/ONT/search_html/after_search_20251109_005314.png
2025-11-09 00:53:14,657 - __main__ - INFO - Total pages to scrape: 11
2025-11-09 00:53:14,657 - __main__ - INFO - Processing page 1/11
2025-11-09 00:53:14,657 - __main__ - INFO - Scraping search page 1
2025-11-09 00:53:14,677 - __main__ - INFO - Found 10 job listings on page 1
2025-11-09 00:53:14,679 - __main__ - INFO - Checking job 1/10: '201 - Operations Supervisor, Water And Wastewater (1)'
2025-11-09 00:53:14,683 - __main__ - INFO - Checking job 2/10: 'Actuary (1)'
2025-11-09 00:53:14,686 - __main__ - INFO - Checking job 3/10: 'Ambulance Communications Officer (Irregularly Scheduled/On-Call) (3)'
2025-11-09 00:53:14,689 - __main__ - INFO - Checking job 4/10: 'Assessment Biologist (1)'
2025-11-09 00:53:14,692 - __main__ - INFO - Checking job 5/10: 'Consultation and Aboriginal Treaty Rights Advisor (2)'
2025-11-09 00:53:14,695 - __main__ - INFO - Checking job 6/10: 'Crown Counsel (1)'
2025-11-09 00:53:14,698 - __main__ - INFO - Checking job 7/10: 'Crown Counsel (1)'
2025-11-09 00:53:14,702 - __main__ - INFO - Checking job 8/10: 'District Resource Liaison Specialist (1)'
2025-11-09 00:53:14,705 - __main__ - INFO - Checking job 9/10: 'Program Evaluation and Performance Measurement Specialist (2)'
2025-11-09 00:53:14,709 - __main__ - INFO - Checking job 10/10: 'Social Worker (1)'
2025-11-09 00:53:14,711 - __main__ - INFO - Found 0 matches on page 1
2025-11-09 00:53:16,716 - __main__ - INFO - Processing page 2/11
2025-11-09 00:53:16,732 - __main__ - INFO - Clicking pagination link for page 2
2025-11-09 00:53:18,775 - __main__ - INFO - Scraping search page 2
2025-11-09 00:53:18,817 - __main__ - INFO - Found 10 job listings on page 2
2025-11-09 00:53:18,820 - __main__ - INFO - Checking job 1/10: 'Social Worker (2)'
2025-11-09 00:53:18,824 - __main__ - INFO - Checking job 2/10: 'Social Worker (1)'
2025-11-09 00:53:18,828 - __main__ - INFO - Checking job 3/10: 'Technical Services Officer (1)'
2025-11-09 00:53:18,833 - __main__ - INFO - Checking job 4/10: 'Technical Services Officer (1)'
2025-11-09 00:53:18,838 - __main__ - INFO - Checking job 5/10: '194 - Procurement Consultant (1)'
2025-11-09 00:53:18,842 - __main__ - INFO - Checking job 6/10: '198 - Water and Wastewater Operator (3)'
2025-11-09 00:53:18,845 - __main__ - INFO - Checking job 7/10: '200 - Utility Plant Electrician Operator (3)'
2025-11-09 00:53:18,850 - __main__ - INFO - Checking job 8/10: 'Assistant Park Superintendent (1)'
2025-11-09 00:53:18,853 - __main__ - INFO - Checking job 9/10: 'Facilities Management Consultant (1)'
2025-11-09 00:53:18,857 - __main__ - INFO - Checking job 10/10: 'Head, Geotechnical (1)'
2025-11-09 00:53:18,859 - __main__ - INFO - Found 0 matches on page 2
2025-11-09 00:53:20,864 - __main__ - INFO - Processing page 3/11
2025-11-09 00:53:20,878 - __main__ - INFO - Clicking pagination link for page 3
2025-11-09 00:53:22,918 - __main__ - INFO - Scraping search page 3
2025-11-09 00:53:22,960 - __main__ - INFO - Found 10 job listings on page 3
2025-11-09 00:53:22,963 - __main__ - INFO - Checking job 1/10: 'Historical Interpreter (Seasonal) (1)'
2025-11-09 00:53:22,967 - __main__ - INFO - Checking job 2/10: 'Hub Administrative Assistant (1)'
2025-11-09 00:53:22,971 - __main__ - INFO - Checking job 3/10: 'I&IT Opportunities'
2025-11-09 00:53:22,975 - __main__ - INFO - Checking job 4/10: 'Manager, Finance and Administrative Services (1)'
2025-11-09 00:53:22,979 - __main__ - INFO - Checking job 5/10: 'Manager, Volume-Based Acute Services (1)'
2025-11-09 00:53:22,982 - __main__ - INFO - Checking job 6/10: 'Physiotherapist (1)'
2025-11-09 00:53:22,986 - __main__ - INFO - Checking job 7/10: 'Probation and Parole Administrative Support Clerk (1)'
2025-11-09 00:53:22,989 - __main__ - INFO - Checking job 8/10: 'Probation and Parole Officer (1)'
2025-11-09 00:53:22,992 - __main__ - INFO - Checking job 9/10: 'Probation and Parole Officer (2)'
2025-11-09 00:53:22,996 - __main__ - INFO - Checking job 10/10: 'Radiation Technologist (2)'
2025-11-09 00:53:22,997 - __main__ - INFO - Found 0 matches on page 3
2025-11-09 00:53:25,000 - __main__ - INFO - Processing page 4/11
2025-11-09 00:53:25,015 - __main__ - INFO - Clicking pagination link for page 4
2025-11-09 00:53:25,515 - __main__ - INFO - Closing browser
