2025-11-09 00:39:15,995 - __main__ - INFO - ================================================================================
2025-11-09 00:39:15,995 - __main__ - INFO - Ontario (ONT) Job Scraper Starting
2025-11-09 00:39:15,995 - __main__ - INFO - ================================================================================
2025-11-09 00:39:16,232 - __main__ - INFO - Launching Chromium browser (headless=False)
2025-11-09 00:39:17,520 - __main__ - INFO - Starting Ontario job scraping workflow
2025-11-09 00:39:17,521 - __main__ - INFO - Loaded 43 job keywords from /Users/agirgis/Downloads/public_jobs_scraper/list-of-jobs.txt
2025-11-09 00:39:17,521 - __main__ - INFO - Navigating to https://www.gojobs.gov.on.ca/Search.aspx
2025-11-09 00:39:19,378 - __main__ - INFO - Selecting search filters
2025-11-09 00:39:19,409 - __main__ - INFO - Opened job category dropdown
2025-11-09 00:39:20,427 - __main__ - INFO - ✓ Selected 'All job categories' checkbox
2025-11-09 00:39:20,932 - __main__ - INFO - Clicking Search button to load job results
2025-11-09 00:39:20,984 - __main__ - INFO - Search submitted successfully
2025-11-09 00:39:20,990 - __main__ - INFO - Total pages to scrape: 1
2025-11-09 00:39:20,990 - __main__ - INFO - Processing page 1/1
2025-11-09 00:39:22,064 - __main__ - INFO - Scraping search page 1
2025-11-09 00:39:22,108 - __main__ - INFO - Found 0 job listings on page 1
2025-11-09 00:39:22,108 - __main__ - INFO - Found 0 matches on page 1
2025-11-09 00:39:22,109 - __main__ - INFO - Total matches found: 0
2025-11-09 00:39:22,109 - __main__ - INFO - Successfully scraped 0 jobs
2025-11-09 00:39:22,109 - __main__ - INFO - Scraping complete. Total jobs scraped: 0
2025-11-09 00:39:22,109 - __main__ - INFO - Closing browser
2025-11-09 00:39:22,257 - __main__ - INFO - Ontario Job Scraper finished
