2025-11-09 01:06:48,537 - __main__ - INFO - ================================================================================
2025-11-09 01:06:48,537 - __main__ - INFO - Ontario (ONT) Job Scraper Starting
2025-11-09 01:06:48,537 - __main__ - INFO - ================================================================================
2025-11-09 01:06:48,691 - __main__ - INFO - Launching Chromium browser (headless=False)
2025-11-09 01:06:49,638 - __main__ - INFO - Starting Ontario job scraping workflow
2025-11-09 01:06:49,639 - __main__ - INFO - Loaded 43 job keywords from /Users/agirgis/Downloads/public_jobs_scraper/list-of-jobs.txt
2025-11-09 01:06:49,639 - __main__ - INFO - Navigating to https://www.gojobs.gov.on.ca/Search.aspx
2025-11-09 01:06:52,493 - __main__ - INFO - Scrolling page like a human
2025-11-09 01:06:54,428 - __main__ - INFO - Page scrolled successfully
2025-11-09 01:06:54,428 - __main__ - INFO - Selecting search filters
2025-11-09 01:06:55,003 - __main__ - INFO - Opened job category dropdown
2025-11-09 01:06:56,373 - __main__ - INFO - ✓ Selected 'All job categories' checkbox
2025-11-09 01:06:56,887 - __main__ - INFO - Checkbox checked state: True
2025-11-09 01:06:57,265 - __main__ - INFO - Closed job category dropdown
2025-11-09 01:06:57,765 - __main__ - INFO - Scrolling to Search button
2025-11-09 01:06:58,593 - __main__ - INFO - Search button is now in view
2025-11-09 01:06:58,686 - __main__ - INFO - Saved screenshot before search: /Users/agirgis/Downloads/public_jobs_scraper/data/ONT/search_html/before_search_20251109_010658.png
2025-11-09 01:06:58,686 - __main__ - INFO - Clicking Search button to load job results
2025-11-09 01:06:58,728 - __main__ - INFO - Search submitted successfully
2025-11-09 01:06:58,728 - __main__ - INFO - Waiting for search results to load...
2025-11-09 01:07:06,753 - __main__ - INFO - Search results loaded successfully
2025-11-09 01:07:06,832 - __main__ - INFO - Saved screenshot after search: /Users/agirgis/Downloads/public_jobs_scraper/data/ONT/search_html/after_search_20251109_010706.png
2025-11-09 01:07:06,872 - __main__ - INFO - Total pages to scrape: 11
2025-11-09 01:07:06,872 - __main__ - INFO - Processing page 1/11
2025-11-09 01:07:06,873 - __main__ - INFO - Scraping search page 1
2025-11-09 01:07:06,893 - __main__ - INFO - Found 10 job listings on page 1
2025-11-09 01:07:06,895 - __main__ - INFO - Checking job 1/10: '201 - Operations Supervisor, Water And Wastewater (1)'
2025-11-09 01:07:06,898 - __main__ - INFO - Checking job 2/10: 'Actuary (1)'
2025-11-09 01:07:06,902 - __main__ - INFO - Checking job 3/10: 'Ambulance Communications Officer (Irregularly Scheduled/On-Call) (3)'
2025-11-09 01:07:06,905 - __main__ - INFO - Checking job 4/10: 'Assessment Biologist (1)'
2025-11-09 01:07:06,908 - __main__ - INFO - Checking job 5/10: 'Consultation and Aboriginal Treaty Rights Advisor (2)'
2025-11-09 01:07:06,911 - __main__ - INFO - Checking job 6/10: 'Crown Counsel (1)'
2025-11-09 01:07:06,914 - __main__ - INFO - Checking job 7/10: 'Crown Counsel (1)'
2025-11-09 01:07:06,918 - __main__ - INFO - Checking job 8/10: 'District Resource Liaison Specialist (1)'
2025-11-09 01:07:06,921 - __main__ - INFO - Checking job 9/10: 'Program Evaluation and Performance Measurement Specialist (2)'
2025-11-09 01:07:06,925 - __main__ - INFO - Checking job 10/10: 'Social Worker (1)'
2025-11-09 01:07:06,926 - __main__ - INFO - Found 0 matches on page 1
2025-11-09 01:07:08,930 - __main__ - INFO - Processing page 2/11
2025-11-09 01:07:08,931 - __main__ - INFO - Scrolling to page 2 link...
2025-11-09 01:07:09,981 - __main__ - INFO - Clicking pagination link for page 2
2025-11-09 01:07:13,395 - __main__ - INFO - Scraping search page 2
2025-11-09 01:07:13,439 - __main__ - INFO - Found 10 job listings on page 2
2025-11-09 01:07:13,441 - __main__ - INFO - Checking job 1/10: 'Social Worker (2)'
2025-11-09 01:07:13,446 - __main__ - INFO - Checking job 2/10: 'Social Worker (1)'
2025-11-09 01:07:13,449 - __main__ - INFO - Checking job 3/10: 'Technical Services Officer (1)'
2025-11-09 01:07:13,454 - __main__ - INFO - Checking job 4/10: 'Technical Services Officer (1)'
2025-11-09 01:07:13,457 - __main__ - INFO - Checking job 5/10: '194 - Procurement Consultant (1)'
2025-11-09 01:07:13,461 - __main__ - INFO - Checking job 6/10: '198 - Water and Wastewater Operator (3)'
2025-11-09 01:07:13,464 - __main__ - INFO - Checking job 7/10: '200 - Utility Plant Electrician Operator (3)'
2025-11-09 01:07:13,468 - __main__ - INFO - Checking job 8/10: 'Assistant Park Superintendent (1)'
2025-11-09 01:07:13,471 - __main__ - INFO - Checking job 9/10: 'Facilities Management Consultant (1)'
2025-11-09 01:07:13,475 - __main__ - INFO - Checking job 10/10: 'Head, Geotechnical (1)'
2025-11-09 01:07:13,476 - __main__ - INFO - Found 0 matches on page 2
2025-11-09 01:07:15,481 - __main__ - INFO - Processing page 3/11
2025-11-09 01:07:15,482 - __main__ - INFO - Scrolling to page 3 link...
2025-11-09 01:07:16,832 - __main__ - INFO - Clicking pagination link for page 3
2025-11-09 01:07:19,531 - __main__ - INFO - Scraping search page 3
2025-11-09 01:07:19,565 - __main__ - INFO - Found 10 job listings on page 3
2025-11-09 01:07:19,567 - __main__ - INFO - Checking job 1/10: 'Historical Interpreter (Seasonal) (1)'
2025-11-09 01:07:19,571 - __main__ - INFO - Checking job 2/10: 'Hub Administrative Assistant (1)'
2025-11-09 01:07:19,574 - __main__ - INFO - Checking job 3/10: 'I&IT Opportunities'
2025-11-09 01:07:19,578 - __main__ - INFO - Checking job 4/10: 'Manager, Finance and Administrative Services (1)'
2025-11-09 01:07:19,580 - __main__ - INFO - ✓ MATCH FOUND: 'Manager, Finance and Administrative Services (1)' (ID: 236602) - Keyword: 'Manager' (Score: 100.0)
2025-11-09 01:07:19,581 - __main__ - INFO - Checking job 5/10: 'Manager, Volume-Based Acute Services (1)'
2025-11-09 01:07:19,583 - __main__ - INFO - ✓ MATCH FOUND: 'Manager, Volume-Based Acute Services (1)' (ID: 234315) - Keyword: 'Manager' (Score: 100.0)
2025-11-09 01:07:19,585 - __main__ - INFO - Checking job 6/10: 'Physiotherapist (1)'
2025-11-09 01:07:19,588 - __main__ - INFO - Checking job 7/10: 'Probation and Parole Administrative Support Clerk (1)'
2025-11-09 01:07:19,591 - __main__ - INFO - Checking job 8/10: 'Probation and Parole Officer (1)'
2025-11-09 01:07:19,595 - __main__ - INFO - Checking job 9/10: 'Probation and Parole Officer (2)'
2025-11-09 01:07:19,599 - __main__ - INFO - Checking job 10/10: 'Radiation Technologist (2)'
2025-11-09 01:07:19,600 - __main__ - INFO - Found 2 matches on page 3
2025-11-09 01:07:21,602 - __main__ - INFO - Processing page 4/11
2025-11-09 01:07:21,602 - __main__ - INFO - Scrolling to page 4 link...
2025-11-09 01:07:22,835 - __main__ - INFO - Clicking pagination link for page 4
2025-11-09 01:07:26,082 - __main__ - INFO - Scraping search page 4
2025-11-09 01:07:26,127 - __main__ - INFO - Found 11 job listings on page 4
2025-11-09 01:07:26,130 - __main__ - INFO - Checking job 1/11: 'Recruitment Outreach Liaison - Fixed Term/Temporary up to 2 years (4)'
2025-11-09 01:07:26,135 - __main__ - INFO - Checking job 2/11: 'Regional Information Management Specialist (1)'
2025-11-09 01:07:26,139 - __main__ - INFO - ✓ MATCH FOUND: 'Regional Information Management Specialist (1)' (ID: 235707) - Keyword: 'Information Management' (Score: 85.0)
2025-11-09 01:07:26,142 - __main__ - INFO - Checking job 3/11: 'Senior Radiation Technologist (1)'
2025-11-09 01:07:26,146 - __main__ - INFO - Checking job 4/11: 'Senior Stakeholder Engagement Advisor (1)'
2025-11-09 01:07:26,150 - __main__ - INFO - Checking job 5/11: 'Sign Maker - Seasonal (4)'
2025-11-09 01:07:26,154 - __main__ - INFO - Checking job 6/11: 'Water & Wastewater Operator (2)'
2025-11-09 01:07:26,157 - __main__ - INFO - Checking job 7/11: 'Ambulance Communications Officer (Irregularly Scheduled/On-Call) (4)'
2025-11-09 01:07:26,161 - __main__ - INFO - Checking job 8/11: 'Amended - Lead Engineer (Structural) (1)'
2025-11-09 01:07:26,164 - __main__ - INFO - Checking job 9/11: 'Court and Client Representative - permanent full-time positions - Unilingual (English) and Bilingual (English/French) (2)'
2025-11-09 01:07:26,167 - __main__ - INFO - Checking job 10/11: 'Préposée Ou Préposé Aux Services À La Clientèle Et Aux Tribunaux (permanent à plein temps) - Unilingue (Anglais) et Bilingue (Anglais/Français) (2)'
2025-11-09 01:07:26,170 - __main__ - INFO - Checking job 11/11: 'Director, Editorial Services and Production (1)'
2025-11-09 01:07:26,172 - __main__ - INFO - Found 1 matches on page 4
2025-11-09 01:07:28,177 - __main__ - INFO - Processing page 5/11
2025-11-09 01:07:28,177 - __main__ - INFO - Scrolling to page 5 link...
2025-11-09 01:07:29,190 - __main__ - INFO - Clicking pagination link for page 5
2025-11-09 01:07:32,812 - __main__ - INFO - Scraping search page 5
2025-11-09 01:07:32,854 - __main__ - INFO - Found 11 job listings on page 5
2025-11-09 01:07:32,856 - __main__ - INFO - Checking job 1/11: 'Engineering Services Technician (2)'
2025-11-09 01:07:32,861 - __main__ - INFO - Checking job 2/11: 'Integrated Resources Management (IRM) Technical Specialist - Bilingual (English/French) (1)'
2025-11-09 01:07:32,865 - __main__ - INFO - Checking job 3/11: 'Spécialiste technique en gestion intégrée des ressources - Bilingue (Anglais/Français) (1)'
2025-11-09 01:07:32,870 - __main__ - INFO - Checking job 4/11: 'Labour Relations Officer (1)'
2025-11-09 01:07:32,873 - __main__ - INFO - Checking job 5/11: 'Labour Relations Specialist, Construction (1)'
2025-11-09 01:07:32,877 - __main__ - INFO - Checking job 6/11: 'Contract Services Inspector (1)'
2025-11-09 01:07:32,881 - __main__ - INFO - Checking job 7/11: 'Director, Strategic Communications (1)'
2025-11-09 01:07:32,884 - __main__ - INFO - Checking job 8/11: 'Lead Engineer, Projects (11)'
2025-11-09 01:07:32,887 - __main__ - INFO - Checking job 9/11: 'Legal Administrative Secretary (4)'
2025-11-09 01:07:32,893 - __main__ - INFO - Checking job 10/11: 'Maintenance Carpenter (Seasonal) (1)'
2025-11-09 01:07:32,897 - __main__ - INFO - Checking job 11/11: 'Mental Health Nurse (1)'
2025-11-09 01:07:32,898 - __main__ - INFO - Found 0 matches on page 5
2025-11-09 01:07:34,904 - __main__ - INFO - Processing page 6/11
2025-11-09 01:07:34,904 - __main__ - INFO - Scrolling to page 6 link...
2025-11-09 01:07:36,284 - __main__ - INFO - Clicking pagination link for page 6
2025-11-09 01:07:38,968 - __main__ - INFO - Scraping search page 6
2025-11-09 01:07:39,010 - __main__ - INFO - Found 10 job listings on page 6
2025-11-09 01:07:39,013 - __main__ - INFO - Checking job 1/10: 'Project Advisor (1)'
2025-11-09 01:07:39,018 - __main__ - INFO - Checking job 2/10: 'Senior Engineer, Projects (10)'
2025-11-09 01:07:39,022 - __main__ - INFO - Checking job 3/10: 'Senior Project Consultant (1)'
2025-11-09 01:07:39,027 - __main__ - INFO - Checking job 4/10: 'Traffic Specialist (4)'
2025-11-09 01:07:39,030 - __main__ - INFO - Checking job 5/10: 'Traffic Supervisor (1)'
2025-11-09 01:07:39,035 - __main__ - INFO - Checking job 6/10: 'Aviation, Forest Fire and Emergency Services Temporary/Seasonal Recruitment (1)'
2025-11-09 01:07:39,039 - __main__ - INFO - Checking job 7/10: 'Customer Service Roles - English & Bilingual (English/French) - Open to all levels of experience! (1)'
2025-11-09 01:07:39,044 - __main__ - INFO - Checking job 8/10: 'Financial Officer (3)'
2025-11-09 01:07:39,048 - __main__ - INFO - Checking job 9/10: 'Food Services Officer (Cook) (1)'
2025-11-09 01:07:39,051 - __main__ - INFO - Checking job 10/10: 'Lead Engineer, Programs/Projects (1)'
2025-11-09 01:07:39,053 - __main__ - INFO - Found 0 matches on page 6
2025-11-09 01:07:41,057 - __main__ - INFO - Processing page 7/11
2025-11-09 01:07:41,057 - __main__ - INFO - Scrolling to page 7 link...
2025-11-09 01:07:42,113 - __main__ - INFO - Clicking pagination link for page 7
2025-11-09 01:07:44,724 - __main__ - INFO - Scraping search page 7
2025-11-09 01:07:44,765 - __main__ - INFO - Found 10 job listings on page 7
2025-11-09 01:07:44,768 - __main__ - INFO - Checking job 1/10: 'Lead Surveyor, Projects (2)'
2025-11-09 01:07:44,773 - __main__ - INFO - Checking job 2/10: 'Lead, Access and Privacy (1)'
2025-11-09 01:07:44,778 - __main__ - INFO - Checking job 3/10: 'Manager, Fundraising and Business Development (1)'
2025-11-09 01:07:44,781 - __main__ - INFO - ✓ MATCH FOUND: 'Manager, Fundraising and Business Development (1)' (ID: 235038) - Keyword: 'Manager' (Score: 100.0)
2025-11-09 01:07:44,783 - __main__ - INFO - Checking job 4/10: 'Team Lead (2)'
2025-11-09 01:07:44,786 - __main__ - INFO - Checking job 5/10: 'Wildland Fire Fighter - Ontario FireRanger (1)'
2025-11-09 01:07:44,791 - __main__ - INFO - Checking job 6/10: 'Amended - Policy Advisor (11)'
2025-11-09 01:07:44,793 - __main__ - INFO - ✓ MATCH FOUND: 'Amended - Policy Advisor (11)' (ID: 235898) - Keyword: 'Policy Advisor' (Score: 100.0)
2025-11-09 01:07:44,795 - __main__ - INFO - Checking job 7/10: 'Assistant Health Care Manager (1)'
2025-11-09 01:07:44,798 - __main__ - INFO - ✓ MATCH FOUND: 'Assistant Health Care Manager (1)' (ID: 235727) - Keyword: 'Manager' (Score: 100.0)
2025-11-09 01:07:44,800 - __main__ - INFO - Checking job 8/10: 'Classroom Assistant, Program for Students with Learning Disabilities (1)'
2025-11-09 01:07:44,804 - __main__ - INFO - Checking job 9/10: 'Corridor Management Planner (1)'
2025-11-09 01:07:44,807 - __main__ - INFO - Checking job 10/10: 'Counsel (3)'
2025-11-09 01:07:44,809 - __main__ - INFO - Found 3 matches on page 7
2025-11-09 01:07:46,814 - __main__ - INFO - Processing page 8/11
2025-11-09 01:07:46,814 - __main__ - INFO - Scrolling to page 8 link...
2025-11-09 01:07:48,197 - __main__ - INFO - Clicking pagination link for page 8
2025-11-09 01:07:52,174 - __main__ - INFO - Scraping search page 8
2025-11-09 01:07:52,214 - __main__ - INFO - Found 13 job listings on page 8
2025-11-09 01:07:52,216 - __main__ - INFO - Checking job 1/13: 'Counsel (1)'
2025-11-09 01:07:52,219 - __main__ - INFO - Checking job 2/13: 'Court and Client Representative (irregularly scheduled hours and on-call contracts) - Bilingual (English/French) (1)'
2025-11-09 01:07:52,223 - __main__ - INFO - Checking job 3/13: 'Préposée Ou Préposé Aux Services À La Clientèle Et Aux Tribunaux (horaire irrégulier et contrats sur appel) - Bilingue (Anglais/Français) (1)'
2025-11-09 01:07:52,227 - __main__ - INFO - Checking job 4/13: 'Crown Counsel (3)'
2025-11-09 01:07:52,231 - __main__ - INFO - Checking job 5/13: 'Disability Determination Adjudicator (6)'
2025-11-09 01:07:52,234 - __main__ - INFO - Checking job 6/13: 'Évaluateur de l`admissibilité des personnes handicapées – Bilingue (anglais/français) (6)'
2025-11-09 01:07:52,237 - __main__ - INFO - Checking job 7/13: 'Fruit Crop Specialist (1)'
2025-11-09 01:07:52,240 - __main__ - INFO - Checking job 8/13: 'Probation and Parole Officer (1)'
2025-11-09 01:07:52,244 - __main__ - INFO - Checking job 9/13: 'Agent de probation et de libération conditionnelle; agente de probation et de libération conditionnelle – bilingue (anglais/français) (1)'
2025-11-09 01:07:52,247 - __main__ - INFO - Checking job 10/13: 'Resource Management Technician (1)'
2025-11-09 01:07:52,250 - __main__ - INFO - Checking job 11/13: 'Resources Clerk (1)'
2025-11-09 01:07:52,253 - __main__ - INFO - Checking job 12/13: 'Senior Investigator - Workplace Resolution and Restoration (1)'
2025-11-09 01:07:52,256 - __main__ - INFO - Checking job 13/13: 'Technical Specialist (3)'
2025-11-09 01:07:52,257 - __main__ - INFO - Found 0 matches on page 8
2025-11-09 01:07:54,262 - __main__ - INFO - Processing page 9/11
2025-11-09 01:07:54,262 - __main__ - INFO - Scrolling to page 9 link...
2025-11-09 01:07:55,544 - __main__ - INFO - Clicking pagination link for page 9
2025-11-09 01:07:59,040 - __main__ - INFO - Scraping search page 9
2025-11-09 01:07:59,087 - __main__ - INFO - Found 10 job listings on page 9
2025-11-09 01:07:59,090 - __main__ - INFO - Checking job 1/10: 'Victim/Witness Services Worker (1)'
2025-11-09 01:07:59,094 - __main__ - INFO - Checking job 2/10: 'Administrative Assistant (1)'
2025-11-09 01:07:59,097 - __main__ - INFO - Checking job 3/10: 'Boat Captain – Great Lakes Fisheries Vessel Master (1)'
2025-11-09 01:07:59,101 - __main__ - INFO - Checking job 4/10: 'Classroom Assistant (4)'
2025-11-09 01:07:59,105 - __main__ - INFO - Checking job 5/10: 'Classroom Assistant (Supply) Blind Program (3)'
2025-11-09 01:07:59,109 - __main__ - INFO - Checking job 6/10: 'Court and Client Representative – permanent full-time positions (3)'
2025-11-09 01:07:59,112 - __main__ - INFO - Checking job 7/10: 'Court Enforcement Officer (Irregular On-Call) (1)'
2025-11-09 01:07:59,116 - __main__ - INFO - Checking job 8/10: 'Food Safety Inspector (2)'
2025-11-09 01:07:59,119 - __main__ - INFO - Checking job 9/10: 'Food Services Helper (Irregular/On-Call) (1)'
2025-11-09 01:07:59,123 - __main__ - INFO - Checking job 10/10: 'Lead Engineer, Programs Projects (Asset Management) (1)'
2025-11-09 01:07:59,124 - __main__ - INFO - Found 0 matches on page 9
2025-11-09 01:08:01,129 - __main__ - INFO - Processing page 10/11
2025-11-09 01:08:01,129 - __main__ - INFO - Scrolling to page 10 link...
2025-11-09 01:08:01,962 - __main__ - INFO - Clicking pagination link for page 10
2025-11-09 01:08:04,506 - __main__ - INFO - Scraping search page 10
2025-11-09 01:08:04,532 - __main__ - INFO - Found 11 job listings on page 10
2025-11-09 01:08:04,534 - __main__ - INFO - Checking job 1/11: 'Senior Advisor (1)'
2025-11-09 01:08:04,537 - __main__ - INFO - Checking job 2/11: 'Senior Designer (1)'
2025-11-09 01:08:04,540 - __main__ - INFO - Checking job 3/11: 'Student Support Counsellor - Program for students with learning disabilities (3)'
2025-11-09 01:08:04,543 - __main__ - INFO - Checking job 4/11: 'Case Management Coordinator (1)'
2025-11-09 01:08:04,547 - __main__ - INFO - Checking job 5/11: 'General Maintenance Assistant (1)'
2025-11-09 01:08:04,550 - __main__ - INFO - Checking job 6/11: 'Senior Engineer, Intelligent Transportation Systems (1)'
2025-11-09 01:08:04,553 - __main__ - INFO - Checking job 7/11: 'Amended - French Editor - Bilingual (English/French) (1)'
2025-11-09 01:08:04,556 - __main__ - INFO - Checking job 8/11: 'Modifié - Correcteur-réviseur, publications de langue française; correctrice-réviseure, publications de langue française – Poste désigné bilingue (anglais et français) (1)'
2025-11-09 01:08:04,560 - __main__ - INFO - Checking job 9/11: 'Legal Administrative Secretary (1)'
2025-11-09 01:08:04,563 - __main__ - INFO - Checking job 10/11: 'Manager, Capital Planning and Delivery - Community Safety (1)'
2025-11-09 01:08:04,564 - __main__ - INFO - ✓ MATCH FOUND: 'Manager, Capital Planning and Delivery - Community Safety (1)' (ID: 235437) - Keyword: 'Manager' (Score: 100.0)
2025-11-09 01:08:04,566 - __main__ - INFO - Checking job 11/11: 'Manager, Client Relationship & Case Management (1)'
2025-11-09 01:08:04,568 - __main__ - INFO - ✓ MATCH FOUND: 'Manager, Client Relationship & Case Management (1)' (ID: 235420) - Keyword: 'Manager' (Score: 100.0)
2025-11-09 01:08:04,568 - __main__ - INFO - Found 2 matches on page 10
2025-11-09 01:08:06,573 - __main__ - INFO - Processing page 11/11
2025-11-09 01:08:06,573 - __main__ - INFO - Scrolling to page 11 link...
2025-11-09 01:08:08,088 - __main__ - INFO - Clicking pagination link for page 11
2025-11-09 01:08:10,770 - __main__ - INFO - Scraping search page 11
2025-11-09 01:08:10,814 - __main__ - INFO - Found 11 job listings on page 11
2025-11-09 01:08:10,816 - __main__ - INFO - Checking job 1/11: 'Occupational Health & Safety Advisor (1)'
2025-11-09 01:08:10,820 - __main__ - INFO - Checking job 2/11: 'Registered Nurse (5)'
2025-11-09 01:08:10,824 - __main__ - INFO - Checking job 3/11: 'Contract Services Technician (2)'
2025-11-09 01:08:10,831 - __main__ - INFO - Checking job 4/11: 'Food Services Officer (Cook) (1)'
2025-11-09 01:08:10,836 - __main__ - INFO - Checking job 5/11: 'Operations Supervisor, Water and Wastewater (1)'
2025-11-09 01:08:10,840 - __main__ - INFO - Checking job 6/11: 'Park Maintenance Group Leader (1)'
2025-11-09 01:08:10,843 - __main__ - INFO - Checking job 7/11: 'Senior Economic Officer - New York and Mexico (2)'
2025-11-09 01:08:10,846 - __main__ - INFO - Checking job 8/11: 'Staff Sergeant (2)'
2025-11-09 01:08:10,849 - __main__ - INFO - Checking job 9/11: 'Amended - Court and Client Representative - permanent full-time position - Bilingual (English/French) (1)'
2025-11-09 01:08:10,852 - __main__ - INFO - Checking job 10/11: 'Modifié - Bilingue (Anglais/Français) (1)'
2025-11-09 01:08:10,855 - __main__ - INFO - Checking job 11/11: 'Lead Engineer, Structural (2)'
2025-11-09 01:08:10,857 - __main__ - INFO - Found 0 matches on page 11
2025-11-09 01:08:10,857 - __main__ - INFO - Total matches found: 8
2025-11-09 01:08:10,857 - __main__ - INFO - Processing job 1/8: Manager, Finance and Administrative Services (1)
2025-11-09 01:08:10,857 - __main__ - INFO - Parsing job: Manager, Finance and Administrative Services (1) (ID: 236602)
2025-11-09 01:08:11,880 - __main__ - INFO - ✓ Successfully parsed job 236602
2025-11-09 01:08:11,881 - __main__ - INFO - Saved job JSON to /Users/agirgis/Downloads/public_jobs_scraper/data/ONT/jobs_json/ont_job_236602.json
2025-11-09 01:08:13,886 - __main__ - INFO - Processing job 2/8: Manager, Volume-Based Acute Services (1)
2025-11-09 01:08:13,886 - __main__ - INFO - Parsing job: Manager, Volume-Based Acute Services (1) (ID: 234315)
2025-11-09 01:08:14,931 - __main__ - INFO - ✓ Successfully parsed job 234315
2025-11-09 01:08:14,932 - __main__ - INFO - Saved job JSON to /Users/agirgis/Downloads/public_jobs_scraper/data/ONT/jobs_json/ont_job_234315.json
2025-11-09 01:08:16,937 - __main__ - INFO - Processing job 3/8: Regional Information Management Specialist (1)
2025-11-09 01:08:16,937 - __main__ - INFO - Parsing job: Regional Information Management Specialist (1) (ID: 235707)
2025-11-09 01:08:17,943 - __main__ - INFO - ✓ Successfully parsed job 235707
2025-11-09 01:08:17,943 - __main__ - INFO - Saved job JSON to /Users/agirgis/Downloads/public_jobs_scraper/data/ONT/jobs_json/ont_job_235707.json
2025-11-09 01:08:19,948 - __main__ - INFO - Processing job 4/8: Manager, Fundraising and Business Development (1)
2025-11-09 01:08:19,949 - __main__ - INFO - Parsing job: Manager, Fundraising and Business Development (1) (ID: 235038)
2025-11-09 01:08:20,970 - __main__ - INFO - ✓ Successfully parsed job 235038
2025-11-09 01:08:20,970 - __main__ - INFO - Saved job JSON to /Users/agirgis/Downloads/public_jobs_scraper/data/ONT/jobs_json/ont_job_235038.json
2025-11-09 01:08:22,975 - __main__ - INFO - Processing job 5/8: Amended - Policy Advisor (11)
2025-11-09 01:08:22,976 - __main__ - INFO - Parsing job: Amended - Policy Advisor (11) (ID: 235898)
2025-11-09 01:08:25,162 - __main__ - INFO - ✓ Successfully parsed job 235898
2025-11-09 01:08:25,162 - __main__ - INFO - Saved job JSON to /Users/agirgis/Downloads/public_jobs_scraper/data/ONT/jobs_json/ont_job_235898.json
2025-11-09 01:08:27,166 - __main__ - INFO - Processing job 6/8: Assistant Health Care Manager (1)
2025-11-09 01:08:27,166 - __main__ - INFO - Parsing job: Assistant Health Care Manager (1) (ID: 235727)
2025-11-09 01:08:28,167 - __main__ - INFO - ✓ Successfully parsed job 235727
2025-11-09 01:08:28,167 - __main__ - INFO - Saved job JSON to /Users/agirgis/Downloads/public_jobs_scraper/data/ONT/jobs_json/ont_job_235727.json
2025-11-09 01:08:30,168 - __main__ - INFO - Processing job 7/8: Manager, Capital Planning and Delivery - Community Safety (1)
2025-11-09 01:08:30,169 - __main__ - INFO - Parsing job: Manager, Capital Planning and Delivery - Community Safety (1) (ID: 235437)
2025-11-09 01:08:31,181 - __main__ - INFO - ✓ Successfully parsed job 235437
2025-11-09 01:08:31,181 - __main__ - INFO - Saved job JSON to /Users/agirgis/Downloads/public_jobs_scraper/data/ONT/jobs_json/ont_job_235437.json
2025-11-09 01:08:33,186 - __main__ - INFO - Processing job 8/8: Manager, Client Relationship & Case Management (1)
2025-11-09 01:08:33,187 - __main__ - INFO - Parsing job: Manager, Client Relationship & Case Management (1) (ID: 235420)
2025-11-09 01:08:34,232 - __main__ - INFO - ✓ Successfully parsed job 235420
2025-11-09 01:08:34,232 - __main__ - INFO - Saved job JSON to /Users/agirgis/Downloads/public_jobs_scraper/data/ONT/jobs_json/ont_job_235420.json
2025-11-09 01:08:34,232 - __main__ - INFO - Successfully scraped 8 jobs
2025-11-09 01:08:34,232 - __main__ - INFO - Scraping complete. Total jobs scraped: 8
2025-11-09 01:08:34,232 - __main__ - INFO - Closing browser
2025-11-09 01:08:34,339 - __main__ - INFO - Ontario Job Scraper finished
