2025-11-09 00:40:34,126 - __main__ - INFO - ================================================================================
2025-11-09 00:40:34,126 - __main__ - INFO - Ontario (ONT) Job Scraper Starting
2025-11-09 00:40:34,126 - __main__ - INFO - ================================================================================
2025-11-09 00:40:34,362 - __main__ - INFO - Launching Chromium browser (headless=False)
2025-11-09 00:40:35,548 - __main__ - INFO - Starting Ontario job scraping workflow
2025-11-09 00:40:35,549 - __main__ - INFO - Loaded 43 job keywords from /Users/agirgis/Downloads/public_jobs_scraper/list-of-jobs.txt
2025-11-09 00:40:35,549 - __main__ - INFO - Navigating to https://www.gojobs.gov.on.ca/Search.aspx
2025-11-09 00:40:37,398 - __main__ - INFO - Selecting search filters
2025-11-09 00:40:37,425 - __main__ - INFO - Opened job category dropdown
2025-11-09 00:40:38,442 - __main__ - INFO - ✓ Selected 'All job categories' checkbox
2025-11-09 00:40:38,956 - __main__ - INFO - Checkbox checked state: True
2025-11-09 00:40:39,004 - __main__ - INFO - Closed job category dropdown
2025-11-09 00:40:39,602 - __main__ - INFO - Saved screenshot before search: /Users/agirgis/Downloads/public_jobs_scraper/data/ONT/search_html/before_search_20251109_004039.png
2025-11-09 00:40:39,602 - __main__ - INFO - Clicking Search button to load job results
2025-11-09 00:40:39,638 - __main__ - INFO - Search submitted successfully
2025-11-09 00:40:39,641 - __main__ - INFO - Total pages to scrape: 1
2025-11-09 00:40:39,641 - __main__ - INFO - Processing page 1/1
2025-11-09 00:40:40,823 - __main__ - INFO - Scraping search page 1
2025-11-09 00:40:40,871 - __main__ - INFO - Found 0 job listings on page 1
2025-11-09 00:40:40,871 - __main__ - INFO - Found 0 matches on page 1
2025-11-09 00:40:40,871 - __main__ - INFO - Total matches found: 0
2025-11-09 00:40:40,871 - __main__ - INFO - Successfully scraped 0 jobs
2025-11-09 00:40:40,871 - __main__ - INFO - Scraping complete. Total jobs scraped: 0
2025-11-09 00:40:40,871 - __main__ - INFO - Closing browser
2025-11-09 00:40:41,015 - __main__ - INFO - Ontario Job Scraper finished
