2025-11-09 00:46:46,716 - __main__ - INFO - ================================================================================
2025-11-09 00:46:46,716 - __main__ - INFO - Ontario (ONT) Job Scraper Starting
2025-11-09 00:46:46,716 - __main__ - INFO - ================================================================================
2025-11-09 00:46:46,866 - __main__ - INFO - Launching Chromium browser (headless=False)
2025-11-09 00:46:47,673 - __main__ - INFO - Starting Ontario job scraping workflow
2025-11-09 00:46:47,673 - __main__ - INFO - Loaded 43 job keywords from /Users/agirgis/Downloads/public_jobs_scraper/list-of-jobs.txt
2025-11-09 00:46:47,673 - __main__ - INFO - Navigating to https://www.gojobs.gov.on.ca/Search.aspx
2025-11-09 00:46:49,630 - __main__ - INFO - Scrolling page like a human
2025-11-09 00:46:51,567 - __main__ - INFO - Page scrolled successfully
2025-11-09 00:46:51,567 - __main__ - INFO - Selecting search filters
2025-11-09 00:46:52,201 - __main__ - INFO - Opened job category dropdown
2025-11-09 00:46:53,571 - __main__ - INFO - ✓ Selected 'All job categories' checkbox
2025-11-09 00:46:54,086 - __main__ - INFO - Checkbox checked state: True
2025-11-09 00:46:54,462 - __main__ - INFO - Closed job category dropdown
2025-11-09 00:46:54,967 - __main__ - INFO - Scrolling to Search button
2025-11-09 00:46:55,807 - __main__ - INFO - Search button is now in view
2025-11-09 00:46:55,900 - __main__ - INFO - Saved screenshot before search: /Users/agirgis/Downloads/public_jobs_scraper/data/ONT/search_html/before_search_20251109_004655.png
2025-11-09 00:46:55,900 - __main__ - INFO - Clicking Search button to load job results
2025-11-09 00:46:55,942 - __main__ - INFO - Search submitted successfully
2025-11-09 00:46:55,942 - __main__ - INFO - Waiting for search results to load...
2025-11-09 00:47:00,965 - __main__ - INFO - Search results loaded successfully
2025-11-09 00:47:01,201 - __main__ - INFO - Saved screenshot after search: /Users/agirgis/Downloads/public_jobs_scraper/data/ONT/search_html/after_search_20251109_004700.png
2025-11-09 00:47:01,238 - __main__ - INFO - Total pages to scrape: 11
2025-11-09 00:47:01,238 - __main__ - INFO - Processing page 1/11
2025-11-09 00:47:02,269 - __main__ - INFO - Scraping search page 1
2025-11-09 00:47:02,304 - __main__ - INFO - Found 10 job listings on page 1
2025-11-09 00:47:02,322 - __main__ - INFO - Found 0 matches on page 1
2025-11-09 00:47:04,327 - __main__ - INFO - Processing page 2/11
2025-11-09 00:47:07,296 - __main__ - INFO - Scraping search page 2
2025-11-09 00:47:07,323 - __main__ - INFO - Found 1 job listings on page 2
2025-11-09 00:47:07,325 - __main__ - INFO - Found 0 matches on page 2
2025-11-09 00:47:09,329 - __main__ - INFO - Processing page 3/11
2025-11-09 00:47:12,797 - __main__ - INFO - Scraping search page 3
2025-11-09 00:47:12,831 - __main__ - INFO - Found 0 job listings on page 3
2025-11-09 00:47:12,831 - __main__ - INFO - Found 0 matches on page 3
2025-11-09 00:47:14,835 - __main__ - INFO - Processing page 4/11
2025-11-09 00:47:14,843 - __main__ - WARNING - Could not find link for page 4
2025-11-09 00:47:14,843 - __main__ - WARNING - Skipping page 4 due to navigation error
2025-11-09 00:47:14,843 - __main__ - INFO - Processing page 5/11
2025-11-09 00:47:17,657 - __main__ - INFO - Scraping search page 5
2025-11-09 00:47:17,687 - __main__ - INFO - Found 0 job listings on page 5
2025-11-09 00:47:17,687 - __main__ - INFO - Found 0 matches on page 5
2025-11-09 00:47:19,691 - __main__ - INFO - Processing page 6/11
2025-11-09 00:47:19,703 - __main__ - WARNING - Could not find link for page 6
2025-11-09 00:47:19,703 - __main__ - WARNING - Skipping page 6 due to navigation error
2025-11-09 00:47:19,703 - __main__ - INFO - Processing page 7/11
2025-11-09 00:47:19,706 - __main__ - WARNING - Could not find link for page 7
2025-11-09 00:47:19,706 - __main__ - WARNING - Skipping page 7 due to navigation error
2025-11-09 00:47:19,706 - __main__ - INFO - Processing page 8/11
2025-11-09 00:47:19,709 - __main__ - WARNING - Could not find link for page 8
2025-11-09 00:47:19,709 - __main__ - WARNING - Skipping page 8 due to navigation error
2025-11-09 00:47:19,709 - __main__ - INFO - Processing page 9/11
2025-11-09 00:47:19,711 - __main__ - WARNING - Could not find link for page 9
2025-11-09 00:47:19,711 - __main__ - WARNING - Skipping page 9 due to navigation error
2025-11-09 00:47:19,711 - __main__ - INFO - Processing page 10/11
2025-11-09 00:47:19,714 - __main__ - WARNING - Could not find link for page 10
2025-11-09 00:47:19,714 - __main__ - WARNING - Skipping page 10 due to navigation error
2025-11-09 00:47:19,714 - __main__ - INFO - Processing page 11/11
2025-11-09 00:47:19,716 - __main__ - WARNING - Could not find link for page 11
2025-11-09 00:47:19,716 - __main__ - WARNING - Skipping page 11 due to navigation error
2025-11-09 00:47:19,716 - __main__ - INFO - Total matches found: 0
2025-11-09 00:47:19,716 - __main__ - INFO - Successfully scraped 0 jobs
2025-11-09 00:47:19,716 - __main__ - INFO - Scraping complete. Total jobs scraped: 0
2025-11-09 00:47:19,716 - __main__ - INFO - Closing browser
2025-11-09 00:47:19,909 - __main__ - INFO - Ontario Job Scraper finished
