[2025-11-09 01:39:50] INFO: ================================================================================
[2025-11-09 01:39:50] INFO: Ontario (ONT) Job Scraper Starting
[2025-11-09 01:39:50] INFO: ================================================================================
[2025-11-09 01:39:51] INFO: Launching Chromium browser (headless=False)
[2025-11-09 01:39:51] INFO: Starting Ontario job scraping workflow
[2025-11-09 01:39:51] INFO: Loaded 43 job keywords from /Users/agirgis/Downloads/public_jobs_scraper/list-of-jobs.txt
[2025-11-09 01:39:51] INFO: Navigating to https://www.gojobs.gov.on.ca/Search.aspx
[2025-11-09 01:39:53] INFO: Scrolling page like a human
[2025-11-09 01:39:55] INFO: Page scrolled successfully
[2025-11-09 01:39:55] INFO: Selecting search filters
[2025-11-09 01:39:56] INFO: Opened job category dropdown
[2025-11-09 01:39:57] INFO: ✓ Selected 'All job categories' checkbox
[2025-11-09 01:39:58] INFO: Checkbox checked state: True
[2025-11-09 01:39:58] INFO: Closed job category dropdown
[2025-11-09 01:39:58] INFO: Scrolling to Search button
[2025-11-09 01:39:59] INFO: Search button is now in view
[2025-11-09 01:39:59] INFO: Saved screenshot before search: /Users/agirgis/Downloads/public_jobs_scraper/data/ONT/search_html/before_search_20251109_013959.png
[2025-11-09 01:39:59] INFO: Clicking Search button to load job results
[2025-11-09 01:39:59] INFO: Search submitted successfully
[2025-11-09 01:39:59] INFO: Waiting for search results to load...
[2025-11-09 01:40:07] INFO: Search results loaded successfully
[2025-11-09 01:40:08] INFO: Saved screenshot after search: /Users/agirgis/Downloads/public_jobs_scraper/data/ONT/search_html/after_search_20251109_014007.png
[2025-11-09 01:40:08] INFO: Total pages to scrape: 14
[2025-11-09 01:40:08] INFO: Processing page 1/14
[2025-11-09 01:40:08] INFO: Scraping search page 1
[2025-11-09 01:40:08] INFO: Found 10 job listings on page 1
[2025-11-09 01:40:08] INFO: Checking job 1/10: '201 - Operations Supervisor, Water And Wastewater (1)'
[2025-11-09 01:40:08] INFO: Checking job 2/10: 'Actuary (1)'
[2025-11-09 01:40:08] INFO: Checking job 3/10: 'Ambulance Communications Officer (Irregularly Scheduled/On-Call) (3)'
[2025-11-09 01:40:08] INFO: Checking job 4/10: 'Assessment Biologist (1)'
[2025-11-09 01:40:08] INFO: Checking job 5/10: 'Consultation and Aboriginal Treaty Rights Advisor (2)'
[2025-11-09 01:40:08] INFO: Checking job 6/10: 'Crown Counsel (1)'
[2025-11-09 01:40:08] INFO: Checking job 7/10: 'Crown Counsel (1)'
[2025-11-09 01:40:08] INFO: Checking job 8/10: 'District Resource Liaison Specialist (1)'
[2025-11-09 01:40:08] INFO: Checking job 9/10: 'Program Evaluation and Performance Measurement Specialist (2)'
[2025-11-09 01:40:08] INFO: Checking job 10/10: 'Social Worker (1)'
[2025-11-09 01:40:08] INFO: Found 0 matches on page 1
[2025-11-09 01:40:10] INFO: Processing page 2/14
[2025-11-09 01:40:10] INFO: Scrolling to page 2 link...
[2025-11-09 01:40:11] INFO: Clicking pagination link for page 2
[2025-11-09 01:40:14] INFO: Scraping search page 2
[2025-11-09 01:40:14] INFO: Found 10 job listings on page 2
[2025-11-09 01:40:14] INFO: Checking job 1/10: 'Social Worker (2)'
[2025-11-09 01:40:14] INFO: Checking job 2/10: 'Social Worker (1)'
[2025-11-09 01:40:14] INFO: Checking job 3/10: 'Technical Services Officer (1)'
[2025-11-09 01:40:14] INFO: Checking job 4/10: 'Technical Services Officer (1)'
[2025-11-09 01:40:14] INFO: Checking job 5/10: '194 - Procurement Consultant (1)'
[2025-11-09 01:40:14] INFO: Checking job 6/10: '198 - Water and Wastewater Operator (3)'
[2025-11-09 01:40:14] INFO: Checking job 7/10: '200 - Utility Plant Electrician Operator (3)'
[2025-11-09 01:40:14] INFO: Checking job 8/10: 'Assistant Park Superintendent (1)'
[2025-11-09 01:40:14] INFO: Checking job 9/10: 'Facilities Management Consultant (1)'
[2025-11-09 01:40:14] INFO: ✓ MATCH FOUND: 'Facilities Management Consultant (1)' (ID: 236596) - Keyword: 'Manager' (Score: 88.0)
[2025-11-09 01:40:14] INFO: Checking job 10/10: 'Head, Geotechnical (1)'
[2025-11-09 01:40:14] INFO: Found 1 matches on page 2
[2025-11-09 01:40:16] INFO: Processing page 3/14
[2025-11-09 01:40:16] INFO: Scrolling to page 3 link...
[2025-11-09 01:40:17] INFO: Clicking pagination link for page 3
[2025-11-09 01:40:20] INFO: Scraping search page 3
[2025-11-09 01:40:20] INFO: Found 10 job listings on page 3
[2025-11-09 01:40:21] INFO: Checking job 1/10: 'Historical Interpreter (Seasonal) (1)'
[2025-11-09 01:40:21] INFO: Checking job 2/10: 'Hub Administrative Assistant (1)'
[2025-11-09 01:40:21] INFO: Checking job 3/10: 'I&IT Opportunities'
[2025-11-09 01:40:21] INFO: Checking job 4/10: 'Manager, Finance and Administrative Services (1)'
[2025-11-09 01:40:21] INFO: ✓ MATCH FOUND: 'Manager, Finance and Administrative Services (1)' (ID: 236602) - Keyword: 'Manager' (Score: 100.0)
[2025-11-09 01:40:21] INFO: Checking job 5/10: 'Manager, Volume-Based Acute Services (1)'
[2025-11-09 01:40:21] INFO: ✓ MATCH FOUND: 'Manager, Volume-Based Acute Services (1)' (ID: 234315) - Keyword: 'Manager' (Score: 100.0)
[2025-11-09 01:40:21] INFO: Checking job 6/10: 'Physiotherapist (1)'
[2025-11-09 01:40:21] INFO: Checking job 7/10: 'Probation and Parole Administrative Support Clerk (1)'
[2025-11-09 01:40:21] INFO: Checking job 8/10: 'Probation and Parole Officer (1)'
[2025-11-09 01:40:21] INFO: Checking job 9/10: 'Probation and Parole Officer (2)'
[2025-11-09 01:40:21] INFO: Checking job 10/10: 'Radiation Technologist (2)'
[2025-11-09 01:40:21] INFO: Found 2 matches on page 3
[2025-11-09 01:40:23] INFO: Processing page 4/14
[2025-11-09 01:40:23] INFO: Scrolling to page 4 link...
[2025-11-09 01:40:24] INFO: Clicking pagination link for page 4
[2025-11-09 01:40:27] INFO: Scraping search page 4
[2025-11-09 01:40:27] INFO: Found 11 job listings on page 4
[2025-11-09 01:40:27] INFO: Checking job 1/11: 'Recruitment Outreach Liaison - Fixed Term/Temporary up to 2 years (4)'
[2025-11-09 01:40:27] INFO: Checking job 2/11: 'Regional Information Management Specialist (1)'
[2025-11-09 01:40:27] INFO: ✓ MATCH FOUND: 'Regional Information Management Specialist (1)' (ID: 235707) - Keyword: 'Manager' (Score: 88.0)
[2025-11-09 01:40:27] INFO: Checking job 3/11: 'Senior Radiation Technologist (1)'
[2025-11-09 01:40:27] INFO: Checking job 4/11: 'Senior Stakeholder Engagement Advisor (1)'
[2025-11-09 01:40:27] INFO: Checking job 5/11: 'Sign Maker - Seasonal (4)'
[2025-11-09 01:40:27] INFO: Checking job 6/11: 'Water & Wastewater Operator (2)'
[2025-11-09 01:40:27] INFO: Checking job 7/11: 'Ambulance Communications Officer (Irregularly Scheduled/On-Call) (4)'
[2025-11-09 01:40:27] INFO: Checking job 8/11: 'Amended - Lead Engineer (Structural) (1)'
[2025-11-09 01:40:27] INFO: Checking job 9/11: 'Court and Client Representative - permanent full-time positions - Unilingual (English) and Bilingual (English/French) (2)'
[2025-11-09 01:40:27] INFO: Checking job 10/11: 'Préposée Ou Préposé Aux Services À La Clientèle Et Aux Tribunaux (permanent à plein temps) - Unilingue (Anglais) et Bilingue (Anglais/Français) (2)'
[2025-11-09 01:40:27] INFO: Checking job 11/11: 'Director, Editorial Services and Production (1)'
[2025-11-09 01:40:27] INFO: Found 1 matches on page 4
[2025-11-09 01:40:29] INFO: Processing page 5/14
[2025-11-09 01:40:29] INFO: Scrolling to page 5 link...
[2025-11-09 01:40:30] INFO: Clicking pagination link for page 5
[2025-11-09 01:40:34] INFO: Scraping search page 5
[2025-11-09 01:40:34] INFO: Found 11 job listings on page 5
[2025-11-09 01:40:34] INFO: Checking job 1/11: 'Engineering Services Technician (2)'
[2025-11-09 01:40:34] INFO: Checking job 2/11: 'Integrated Resources Management (IRM) Technical Specialist - Bilingual (English/French) (1)'
[2025-11-09 01:40:34] INFO: ✓ MATCH FOUND: 'Integrated Resources Management (IRM) Technical Specialist - Bilingual (English/French) (1)' (ID: 236445) - Keyword: 'Manager' (Score: 88.0)
[2025-11-09 01:40:34] INFO: Checking job 3/11: 'Spécialiste technique en gestion intégrée des ressources - Bilingue (Anglais/Français) (1)'
[2025-11-09 01:40:34] INFO: Checking job 4/11: 'Labour Relations Officer (1)'
[2025-11-09 01:40:34] INFO: Checking job 5/11: 'Labour Relations Specialist, Construction (1)'
[2025-11-09 01:40:34] INFO: Checking job 6/11: 'Contract Services Inspector (1)'
[2025-11-09 01:40:34] INFO: Checking job 7/11: 'Director, Strategic Communications (1)'
[2025-11-09 01:40:34] INFO: Checking job 8/11: 'Lead Engineer, Projects (11)'
[2025-11-09 01:40:34] INFO: Checking job 9/11: 'Legal Administrative Secretary (4)'
[2025-11-09 01:40:34] INFO: Checking job 10/11: 'Maintenance Carpenter (Seasonal) (1)'
[2025-11-09 01:40:34] INFO: Checking job 11/11: 'Mental Health Nurse (1)'
[2025-11-09 01:40:34] INFO: Found 1 matches on page 5
[2025-11-09 01:40:36] INFO: Processing page 6/14
[2025-11-09 01:40:36] INFO: Scrolling to page 6 link...
[2025-11-09 01:40:37] INFO: Clicking pagination link for page 6
[2025-11-09 01:40:41] INFO: Scraping search page 6
[2025-11-09 01:40:41] INFO: Found 10 job listings on page 6
[2025-11-09 01:40:41] INFO: Checking job 1/10: 'Project Advisor (1)'
[2025-11-09 01:40:41] INFO: Checking job 2/10: 'Senior Engineer, Projects (10)'
[2025-11-09 01:40:41] INFO: Checking job 3/10: 'Senior Project Consultant (1)'
[2025-11-09 01:40:41] INFO: Checking job 4/10: 'Traffic Specialist (4)'
[2025-11-09 01:40:41] INFO: Checking job 5/10: 'Traffic Supervisor (1)'
[2025-11-09 01:40:41] INFO: Checking job 6/10: 'Aviation, Forest Fire and Emergency Services Temporary/Seasonal Recruitment (1)'
[2025-11-09 01:40:41] INFO: Checking job 7/10: 'Customer Service Roles - English & Bilingual (English/French) - Open to all levels of experience! (1)'
[2025-11-09 01:40:41] INFO: Checking job 8/10: 'Financial Officer (3)'
[2025-11-09 01:40:41] INFO: Checking job 9/10: 'Food Services Officer (Cook) (1)'
[2025-11-09 01:40:41] INFO: Checking job 10/10: 'Lead Engineer, Programs/Projects (1)'
[2025-11-09 01:40:41] INFO: Found 0 matches on page 6
[2025-11-09 01:40:43] INFO: Processing page 7/14
[2025-11-09 01:40:43] INFO: Scrolling to page 7 link...
[2025-11-09 01:40:44] INFO: Clicking pagination link for page 7
[2025-11-09 01:40:46] INFO: Scraping search page 7
[2025-11-09 01:40:46] INFO: Found 10 job listings on page 7
[2025-11-09 01:40:46] INFO: Checking job 1/10: 'Lead Surveyor, Projects (2)'
[2025-11-09 01:40:46] INFO: Checking job 2/10: 'Lead, Access and Privacy (1)'
[2025-11-09 01:40:46] INFO: Checking job 3/10: 'Manager, Fundraising and Business Development (1)'
[2025-11-09 01:40:46] INFO: ✓ MATCH FOUND: 'Manager, Fundraising and Business Development (1)' (ID: 235038) - Keyword: 'Manager' (Score: 100.0)
[2025-11-09 01:40:46] INFO: Checking job 4/10: 'Team Lead (2)'
[2025-11-09 01:40:46] INFO: Checking job 5/10: 'Wildland Fire Fighter - Ontario FireRanger (1)'
[2025-11-09 01:40:46] INFO: Checking job 6/10: 'Amended - Policy Advisor (11)'
[2025-11-09 01:40:46] INFO: ✓ MATCH FOUND: 'Amended - Policy Advisor (11)' (ID: 235898) - Keyword: 'Policy Advisor' (Score: 100.0)
[2025-11-09 01:40:46] INFO: Checking job 7/10: 'Assistant Health Care Manager (1)'
[2025-11-09 01:40:46] INFO: ✓ MATCH FOUND: 'Assistant Health Care Manager (1)' (ID: 235727) - Keyword: 'Manager' (Score: 100.0)
[2025-11-09 01:40:46] INFO: Checking job 8/10: 'Classroom Assistant, Program for Students with Learning Disabilities (1)'
[2025-11-09 01:40:46] INFO: Checking job 9/10: 'Corridor Management Planner (1)'
[2025-11-09 01:40:46] INFO: ✓ MATCH FOUND: 'Corridor Management Planner (1)' (ID: 235753) - Keyword: 'Manager' (Score: 88.0)
[2025-11-09 01:40:46] INFO: Checking job 10/10: 'Counsel (3)'
[2025-11-09 01:40:46] INFO: Found 4 matches on page 7
[2025-11-09 01:40:48] INFO: Processing page 8/14
[2025-11-09 01:40:48] INFO: Scrolling to page 8 link...
[2025-11-09 01:40:49] INFO: Clicking pagination link for page 8
[2025-11-09 01:40:53] INFO: Scraping search page 8
[2025-11-09 01:40:53] INFO: Found 13 job listings on page 8
[2025-11-09 01:40:53] INFO: Checking job 1/13: 'Counsel (1)'
[2025-11-09 01:40:53] INFO: Checking job 2/13: 'Court and Client Representative (irregularly scheduled hours and on-call contracts) - Bilingual (English/French) (1)'
[2025-11-09 01:40:53] INFO: Checking job 3/13: 'Préposée Ou Préposé Aux Services À La Clientèle Et Aux Tribunaux (horaire irrégulier et contrats sur appel) - Bilingue (Anglais/Français) (1)'
[2025-11-09 01:40:53] INFO: Checking job 4/13: 'Crown Counsel (3)'
[2025-11-09 01:40:53] INFO: Checking job 5/13: 'Disability Determination Adjudicator (6)'
[2025-11-09 01:40:53] INFO: Checking job 6/13: 'Évaluateur de l`admissibilité des personnes handicapées – Bilingue (anglais/français) (6)'
[2025-11-09 01:40:53] INFO: Checking job 7/13: 'Fruit Crop Specialist (1)'
[2025-11-09 01:40:53] INFO: Checking job 8/13: 'Probation and Parole Officer (1)'
[2025-11-09 01:40:53] INFO: Checking job 9/13: 'Agent de probation et de libération conditionnelle; agente de probation et de libération conditionnelle – bilingue (anglais/français) (1)'
[2025-11-09 01:40:53] INFO: Checking job 10/13: 'Resource Management Technician (1)'
[2025-11-09 01:40:53] INFO: ✓ MATCH FOUND: 'Resource Management Technician (1)' (ID: 235811) - Keyword: 'Manager' (Score: 88.0)
[2025-11-09 01:40:53] INFO: Checking job 11/13: 'Resources Clerk (1)'
[2025-11-09 01:40:53] INFO: Checking job 12/13: 'Senior Investigator - Workplace Resolution and Restoration (1)'
[2025-11-09 01:40:53] INFO: Checking job 13/13: 'Technical Specialist (3)'
[2025-11-09 01:40:53] INFO: Found 1 matches on page 8
[2025-11-09 01:40:55] INFO: Processing page 9/14
[2025-11-09 01:40:55] INFO: Scrolling to page 9 link...
[2025-11-09 01:40:56] INFO: Clicking pagination link for page 9
[2025-11-09 01:40:59] INFO: Scraping search page 9
[2025-11-09 01:40:59] INFO: Found 10 job listings on page 9
[2025-11-09 01:40:59] INFO: Checking job 1/10: 'Victim/Witness Services Worker (1)'
[2025-11-09 01:40:59] INFO: Checking job 2/10: 'Administrative Assistant (1)'
[2025-11-09 01:40:59] INFO: Checking job 3/10: 'Boat Captain – Great Lakes Fisheries Vessel Master (1)'
[2025-11-09 01:40:59] INFO: Checking job 4/10: 'Classroom Assistant (4)'
[2025-11-09 01:40:59] INFO: Checking job 5/10: 'Classroom Assistant (Supply) Blind Program (3)'
[2025-11-09 01:40:59] INFO: Checking job 6/10: 'Court and Client Representative – permanent full-time positions (3)'
[2025-11-09 01:40:59] INFO: Checking job 7/10: 'Court Enforcement Officer (Irregular On-Call) (1)'
[2025-11-09 01:40:59] INFO: Checking job 8/10: 'Food Safety Inspector (2)'
[2025-11-09 01:40:59] INFO: Checking job 9/10: 'Food Services Helper (Irregular/On-Call) (1)'
[2025-11-09 01:40:59] INFO: Checking job 10/10: 'Lead Engineer, Programs Projects (Asset Management) (1)'
[2025-11-09 01:40:59] INFO: ✓ MATCH FOUND: 'Lead Engineer, Programs Projects (Asset Management) (1)' (ID: 235001) - Keyword: 'Manager' (Score: 88.0)
[2025-11-09 01:40:59] INFO: Found 1 matches on page 9
[2025-11-09 01:41:01] INFO: Processing page 10/14
[2025-11-09 01:41:01] INFO: Scrolling to page 10 link...
[2025-11-09 01:41:02] INFO: Clicking pagination link for page 10
[2025-11-09 01:41:06] INFO: Scraping search page 10
[2025-11-09 01:41:07] INFO: Found 11 job listings on page 10
[2025-11-09 01:41:07] INFO: Checking job 1/11: 'Senior Advisor (1)'
[2025-11-09 01:41:07] INFO: Checking job 2/11: 'Senior Designer (1)'
[2025-11-09 01:41:07] INFO: Checking job 3/11: 'Student Support Counsellor - Program for students with learning disabilities (3)'
[2025-11-09 01:41:07] INFO: Checking job 4/11: 'Case Management Coordinator (1)'
[2025-11-09 01:41:07] INFO: ✓ MATCH FOUND: 'Case Management Coordinator (1)' (ID: 235914) - Keyword: 'Manager' (Score: 88.0)
[2025-11-09 01:41:07] INFO: Checking job 5/11: 'General Maintenance Assistant (1)'
[2025-11-09 01:41:07] INFO: Checking job 6/11: 'Senior Engineer, Intelligent Transportation Systems (1)'
[2025-11-09 01:41:07] INFO: Checking job 7/11: 'Amended - French Editor - Bilingual (English/French) (1)'
[2025-11-09 01:41:07] INFO: Checking job 8/11: 'Modifié - Correcteur-réviseur, publications de langue française; correctrice-réviseure, publications de langue française – Poste désigné bilingue (anglais et français) (1)'
[2025-11-09 01:41:07] INFO: Checking job 9/11: 'Legal Administrative Secretary (1)'
[2025-11-09 01:41:07] INFO: Checking job 10/11: 'Manager, Capital Planning and Delivery - Community Safety (1)'
[2025-11-09 01:41:07] INFO: ✓ MATCH FOUND: 'Manager, Capital Planning and Delivery - Community Safety (1)' (ID: 235437) - Keyword: 'Manager' (Score: 100.0)
[2025-11-09 01:41:07] INFO: Checking job 11/11: 'Manager, Client Relationship & Case Management (1)'
[2025-11-09 01:41:07] INFO: ✓ MATCH FOUND: 'Manager, Client Relationship & Case Management (1)' (ID: 235420) - Keyword: 'Manager' (Score: 100.0)
[2025-11-09 01:41:07] INFO: Found 3 matches on page 10
[2025-11-09 01:41:09] INFO: Processing page 11/14
[2025-11-09 01:41:09] INFO: Scrolling to page 11 link...
[2025-11-09 01:41:10] INFO: Clicking pagination link for page 11
[2025-11-09 01:41:14] INFO: Scraping search page 11
[2025-11-09 01:41:14] INFO: Found 11 job listings on page 11
[2025-11-09 01:41:14] INFO: Checking job 1/11: 'Occupational Health & Safety Advisor (1)'
[2025-11-09 01:41:14] INFO: Checking job 2/11: 'Registered Nurse (5)'
[2025-11-09 01:41:14] INFO: Checking job 3/11: 'Contract Services Technician (2)'
[2025-11-09 01:41:14] INFO: Checking job 4/11: 'Food Services Officer (Cook) (1)'
[2025-11-09 01:41:14] INFO: Checking job 5/11: 'Operations Supervisor, Water and Wastewater (1)'
[2025-11-09 01:41:14] INFO: Checking job 6/11: 'Park Maintenance Group Leader (1)'
[2025-11-09 01:41:14] INFO: Checking job 7/11: 'Senior Economic Officer - New York and Mexico (2)'
[2025-11-09 01:41:14] INFO: ✓ MATCH FOUND: 'Senior Economic Officer - New York and Mexico (2)' (ID: 235262) - Keyword: 'Economist' (Score: 88.0)
[2025-11-09 01:41:14] INFO: Checking job 8/11: 'Staff Sergeant (2)'
[2025-11-09 01:41:14] INFO: Checking job 9/11: 'Amended - Court and Client Representative - permanent full-time position - Bilingual (English/French) (1)'
[2025-11-09 01:41:14] INFO: Checking job 10/11: 'Modifié - Bilingue (Anglais/Français) (1)'
[2025-11-09 01:41:14] INFO: Checking job 11/11: 'Lead Engineer, Structural (2)'
[2025-11-09 01:41:14] INFO: Found 1 matches on page 11
[2025-11-09 01:41:16] INFO: Processing page 12/14
[2025-11-09 01:41:16] INFO: Scrolling to page 12 link...
[2025-11-09 01:41:17] INFO: Clicking pagination link for page 12
[2025-11-09 01:41:20] INFO: Scraping search page 12
[2025-11-09 01:41:20] INFO: Found 10 job listings on page 12
[2025-11-09 01:41:20] INFO: Checking job 1/10: 'Senior Economic Officer – International Opportunities (London, Munich, Paris, Tokyo) (4)'
[2025-11-09 01:41:20] INFO: ✓ MATCH FOUND: 'Senior Economic Officer – International Opportunities (London, Munich, Paris, Tokyo) (4)' (ID: 233484) - Keyword: 'Economist' (Score: 88.0)
[2025-11-09 01:41:20] INFO: Checking job 2/10: 'Senior Economic Officer, London (1)'
[2025-11-09 01:41:20] INFO: ✓ MATCH FOUND: 'Senior Economic Officer, London (1)' (ID: 233706) - Keyword: 'Economist' (Score: 88.0)
[2025-11-09 01:41:20] INFO: Checking job 3/10: 'Senior Economic Officer, Munich (1)'
[2025-11-09 01:41:20] INFO: ✓ MATCH FOUND: 'Senior Economic Officer, Munich (1)' (ID: 233707) - Keyword: 'Economist' (Score: 88.0)
[2025-11-09 01:41:20] INFO: Checking job 4/10: 'Senior Economic Officer, Paris (1)'
[2025-11-09 01:41:20] INFO: ✓ MATCH FOUND: 'Senior Economic Officer, Paris (1)' (ID: 233705) - Keyword: 'Economist' (Score: 88.0)
[2025-11-09 01:41:20] INFO: Checking job 5/10: 'Senior Economic Officer, Tokyo (1)'
[2025-11-09 01:41:20] INFO: ✓ MATCH FOUND: 'Senior Economic Officer, Tokyo (1)' (ID: 233702) - Keyword: 'Economist' (Score: 88.0)
[2025-11-09 01:41:20] INFO: Checking job 6/10: 'Caretaker (2)'
[2025-11-09 01:41:20] INFO: Checking job 7/10: 'Environmental Compliance Officer (1)'
[2025-11-09 01:41:20] INFO: Checking job 8/10: 'Amended - Senior Engineer, Bridges (2)'
[2025-11-09 01:41:20] INFO: Checking job 9/10: 'Manager - Psychological Services (1)'
[2025-11-09 01:41:20] INFO: ✓ MATCH FOUND: 'Manager - Psychological Services (1)' (ID: 234708) - Keyword: 'Manager' (Score: 100.0)
[2025-11-09 01:41:20] INFO: Checking job 10/10: 'District Geological Assistant (3)'
[2025-11-09 01:41:20] INFO: Found 6 matches on page 12
[2025-11-09 01:41:22] INFO: Processing page 13/14
[2025-11-09 01:41:22] INFO: Scrolling to page 13 link...
[2025-11-09 01:41:22] INFO: Clicking pagination link for page 13
[2025-11-09 01:41:26] INFO: Scraping search page 13
[2025-11-09 01:41:26] INFO: Found 12 job listings on page 13
[2025-11-09 01:41:26] INFO: Checking job 1/12: 'Social Worker (Bilingual - English/French) (1)'
[2025-11-09 01:41:26] INFO: Checking job 2/12: 'Travailleur social; travailleuse sociale (1)'
[2025-11-09 01:41:26] INFO: Checking job 3/12: 'Amended - Maintenance Electrician (1)'
[2025-11-09 01:41:26] INFO: Checking job 4/12: 'Cook (1)'
[2025-11-09 01:41:26] INFO: Checking job 5/12: 'Cook (1)'
[2025-11-09 01:41:26] INFO: Checking job 6/12: 'Archaeology Review Officer (Continuous Posting) (4)'
[2025-11-09 01:41:26] INFO: Checking job 7/12: 'Nurse Practitioner (5)'
[2025-11-09 01:41:26] INFO: Checking job 8/12: 'Nurse Practitioner (1)'
[2025-11-09 01:41:26] INFO: Checking job 9/12: 'Court and Client Representative (irregularly scheduled hours and on-call contracts) - Unilingual (English) and Bilingual (English/French) (2)'
[2025-11-09 01:41:26] INFO: Checking job 10/12: 'Préposée Ou Préposé Aux Services À La Clientèle Et Aux Tribunaux (horaire irrégulier et contrats sur appel) - Unilingue (Anglais) et Bilingue (Anglais/Français) (2)'
[2025-11-09 01:41:26] INFO: Checking job 11/12: 'Court and Client Representative (irregularly scheduled hours and on-call contracts) (1)'
[2025-11-09 01:41:26] INFO: Checking job 12/12: 'Court and Client Representative (irregularly scheduled hours and on-call contracts) (1)'
[2025-11-09 01:41:26] INFO: Found 0 matches on page 13
[2025-11-09 01:41:28] INFO: Processing page 14/14
[2025-11-09 01:41:28] INFO: Scrolling to page 14 link...
[2025-11-09 01:41:29] INFO: Clicking pagination link for page 14
[2025-11-09 01:41:33] INFO: Scraping search page 14
[2025-11-09 01:41:33] INFO: Found 6 job listings on page 14
[2025-11-09 01:41:33] INFO: Checking job 1/6: 'Court and Client Representative (irregularly scheduled hours and on-call contracts) (1)'
[2025-11-09 01:41:33] INFO: Checking job 2/6: 'Court and Client Representative (irregularly scheduled hours and on-call contracts) (2)'
[2025-11-09 01:41:33] INFO: Checking job 3/6: 'Préposée Ou Préposé Aux Services À La Clientèle Et Aux Tribunaux (horaire irrégulier et contrats sur appel) (2)'
[2025-11-09 01:41:33] INFO: Checking job 4/6: 'Court and Client Representative (irregularly scheduled hours and on-call contracts) - Unilingual (English) and Bilingual (English/French) (2)'
[2025-11-09 01:41:33] INFO: Checking job 5/6: 'Préposée Ou Préposé Aux Services À La Clientèle Et Aux Tribunaux (horaire irrégulier et contrats sur appel) - Unilingue (Anglais) et Bilingue (Anglais/Français) (2)'
[2025-11-09 01:41:33] INFO: Checking job 6/6: 'Amended - Court and Client Representative (irregularly scheduled hours and on-call contracts) (1)'
[2025-11-09 01:41:33] INFO: Found 0 matches on page 14
[2025-11-09 01:41:33] INFO: Total matches found: 21
[2025-11-09 01:41:33] INFO: Processing job 1/21: Facilities Management Consultant (1)
[2025-11-09 01:41:33] INFO: Parsing job: Facilities Management Consultant (1) (ID: 236596)
[2025-11-09 01:41:34] INFO: ✓ Successfully parsed job 236596
[2025-11-09 01:41:34] INFO: Saved job JSON to /Users/agirgis/Downloads/public_jobs_scraper/data/ONT/jobs_json/ont_job_236596.json
[2025-11-09 01:41:36] INFO: Processing job 2/21: Manager, Finance and Administrative Services (1)
[2025-11-09 01:41:36] INFO: Parsing job: Manager, Finance and Administrative Services (1) (ID: 236602)
[2025-11-09 01:41:37] INFO: ✓ Successfully parsed job 236602
[2025-11-09 01:41:37] INFO: Saved job JSON to /Users/agirgis/Downloads/public_jobs_scraper/data/ONT/jobs_json/ont_job_236602.json
[2025-11-09 01:41:39] INFO: Processing job 3/21: Manager, Volume-Based Acute Services (1)
[2025-11-09 01:41:39] INFO: Parsing job: Manager, Volume-Based Acute Services (1) (ID: 234315)
[2025-11-09 01:41:40] INFO: ✓ Successfully parsed job 234315
[2025-11-09 01:41:40] INFO: Saved job JSON to /Users/agirgis/Downloads/public_jobs_scraper/data/ONT/jobs_json/ont_job_234315.json
[2025-11-09 01:41:42] INFO: Processing job 4/21: Regional Information Management Specialist (1)
[2025-11-09 01:41:42] INFO: Parsing job: Regional Information Management Specialist (1) (ID: 235707)
[2025-11-09 01:41:46] INFO: ✓ Successfully parsed job 235707
[2025-11-09 01:41:46] INFO: Saved job JSON to /Users/agirgis/Downloads/public_jobs_scraper/data/ONT/jobs_json/ont_job_235707.json
[2025-11-09 01:41:48] INFO: Processing job 5/21: Integrated Resources Management (IRM) Technical Specialist - Bilingual (English/French) (1)
[2025-11-09 01:41:48] INFO: Parsing job: Integrated Resources Management (IRM) Technical Specialist - Bilingual (English/French) (1) (ID: 236445)
[2025-11-09 01:41:49] INFO: ✓ Successfully parsed job 236445
[2025-11-09 01:41:49] INFO: Saved job JSON to /Users/agirgis/Downloads/public_jobs_scraper/data/ONT/jobs_json/ont_job_236445.json
[2025-11-09 01:41:51] INFO: Processing job 6/21: Manager, Fundraising and Business Development (1)
[2025-11-09 01:41:51] INFO: Parsing job: Manager, Fundraising and Business Development (1) (ID: 235038)
[2025-11-09 01:41:52] INFO: ✓ Successfully parsed job 235038
[2025-11-09 01:41:52] INFO: Saved job JSON to /Users/agirgis/Downloads/public_jobs_scraper/data/ONT/jobs_json/ont_job_235038.json
[2025-11-09 01:41:54] INFO: Processing job 7/21: Amended - Policy Advisor (11)
[2025-11-09 01:41:54] INFO: Parsing job: Amended - Policy Advisor (11) (ID: 235898)
[2025-11-09 01:41:55] INFO: ✓ Successfully parsed job 235898
[2025-11-09 01:41:55] INFO: Saved job JSON to /Users/agirgis/Downloads/public_jobs_scraper/data/ONT/jobs_json/ont_job_235898.json
[2025-11-09 01:41:57] INFO: Processing job 8/21: Assistant Health Care Manager (1)
[2025-11-09 01:41:57] INFO: Parsing job: Assistant Health Care Manager (1) (ID: 235727)
[2025-11-09 01:41:58] INFO: ✓ Successfully parsed job 235727
[2025-11-09 01:41:58] INFO: Saved job JSON to /Users/agirgis/Downloads/public_jobs_scraper/data/ONT/jobs_json/ont_job_235727.json
[2025-11-09 01:42:00] INFO: Processing job 9/21: Corridor Management Planner (1)
[2025-11-09 01:42:00] INFO: Parsing job: Corridor Management Planner (1) (ID: 235753)
[2025-11-09 01:42:01] INFO: ✓ Successfully parsed job 235753
[2025-11-09 01:42:01] INFO: Saved job JSON to /Users/agirgis/Downloads/public_jobs_scraper/data/ONT/jobs_json/ont_job_235753.json
[2025-11-09 01:42:03] INFO: Processing job 10/21: Resource Management Technician (1)
[2025-11-09 01:42:03] INFO: Parsing job: Resource Management Technician (1) (ID: 235811)
[2025-11-09 01:42:04] INFO: ✓ Successfully parsed job 235811
[2025-11-09 01:42:04] INFO: Saved job JSON to /Users/agirgis/Downloads/public_jobs_scraper/data/ONT/jobs_json/ont_job_235811.json
[2025-11-09 01:42:06] INFO: Processing job 11/21: Lead Engineer, Programs Projects (Asset Management) (1)
[2025-11-09 01:42:06] INFO: Parsing job: Lead Engineer, Programs Projects (Asset Management) (1) (ID: 235001)
[2025-11-09 01:42:07] INFO: ✓ Successfully parsed job 235001
[2025-11-09 01:42:07] INFO: Saved job JSON to /Users/agirgis/Downloads/public_jobs_scraper/data/ONT/jobs_json/ont_job_235001.json
[2025-11-09 01:42:09] INFO: Processing job 12/21: Case Management Coordinator (1)
[2025-11-09 01:42:09] INFO: Parsing job: Case Management Coordinator (1) (ID: 235914)
[2025-11-09 01:42:10] INFO: ✓ Successfully parsed job 235914
[2025-11-09 01:42:10] INFO: Saved job JSON to /Users/agirgis/Downloads/public_jobs_scraper/data/ONT/jobs_json/ont_job_235914.json
[2025-11-09 01:42:12] INFO: Processing job 13/21: Manager, Capital Planning and Delivery - Community Safety (1)
[2025-11-09 01:42:12] INFO: Parsing job: Manager, Capital Planning and Delivery - Community Safety (1) (ID: 235437)
[2025-11-09 01:42:13] INFO: ✓ Successfully parsed job 235437
[2025-11-09 01:42:13] INFO: Saved job JSON to /Users/agirgis/Downloads/public_jobs_scraper/data/ONT/jobs_json/ont_job_235437.json
[2025-11-09 01:42:15] INFO: Processing job 14/21: Manager, Client Relationship & Case Management (1)
[2025-11-09 01:42:15] INFO: Parsing job: Manager, Client Relationship & Case Management (1) (ID: 235420)
[2025-11-09 01:42:16] INFO: ✓ Successfully parsed job 235420
[2025-11-09 01:42:16] INFO: Saved job JSON to /Users/agirgis/Downloads/public_jobs_scraper/data/ONT/jobs_json/ont_job_235420.json
[2025-11-09 01:42:18] INFO: Processing job 15/21: Senior Economic Officer - New York and Mexico (2)
[2025-11-09 01:42:18] INFO: Parsing job: Senior Economic Officer - New York and Mexico (2) (ID: 235262)
[2025-11-09 01:42:19] INFO: ✓ Successfully parsed job 235262
[2025-11-09 01:42:19] INFO: Saved job JSON to /Users/agirgis/Downloads/public_jobs_scraper/data/ONT/jobs_json/ont_job_235262.json
[2025-11-09 01:42:21] INFO: Processing job 16/21: Senior Economic Officer – International Opportunities (London, Munich, Paris, Tokyo) (4)
[2025-11-09 01:42:21] INFO: Parsing job: Senior Economic Officer – International Opportunities (London, Munich, Paris, Tokyo) (4) (ID: 233484)
[2025-11-09 01:42:22] INFO: ✓ Successfully parsed job 233484
[2025-11-09 01:42:22] INFO: Saved job JSON to /Users/agirgis/Downloads/public_jobs_scraper/data/ONT/jobs_json/ont_job_233484.json
[2025-11-09 01:42:24] INFO: Processing job 17/21: Senior Economic Officer, London (1)
[2025-11-09 01:42:24] INFO: Parsing job: Senior Economic Officer, London (1) (ID: 233706)
[2025-11-09 01:42:25] INFO: ✓ Successfully parsed job 233706
[2025-11-09 01:42:25] INFO: Saved job JSON to /Users/agirgis/Downloads/public_jobs_scraper/data/ONT/jobs_json/ont_job_233706.json
[2025-11-09 01:42:27] INFO: Processing job 18/21: Senior Economic Officer, Munich (1)
[2025-11-09 01:42:27] INFO: Parsing job: Senior Economic Officer, Munich (1) (ID: 233707)
[2025-11-09 01:42:28] INFO: ✓ Successfully parsed job 233707
[2025-11-09 01:42:28] INFO: Saved job JSON to /Users/agirgis/Downloads/public_jobs_scraper/data/ONT/jobs_json/ont_job_233707.json
[2025-11-09 01:42:30] INFO: Processing job 19/21: Senior Economic Officer, Paris (1)
[2025-11-09 01:42:30] INFO: Parsing job: Senior Economic Officer, Paris (1) (ID: 233705)
[2025-11-09 01:42:32] INFO: ✓ Successfully parsed job 233705
[2025-11-09 01:42:32] INFO: Saved job JSON to /Users/agirgis/Downloads/public_jobs_scraper/data/ONT/jobs_json/ont_job_233705.json
[2025-11-09 01:42:34] INFO: Processing job 20/21: Senior Economic Officer, Tokyo (1)
[2025-11-09 01:42:34] INFO: Parsing job: Senior Economic Officer, Tokyo (1) (ID: 233702)
[2025-11-09 01:42:35] INFO: ✓ Successfully parsed job 233702
[2025-11-09 01:42:35] INFO: Saved job JSON to /Users/agirgis/Downloads/public_jobs_scraper/data/ONT/jobs_json/ont_job_233702.json
[2025-11-09 01:42:37] INFO: Processing job 21/21: Manager - Psychological Services (1)
[2025-11-09 01:42:37] INFO: Parsing job: Manager - Psychological Services (1) (ID: 234708)
[2025-11-09 01:42:38] INFO: ✓ Successfully parsed job 234708
[2025-11-09 01:42:38] INFO: Saved job JSON to /Users/agirgis/Downloads/public_jobs_scraper/data/ONT/jobs_json/ont_job_234708.json
[2025-11-09 01:42:38] INFO: Successfully scraped 21 jobs
[2025-11-09 01:42:38] INFO: Scraping complete. Total jobs scraped: 21
[2025-11-09 01:42:38] INFO: Closing browser
[2025-11-09 01:42:38] INFO: Ontario Job Scraper finished
